INFO       2022-07-30 22:12:41,845: topic='thrust' sending data='{"currentThrust": 123191000.0}' as format_msg_with_header(msgToSend)=b'55   thrust                   {"currentThrust": 123191000.0}'
DEBUG      2022-07-30 22:12:41,982: Timestep:     0-{'currentThrust': 123191000.0}
INFO       2022-07-30 22:12:41,982: topic='thrust' sending data='{"currentThrust": 123191000.0}' as format_msg_with_header(msgToSend)=b'55   thrust                   {"currentThrust": 123191000.0}'
DEBUG      2022-07-30 22:12:42,225: Timestep:     1-{'currentThrust': 123191000.0}
INFO       2022-07-30 22:12:42,225: topic='thrust' sending data='{"currentThrust": 123191000.0}' as format_msg_with_header(msgToSend)=b'55   thrust                   {"currentThrust": 123191000.0}'
DEBUG      2022-07-30 22:12:42,386: Timestep:     2-{'currentThrust': 123191000.0}
INFO       2022-07-30 22:12:42,386: topic='thrust' sending data='{"currentThrust": 123191000.0}' as format_msg_with_header(msgToSend)=b'55   thrust                   {"currentThrust": 123191000.0}'
DEBUG      2022-07-30 22:12:42,584: Timestep:     3-{'currentThrust': 123191000.0}
INFO       2022-07-30 22:12:42,584: topic='thrust' sending data='{"currentThrust": 123191000.0}' as format_msg_with_header(msgToSend)=b'55   thrust                   {"currentThrust": 123191000.0}'
DEBUG      2022-07-30 22:12:42,837: Timestep:     4-{'currentThrust': 123191000.0}
INFO       2022-07-30 22:12:42,837: topic='thrust' sending data='{"currentThrust": 123191000.0}' as format_msg_with_header(msgToSend)=b'55   thrust                   {"currentThrust": 123191000.0}'
DEBUG      2022-07-30 22:12:43,009: Timestep:     5-{'currentThrust': 123191000.0}
INFO       2022-07-30 22:12:43,009: topic='thrust' sending data='{"currentThrust": 123191000.0}' as format_msg_with_header(msgToSend)=b'55   thrust                   {"currentThrust": 123191000.0}'
DEBUG      2022-07-30 22:12:43,217: Timestep:     6-{'currentThrust': 123191000.0}
INFO       2022-07-30 22:12:43,217: topic='thrust' sending data='{"currentThrust": 123191000.0}' as format_msg_with_header(msgToSend)=b'55   thrust                   {"currentThrust": 123191000.0}'
DEBUG      2022-07-30 22:12:43,438: Timestep:     7-{'currentThrust': 123191000.0}
INFO       2022-07-30 22:12:43,438: topic='thrust' sending data='{"currentThrust": 123191000.0}' as format_msg_with_header(msgToSend)=b'55   thrust                   {"currentThrust": 123191000.0}'
DEBUG      2022-07-30 22:12:43,660: Timestep:     8-{'currentThrust': 123191000.0}
INFO       2022-07-30 22:12:43,660: topic='thrust' sending data='{"currentThrust": 123191000.0}' as format_msg_with_header(msgToSend)=b'55   thrust                   {"currentThrust": 123191000.0}'
DEBUG      2022-07-30 22:12:43,931: Timestep:     9-{'currentThrust': 123191000.0}
INFO       2022-07-30 22:12:43,931: topic='thrust' sending data='{"currentThrust": 123191000.0}' as format_msg_with_header(msgToSend)=b'55   thrust                   {"currentThrust": 123191000.0}'
DEBUG      2022-07-30 22:12:44,154: Timestep:    10-{'currentThrust': 123191000.0}
INFO       2022-07-30 22:12:44,154: topic='thrust' sending data='{"currentThrust": 123191000.0}' as format_msg_with_header(msgToSend)=b'55   thrust                   {"currentThrust": 123191000.0}'
DEBUG      2022-07-30 22:12:44,424: Timestep:    11-{'currentThrust': 123191000.0}
INFO       2022-07-30 22:12:44,424: topic='thrust' sending data='{"currentThrust": 123191000.0}' as format_msg_with_header(msgToSend)=b'55   thrust                   {"currentThrust": 123191000.0}'
DEBUG      2022-07-30 22:12:44,679: Timestep:    12-{'currentThrust': 123191000.0}
INFO       2022-07-30 22:12:44,679: topic='thrust' sending data='{"currentThrust": 123191000.0}' as format_msg_with_header(msgToSend)=b'55   thrust                   {"currentThrust": 123191000.0}'
DEBUG      2022-07-30 22:12:44,931: Timestep:    13-{'currentThrust': 123191000.0}
INFO       2022-07-30 22:12:44,931: topic='thrust' sending data='{"currentThrust": 123191000.0}' as format_msg_with_header(msgToSend)=b'55   thrust                   {"currentThrust": 123191000.0}'
DEBUG      2022-07-30 22:12:45,154: Timestep:    14-{'currentThrust': 123191000.0}
INFO       2022-07-30 22:12:45,154: topic='thrust' sending data='{"currentThrust": 123191000.0}' as format_msg_with_header(msgToSend)=b'55   thrust                   {"currentThrust": 123191000.0}'
DEBUG      2022-07-30 22:12:45,408: Timestep:    15-{'currentThrust': 123191000.0}
INFO       2022-07-30 22:12:45,408: topic='thrust' sending data='{"currentThrust": 123191000.0}' as format_msg_with_header(msgToSend)=b'55   thrust                   {"currentThrust": 123191000.0}'
DEBUG      2022-07-30 22:12:45,693: Timestep:    16-{'currentThrust': 123191000.0}
INFO       2022-07-30 22:12:45,693: topic='thrust' sending data='{"currentThrust": 123191000.0}' as format_msg_with_header(msgToSend)=b'55   thrust                   {"currentThrust": 123191000.0}'
DEBUG      2022-07-30 22:12:45,956: Timestep:    17-{'currentThrust': 123191000.0}
INFO       2022-07-30 22:12:45,956: topic='thrust' sending data='{"currentThrust": 123191000.0}' as format_msg_with_header(msgToSend)=b'55   thrust                   {"currentThrust": 123191000.0}'
DEBUG      2022-07-30 22:12:46,566: Timestep:    18-{'currentThrust': 123191000.0}
INFO       2022-07-30 22:12:46,566: topic='thrust' sending data='{"currentThrust": 123191000.0}' as format_msg_with_header(msgToSend)=b'55   thrust                   {"currentThrust": 123191000.0}'
DEBUG      2022-07-30 22:12:46,936: Timestep:    19-{'currentThrust': 123191000.0}
INFO       2022-07-30 22:12:46,936: topic='thrust' sending data='{"currentThrust": 123191000.0}' as format_msg_with_header(msgToSend)=b'55   thrust                   {"currentThrust": 123191000.0}'
DEBUG      2022-07-30 22:12:47,458: Timestep:    20-{'currentThrust': 123191000.0}
INFO       2022-07-30 22:12:47,458: topic='thrust' sending data='{"currentThrust": 123191000.0}' as format_msg_with_header(msgToSend)=b'55   thrust                   {"currentThrust": 123191000.0}'
DEBUG      2022-07-30 22:12:47,951: Timestep:    21-{'currentThrust': 123191000.0}
INFO       2022-07-30 22:12:47,951: topic='thrust' sending data='{"currentThrust": 123191000.0}' as format_msg_with_header(msgToSend)=b'55   thrust                   {"currentThrust": 123191000.0}'
DEBUG      2022-07-30 22:12:48,459: Timestep:    22-{'currentThrust': 123191000.0}
INFO       2022-07-30 22:12:48,459: topic='thrust' sending data='{"currentThrust": 123191000.0}' as format_msg_with_header(msgToSend)=b'55   thrust                   {"currentThrust": 123191000.0}'
DEBUG      2022-07-30 22:12:48,951: Timestep:    23-{'currentThrust': 123191000.0}
INFO       2022-07-30 22:12:48,951: topic='thrust' sending data='{"currentThrust": 123191000.0}' as format_msg_with_header(msgToSend)=b'55   thrust                   {"currentThrust": 123191000.0}'
DEBUG      2022-07-30 22:12:49,362: Timestep:    24-{'currentThrust': 123191000.0}
INFO       2022-07-30 22:12:49,362: topic='thrust' sending data='{"currentThrust": 123191000.0}' as format_msg_with_header(msgToSend)=b'55   thrust                   {"currentThrust": 123191000.0}'
DEBUG      2022-07-30 22:12:49,761: Timestep:    25-{'currentThrust': 123191000.0}
INFO       2022-07-30 22:12:49,761: topic='thrust' sending data='{"currentThrust": 123191000.0}' as format_msg_with_header(msgToSend)=b'55   thrust                   {"currentThrust": 123191000.0}'
DEBUG      2022-07-30 22:12:50,254: Timestep:    26-{'currentThrust': 123191000.0}
INFO       2022-07-30 22:12:50,254: topic='thrust' sending data='{"currentThrust": 123191000.0}' as format_msg_with_header(msgToSend)=b'55   thrust                   {"currentThrust": 123191000.0}'
DEBUG      2022-07-30 22:12:50,651: Timestep:    27-{'currentThrust': 123191000.0}
INFO       2022-07-30 22:12:50,651: topic='thrust' sending data='{"currentThrust": 123191000.0}' as format_msg_with_header(msgToSend)=b'55   thrust                   {"currentThrust": 123191000.0}'
DEBUG      2022-07-30 22:12:51,050: Timestep:    28-{'currentThrust': 123191000.0}
INFO       2022-07-30 22:12:51,050: topic='thrust' sending data='{"currentThrust": 123191000.0}' as format_msg_with_header(msgToSend)=b'55   thrust                   {"currentThrust": 123191000.0}'
DEBUG      2022-07-30 22:12:51,560: Timestep:    29-{'currentThrust': 123191000.0}
INFO       2022-07-30 22:12:51,560: topic='thrust' sending data='{"currentThrust": 123191000.0}' as format_msg_with_header(msgToSend)=b'55   thrust                   {"currentThrust": 123191000.0}'
DEBUG      2022-07-30 22:12:52,053: Timestep:    30-{'currentThrust': 123191000.0}
INFO       2022-07-30 22:12:52,053: topic='thrust' sending data='{"currentThrust": 123191000.0}' as format_msg_with_header(msgToSend)=b'55   thrust                   {"currentThrust": 123191000.0}'
DEBUG      2022-07-30 22:12:52,435: Timestep:    31-{'currentThrust': 123191000.0}
INFO       2022-07-30 22:12:52,436: topic='thrust' sending data='{"currentThrust": 123191000.0}' as format_msg_with_header(msgToSend)=b'55   thrust                   {"currentThrust": 123191000.0}'
DEBUG      2022-07-30 22:12:53,054: Timestep:    32-{'currentThrust': 123191000.0}
INFO       2022-07-30 22:12:53,054: topic='thrust' sending data='{"currentThrust": 123191000.0}' as format_msg_with_header(msgToSend)=b'55   thrust                   {"currentThrust": 123191000.0}'
DEBUG      2022-07-30 22:12:53,452: Timestep:    33-{'currentThrust': 123191000.0}
INFO       2022-07-30 22:12:53,452: topic='thrust' sending data='{"currentThrust": 123191000.0}' as format_msg_with_header(msgToSend)=b'55   thrust                   {"currentThrust": 123191000.0}'
DEBUG      2022-07-30 22:12:53,850: Timestep:    34-{'currentThrust': 123191000.0}
INFO       2022-07-30 22:12:53,850: topic='thrust' sending data='{"currentThrust": 123191000.0}' as format_msg_with_header(msgToSend)=b'55   thrust                   {"currentThrust": 123191000.0}'
DEBUG      2022-07-30 22:12:54,369: Timestep:    35-{'currentThrust': 123191000.0}
INFO       2022-07-30 22:12:54,369: topic='thrust' sending data='{"currentThrust": 123191000.0}' as format_msg_with_header(msgToSend)=b'55   thrust                   {"currentThrust": 123191000.0}'
DEBUG      2022-07-30 22:12:54,851: Timestep:    36-{'currentThrust': 123191000.0}
INFO       2022-07-30 22:12:54,851: topic='thrust' sending data='{"currentThrust": 123191000.0}' as format_msg_with_header(msgToSend)=b'55   thrust                   {"currentThrust": 123191000.0}'
DEBUG      2022-07-30 22:12:55,344: Timestep:    37-{'currentThrust': 123191000.0}
INFO       2022-07-30 22:12:55,344: topic='thrust' sending data='{"currentThrust": 123191000.0}' as format_msg_with_header(msgToSend)=b'55   thrust                   {"currentThrust": 123191000.0}'
DEBUG      2022-07-30 22:12:55,846: Timestep:    38-{'currentThrust': 123191000.0}
INFO       2022-07-30 22:12:55,846: topic='thrust' sending data='{"currentThrust": 123191000.0}' as format_msg_with_header(msgToSend)=b'55   thrust                   {"currentThrust": 123191000.0}'
DEBUG      2022-07-30 22:12:56,151: Timestep:    39-{'currentThrust': 123191000.0}
INFO       2022-07-30 22:12:56,152: topic='thrust' sending data='{"currentThrust": 123191000.0}' as format_msg_with_header(msgToSend)=b'55   thrust                   {"currentThrust": 123191000.0}'
DEBUG      2022-07-30 22:12:56,659: Timestep:    40-{'currentThrust': 123191000.0}
INFO       2022-07-30 22:12:56,660: topic='thrust' sending data='{"currentThrust": 123191000.0}' as format_msg_with_header(msgToSend)=b'55   thrust                   {"currentThrust": 123191000.0}'
DEBUG      2022-07-30 22:12:57,262: Timestep:    41-{'currentThrust': 123191000.0}
INFO       2022-07-30 22:12:57,263: topic='thrust' sending data='{"currentThrust": 123191000.0}' as format_msg_with_header(msgToSend)=b'55   thrust                   {"currentThrust": 123191000.0}'
DEBUG      2022-07-30 22:12:57,848: Timestep:    42-{'currentThrust': 123191000.0}
INFO       2022-07-30 22:12:57,850: topic='thrust' sending data='{"currentThrust": 123191000.0}' as format_msg_with_header(msgToSend)=b'55   thrust                   {"currentThrust": 123191000.0}'
DEBUG      2022-07-30 22:12:58,264: Timestep:    43-{'currentThrust': 123191000.0}
INFO       2022-07-30 22:12:58,265: topic='thrust' sending data='{"currentThrust": 123191000.0}' as format_msg_with_header(msgToSend)=b'55   thrust                   {"currentThrust": 123191000.0}'
DEBUG      2022-07-30 22:12:58,849: Timestep:    44-{'currentThrust': 123191000.0}
INFO       2022-07-30 22:12:58,851: topic='thrust' sending data='{"currentThrust": 123191000.0}' as format_msg_with_header(msgToSend)=b'55   thrust                   {"currentThrust": 123191000.0}'
DEBUG      2022-07-30 22:12:59,361: Timestep:    45-{'currentThrust': 123191000.0}
INFO       2022-07-30 22:12:59,362: topic='thrust' sending data='{"currentThrust": 123191000.0}' as format_msg_with_header(msgToSend)=b'55   thrust                   {"currentThrust": 123191000.0}'
DEBUG      2022-07-30 22:12:59,935: Timestep:    46-{'currentThrust': 123191000.0}
INFO       2022-07-30 22:12:59,936: topic='thrust' sending data='{"currentThrust": 123191000.0}' as format_msg_with_header(msgToSend)=b'55   thrust                   {"currentThrust": 123191000.0}'
DEBUG      2022-07-30 22:13:00,347: Timestep:    47-{'currentThrust': 123191000.0}
INFO       2022-07-30 22:13:00,349: topic='thrust' sending data='{"currentThrust": 123191000.0}' as format_msg_with_header(msgToSend)=b'55   thrust                   {"currentThrust": 123191000.0}'
DEBUG      2022-07-30 22:13:00,746: Timestep:    48-{'currentThrust': 123191000.0}
INFO       2022-07-30 22:13:00,748: topic='thrust' sending data='{"currentThrust": 123191000.0}' as format_msg_with_header(msgToSend)=b'55   thrust                   {"currentThrust": 123191000.0}'
DEBUG      2022-07-30 22:13:01,142: Timestep:    49-{'currentThrust': 123191000.0}
INFO       2022-07-30 22:13:01,144: topic='thrust' sending data='{"currentThrust": 123191000.0}' as format_msg_with_header(msgToSend)=b'55   thrust                   {"currentThrust": 123191000.0}'
DEBUG      2022-07-30 22:13:01,473: Timestep:    50-{'currentThrust': 123191000.0}
INFO       2022-07-30 22:13:01,474: topic='thrust' sending data='{"currentThrust": 123191000.0}' as format_msg_with_header(msgToSend)=b'55   thrust                   {"currentThrust": 123191000.0}'
DEBUG      2022-07-30 22:13:02,052: Timestep:    51-{'currentThrust': 123191000.0}
INFO       2022-07-30 22:13:02,053: topic='thrust' sending data='{"currentThrust": 123191000.0}' as format_msg_with_header(msgToSend)=b'55   thrust                   {"currentThrust": 123191000.0}'
DEBUG      2022-07-30 22:13:02,567: Timestep:    52-{'currentThrust': 123191000.0}
INFO       2022-07-30 22:13:02,569: topic='thrust' sending data='{"currentThrust": 123191000.0}' as format_msg_with_header(msgToSend)=b'55   thrust                   {"currentThrust": 123191000.0}'
DEBUG      2022-07-30 22:13:03,169: Timestep:    53-{'currentThrust': 123191000.0}
INFO       2022-07-30 22:13:03,171: topic='thrust' sending data='{"currentThrust": 123191000.0}' as format_msg_with_header(msgToSend)=b'55   thrust                   {"currentThrust": 123191000.0}'
DEBUG      2022-07-30 22:13:03,573: Timestep:    54-{'currentThrust': 123191000.0}
INFO       2022-07-30 22:13:03,575: topic='thrust' sending data='{"currentThrust": 123191000.0}' as format_msg_with_header(msgToSend)=b'55   thrust                   {"currentThrust": 123191000.0}'
DEBUG      2022-07-30 22:13:04,052: Timestep:    55-{'currentThrust': 123191000.0}
INFO       2022-07-30 22:13:04,072: topic='thrust' sending data='{"currentThrust": 123191000.0}' as format_msg_with_header(msgToSend)=b'55   thrust                   {"currentThrust": 123191000.0}'
DEBUG      2022-07-30 22:13:04,680: Timestep:    56-{'currentThrust': 123191000.0}
INFO       2022-07-30 22:13:04,681: topic='thrust' sending data='{"currentThrust": 123191000.0}' as format_msg_with_header(msgToSend)=b'55   thrust                   {"currentThrust": 123191000.0}'
DEBUG      2022-07-30 22:13:05,153: Timestep:    57-{'currentThrust': 123191000.0}
INFO       2022-07-30 22:13:05,155: topic='thrust' sending data='{"currentThrust": 123191000.0}' as format_msg_with_header(msgToSend)=b'55   thrust                   {"currentThrust": 123191000.0}'
DEBUG      2022-07-30 22:13:05,545: Timestep:    58-{'currentThrust': 123191000.0}
INFO       2022-07-30 22:13:05,546: topic='thrust' sending data='{"currentThrust": 123191000.0}' as format_msg_with_header(msgToSend)=b'55   thrust                   {"currentThrust": 123191000.0}'
DEBUG      2022-07-30 22:13:05,943: Timestep:    59-{'currentThrust': 123191000.0}
INFO       2022-07-30 22:13:05,945: topic='thrust' sending data='{"currentThrust": 123191000.0}' as format_msg_with_header(msgToSend)=b'55   thrust                   {"currentThrust": 123191000.0}'
DEBUG      2022-07-30 22:13:06,539: Timestep:    60-{'currentThrust': 123191000.0}
INFO       2022-07-30 22:13:06,540: topic='thrust' sending data='{"currentThrust": 123191000.0}' as format_msg_with_header(msgToSend)=b'55   thrust                   {"currentThrust": 123191000.0}'
DEBUG      2022-07-30 22:13:06,948: Timestep:    61-{'currentThrust': 123191000.0}
INFO       2022-07-30 22:13:06,949: topic='thrust' sending data='{"currentThrust": 123191000.0}' as format_msg_with_header(msgToSend)=b'55   thrust                   {"currentThrust": 123191000.0}'
DEBUG      2022-07-30 22:13:07,567: Timestep:    62-{'currentThrust': 123191000.0}
INFO       2022-07-30 22:13:07,569: topic='thrust' sending data='{"currentThrust": 123191000.0}' as format_msg_with_header(msgToSend)=b'55   thrust                   {"currentThrust": 123191000.0}'
DEBUG      2022-07-30 22:13:08,062: Timestep:    63-{'currentThrust': 123191000.0}
INFO       2022-07-30 22:13:08,063: topic='thrust' sending data='{"currentThrust": 123191000.0}' as format_msg_with_header(msgToSend)=b'55   thrust                   {"currentThrust": 123191000.0}'
DEBUG      2022-07-30 22:13:08,763: Timestep:    64-{'currentThrust': 123191000.0}
INFO       2022-07-30 22:13:08,765: topic='thrust' sending data='{"currentThrust": 123191000.0}' as format_msg_with_header(msgToSend)=b'55   thrust                   {"currentThrust": 123191000.0}'
DEBUG      2022-07-30 22:13:09,163: Timestep:    65-{'currentThrust': 123191000.0}
INFO       2022-07-30 22:13:09,164: topic='thrust' sending data='{"currentThrust": 123191000.0}' as format_msg_with_header(msgToSend)=b'55   thrust                   {"currentThrust": 123191000.0}'
DEBUG      2022-07-30 22:13:09,754: Timestep:    66-{'currentThrust': 123191000.0}
INFO       2022-07-30 22:13:09,755: topic='thrust' sending data='{"currentThrust": 123191000.0}' as format_msg_with_header(msgToSend)=b'55   thrust                   {"currentThrust": 123191000.0}'
DEBUG      2022-07-30 22:13:10,276: Timestep:    67-{'currentThrust': 123191000.0}
INFO       2022-07-30 22:13:10,278: topic='thrust' sending data='{"currentThrust": 123191000.0}' as format_msg_with_header(msgToSend)=b'55   thrust                   {"currentThrust": 123191000.0}'
DEBUG      2022-07-30 22:13:10,754: Timestep:    68-{'currentThrust': 123191000.0}
INFO       2022-07-30 22:13:10,756: topic='thrust' sending data='{"currentThrust": 123191000.0}' as format_msg_with_header(msgToSend)=b'55   thrust                   {"currentThrust": 123191000.0}'
DEBUG      2022-07-30 22:13:11,151: Timestep:    69-{'currentThrust': 123191000.0}
INFO       2022-07-30 22:13:11,153: topic='thrust' sending data='{"currentThrust": 123191000.0}' as format_msg_with_header(msgToSend)=b'55   thrust                   {"currentThrust": 123191000.0}'
DEBUG      2022-07-30 22:13:11,661: Timestep:    70-{'currentThrust': 123191000.0}
INFO       2022-07-30 22:13:11,662: topic='thrust' sending data='{"currentThrust": 123191000.0}' as format_msg_with_header(msgToSend)=b'55   thrust                   {"currentThrust": 123191000.0}'
DEBUG      2022-07-30 22:13:12,145: Timestep:    71-{'currentThrust': 123191000.0}
INFO       2022-07-30 22:13:12,146: topic='thrust' sending data='{"currentThrust": 123191000.0}' as format_msg_with_header(msgToSend)=b'55   thrust                   {"currentThrust": 123191000.0}'
DEBUG      2022-07-30 22:13:12,551: Timestep:    72-{'currentThrust': 123191000.0}
INFO       2022-07-30 22:13:12,553: topic='thrust' sending data='{"currentThrust": 123191000.0}' as format_msg_with_header(msgToSend)=b'55   thrust                   {"currentThrust": 123191000.0}'
DEBUG      2022-07-30 22:13:13,062: Timestep:    73-{'currentThrust': 123191000.0}
INFO       2022-07-30 22:13:13,063: topic='thrust' sending data='{"currentThrust": 123191000.0}' as format_msg_with_header(msgToSend)=b'55   thrust                   {"currentThrust": 123191000.0}'
DEBUG      2022-07-30 22:13:13,639: Timestep:    74-{'currentThrust': 123191000.0}
INFO       2022-07-30 22:13:13,640: topic='thrust' sending data='{"currentThrust": 123191000.0}' as format_msg_with_header(msgToSend)=b'55   thrust                   {"currentThrust": 123191000.0}'
DEBUG      2022-07-30 22:13:14,238: Timestep:    75-{'currentThrust': 123191000.0}
INFO       2022-07-30 22:13:14,240: topic='thrust' sending data='{"currentThrust": 123191000.0}' as format_msg_with_header(msgToSend)=b'55   thrust                   {"currentThrust": 123191000.0}'
DEBUG      2022-07-30 22:13:14,649: Timestep:    76-{'currentThrust': 123191000.0}
INFO       2022-07-30 22:13:14,650: topic='thrust' sending data='{"currentThrust": 123191000.0}' as format_msg_with_header(msgToSend)=b'55   thrust                   {"currentThrust": 123191000.0}'
DEBUG      2022-07-30 22:13:15,052: Timestep:    77-{'currentThrust': 123191000.0}
INFO       2022-07-30 22:13:15,054: topic='thrust' sending data='{"currentThrust": 123191000.0}' as format_msg_with_header(msgToSend)=b'55   thrust                   {"currentThrust": 123191000.0}'
DEBUG      2022-07-30 22:13:15,481: Timestep:    78-{'currentThrust': 123191000.0}
INFO       2022-07-30 22:13:15,483: topic='thrust' sending data='{"currentThrust": 123191000.0}' as format_msg_with_header(msgToSend)=b'55   thrust                   {"currentThrust": 123191000.0}'
DEBUG      2022-07-30 22:13:15,969: Timestep:    79-{'currentThrust': 123191000.0}
INFO       2022-07-30 22:13:15,971: topic='thrust' sending data='{"currentThrust": 123191000.0}' as format_msg_with_header(msgToSend)=b'55   thrust                   {"currentThrust": 123191000.0}'
DEBUG      2022-07-30 22:13:16,351: Timestep:    80-{'currentThrust': 123191000.0}
INFO       2022-07-30 22:13:16,353: topic='thrust' sending data='{"currentThrust": 123191000.0}' as format_msg_with_header(msgToSend)=b'55   thrust                   {"currentThrust": 123191000.0}'
DEBUG      2022-07-30 22:13:16,862: Timestep:    81-{'currentThrust': 123191000.0}
INFO       2022-07-30 22:13:16,863: topic='thrust' sending data='{"currentThrust": 123191000.0}' as format_msg_with_header(msgToSend)=b'55   thrust                   {"currentThrust": 123191000.0}'
DEBUG      2022-07-30 22:13:17,439: Timestep:    82-{'currentThrust': 123191000.0}
INFO       2022-07-30 22:13:17,440: topic='thrust' sending data='{"currentThrust": 123191000.0}' as format_msg_with_header(msgToSend)=b'55   thrust                   {"currentThrust": 123191000.0}'
DEBUG      2022-07-30 22:13:17,845: Timestep:    83-{'currentThrust': 123191000.0}
INFO       2022-07-30 22:13:17,847: topic='thrust' sending data='{"currentThrust": 123191000.0}' as format_msg_with_header(msgToSend)=b'55   thrust                   {"currentThrust": 123191000.0}'
DEBUG      2022-07-30 22:13:18,352: Timestep:    84-{'currentThrust': 123191000.0}
INFO       2022-07-30 22:13:18,354: topic='thrust' sending data='{"currentThrust": 123191000.0}' as format_msg_with_header(msgToSend)=b'55   thrust                   {"currentThrust": 123191000.0}'
DEBUG      2022-07-30 22:13:18,892: Timestep:    85-{'currentThrust': 123191000.0}
INFO       2022-07-30 22:13:18,894: topic='thrust' sending data='{"currentThrust": 123191000.0}' as format_msg_with_header(msgToSend)=b'55   thrust                   {"currentThrust": 123191000.0}'
DEBUG      2022-07-30 22:13:19,545: Timestep:    86-{'currentThrust': 123191000.0}
INFO       2022-07-30 22:13:19,547: topic='thrust' sending data='{"currentThrust": 123191000.0}' as format_msg_with_header(msgToSend)=b'55   thrust                   {"currentThrust": 123191000.0}'
DEBUG      2022-07-30 22:13:20,051: Timestep:    87-{'currentThrust': 123191000.0}
INFO       2022-07-30 22:13:20,053: topic='thrust' sending data='{"currentThrust": 123191000.0}' as format_msg_with_header(msgToSend)=b'55   thrust                   {"currentThrust": 123191000.0}'
DEBUG      2022-07-30 22:13:20,545: Timestep:    88-{'currentThrust': 123191000.0}
INFO       2022-07-30 22:13:20,547: topic='thrust' sending data='{"currentThrust": 123191000.0}' as format_msg_with_header(msgToSend)=b'55   thrust                   {"currentThrust": 123191000.0}'
DEBUG      2022-07-30 22:13:21,054: Timestep:    89-{'currentThrust': 123191000.0}
INFO       2022-07-30 22:13:21,056: topic='thrust' sending data='{"currentThrust": 123191000.0}' as format_msg_with_header(msgToSend)=b'55   thrust                   {"currentThrust": 123191000.0}'
DEBUG      2022-07-30 22:13:21,449: Timestep:    90-{'currentThrust': 123191000.0}
INFO       2022-07-30 22:13:21,451: topic='thrust' sending data='{"currentThrust": 123191000.0}' as format_msg_with_header(msgToSend)=b'55   thrust                   {"currentThrust": 123191000.0}'
DEBUG      2022-07-30 22:13:21,863: Timestep:    91-{'currentThrust': 123191000.0}
INFO       2022-07-30 22:13:21,865: topic='thrust' sending data='{"currentThrust": 123191000.0}' as format_msg_with_header(msgToSend)=b'55   thrust                   {"currentThrust": 123191000.0}'
DEBUG      2022-07-30 22:13:22,354: Timestep:    92-{'currentThrust': 123191000.0}
INFO       2022-07-30 22:13:22,355: topic='thrust' sending data='{"currentThrust": 123191000.0}' as format_msg_with_header(msgToSend)=b'55   thrust                   {"currentThrust": 123191000.0}'
DEBUG      2022-07-30 22:13:22,743: Timestep:    93-{'currentThrust': 123191000.0}
INFO       2022-07-30 22:13:22,744: topic='thrust' sending data='{"currentThrust": 123191000.0}' as format_msg_with_header(msgToSend)=b'55   thrust                   {"currentThrust": 123191000.0}'
DEBUG      2022-07-30 22:13:23,148: Timestep:    94-{'currentThrust': 123191000.0}
INFO       2022-07-30 22:13:23,149: topic='thrust' sending data='{"currentThrust": 123191000.0}' as format_msg_with_header(msgToSend)=b'55   thrust                   {"currentThrust": 123191000.0}'
DEBUG      2022-07-30 22:13:23,547: Timestep:    95-{'currentThrust': 123191000.0}
INFO       2022-07-30 22:13:23,548: topic='thrust' sending data='{"currentThrust": 123191000.0}' as format_msg_with_header(msgToSend)=b'55   thrust                   {"currentThrust": 123191000.0}'
DEBUG      2022-07-30 22:13:23,958: Timestep:    96-{'currentThrust': 123191000.0}
INFO       2022-07-30 22:13:23,958: topic='thrust' sending data='{"currentThrust": 123191000.0}' as format_msg_with_header(msgToSend)=b'55   thrust                   {"currentThrust": 123191000.0}'
DEBUG      2022-07-30 22:13:24,467: Timestep:    97-{'currentThrust': 123191000.0}
INFO       2022-07-30 22:13:24,467: topic='thrust' sending data='{"currentThrust": 123191000.0}' as format_msg_with_header(msgToSend)=b'55   thrust                   {"currentThrust": 123191000.0}'
DEBUG      2022-07-30 22:13:24,965: Timestep:    98-{'currentThrust': 123191000.0}
INFO       2022-07-30 22:13:24,965: topic='thrust' sending data='{"currentThrust": 123191000.0}' as format_msg_with_header(msgToSend)=b'55   thrust                   {"currentThrust": 123191000.0}'
DEBUG      2022-07-30 22:13:25,538: Timestep:    99-{'currentThrust': 123191000.0}
INFO       2022-07-30 22:13:25,538: topic='thrust' sending data='{"currentThrust": 123191000.0}' as format_msg_with_header(msgToSend)=b'55   thrust                   {"currentThrust": 123191000.0}'
DEBUG      2022-07-30 22:13:26,059: Timestep:   100-{'currentThrust': 123191000.0}
INFO       2022-07-30 22:13:26,059: topic='thrust' sending data='{"currentThrust": 123191000.0}' as format_msg_with_header(msgToSend)=b'55   thrust                   {"currentThrust": 123191000.0}'
DEBUG      2022-07-30 22:13:26,570: Timestep:   101-{'currentThrust': 123191000.0}
INFO       2022-07-30 22:13:26,570: topic='thrust' sending data='{"currentThrust": 123191000.0}' as format_msg_with_header(msgToSend)=b'55   thrust                   {"currentThrust": 123191000.0}'
DEBUG      2022-07-30 22:13:27,174: Timestep:   102-{'currentThrust': 123191000.0}
INFO       2022-07-30 22:13:27,174: topic='thrust' sending data='{"currentThrust": 123191000.0}' as format_msg_with_header(msgToSend)=b'55   thrust                   {"currentThrust": 123191000.0}'
DEBUG      2022-07-30 22:13:27,653: Timestep:   103-{'currentThrust': 123191000.0}
INFO       2022-07-30 22:13:27,653: topic='thrust' sending data='{"currentThrust": 123191000.0}' as format_msg_with_header(msgToSend)=b'55   thrust                   {"currentThrust": 123191000.0}'
DEBUG      2022-07-30 22:13:28,052: Timestep:   104-{'currentThrust': 123191000.0}
INFO       2022-07-30 22:13:28,052: topic='thrust' sending data='{"currentThrust": 123191000.0}' as format_msg_with_header(msgToSend)=b'55   thrust                   {"currentThrust": 123191000.0}'
DEBUG      2022-07-30 22:13:28,450: Timestep:   105-{'currentThrust': 123191000.0}
INFO       2022-07-30 22:13:28,450: topic='thrust' sending data='{"currentThrust": 123191000.0}' as format_msg_with_header(msgToSend)=b'55   thrust                   {"currentThrust": 123191000.0}'
DEBUG      2022-07-30 22:13:28,945: Timestep:   106-{'currentThrust': 123191000.0}
INFO       2022-07-30 22:13:28,945: topic='thrust' sending data='{"currentThrust": 123191000.0}' as format_msg_with_header(msgToSend)=b'55   thrust                   {"currentThrust": 123191000.0}'
DEBUG      2022-07-30 22:13:29,563: Timestep:   107-{'currentThrust': 123191000.0}
INFO       2022-07-30 22:13:29,563: topic='thrust' sending data='{"currentThrust": 123191000.0}' as format_msg_with_header(msgToSend)=b'55   thrust                   {"currentThrust": 123191000.0}'
DEBUG      2022-07-30 22:13:30,152: Timestep:   108-{'currentThrust': 123191000.0}
INFO       2022-07-30 22:13:30,152: topic='thrust' sending data='{"currentThrust": 123191000.0}' as format_msg_with_header(msgToSend)=b'55   thrust                   {"currentThrust": 123191000.0}'
DEBUG      2022-07-30 22:13:30,547: Timestep:   109-{'currentThrust': 123191000.0}
INFO       2022-07-30 22:13:30,547: topic='thrust' sending data='{"currentThrust": 123191000.0}' as format_msg_with_header(msgToSend)=b'55   thrust                   {"currentThrust": 123191000.0}'
DEBUG      2022-07-30 22:13:31,153: Timestep:   110-{'currentThrust': 123191000.0}
INFO       2022-07-30 22:13:31,153: topic='thrust' sending data='{"currentThrust": 123191000.0}' as format_msg_with_header(msgToSend)=b'55   thrust                   {"currentThrust": 123191000.0}'
DEBUG      2022-07-30 22:13:31,553: Timestep:   111-{'currentThrust': 123191000.0}
INFO       2022-07-30 22:13:31,553: topic='thrust' sending data='{"currentThrust": 123191000.0}' as format_msg_with_header(msgToSend)=b'55   thrust                   {"currentThrust": 123191000.0}'
DEBUG      2022-07-30 22:13:31,952: Timestep:   112-{'currentThrust': 123191000.0}
INFO       2022-07-30 22:13:31,952: topic='thrust' sending data='{"currentThrust": 123191000.0}' as format_msg_with_header(msgToSend)=b'55   thrust                   {"currentThrust": 123191000.0}'
DEBUG      2022-07-30 22:13:32,460: Timestep:   113-{'currentThrust': 123191000.0}
INFO       2022-07-30 22:13:32,460: topic='thrust' sending data='{"currentThrust": 123191000.0}' as format_msg_with_header(msgToSend)=b'55   thrust                   {"currentThrust": 123191000.0}'
DEBUG      2022-07-30 22:13:32,950: Timestep:   114-{'currentThrust': 123191000.0}
INFO       2022-07-30 22:13:32,950: topic='thrust' sending data='{"currentThrust": 123191000.0}' as format_msg_with_header(msgToSend)=b'55   thrust                   {"currentThrust": 123191000.0}'
DEBUG      2022-07-30 22:13:33,460: Timestep:   115-{'currentThrust': 123191000.0}
INFO       2022-07-30 22:13:33,460: topic='thrust' sending data='{"currentThrust": 123191000.0}' as format_msg_with_header(msgToSend)=b'55   thrust                   {"currentThrust": 123191000.0}'
DEBUG      2022-07-30 22:13:34,050: Timestep:   116-{'currentThrust': 123191000.0}
INFO       2022-07-30 22:13:34,050: topic='thrust' sending data='{"currentThrust": 123191000.0}' as format_msg_with_header(msgToSend)=b'55   thrust                   {"currentThrust": 123191000.0}'
DEBUG      2022-07-30 22:13:34,433: Timestep:   117-{'currentThrust': 123191000.0}
INFO       2022-07-30 22:13:34,433: topic='thrust' sending data='{"currentThrust": 123191000.0}' as format_msg_with_header(msgToSend)=b'55   thrust                   {"currentThrust": 123191000.0}'
DEBUG      2022-07-30 22:13:34,847: Timestep:   118-{'currentThrust': 123191000.0}
INFO       2022-07-30 22:13:34,847: topic='thrust' sending data='{"currentThrust": 123191000.0}' as format_msg_with_header(msgToSend)=b'55   thrust                   {"currentThrust": 123191000.0}'
DEBUG      2022-07-30 22:13:35,451: Timestep:   119-{'currentThrust': 123191000.0}
INFO       2022-07-30 22:13:35,451: topic='thrust' sending data='{"currentThrust": 123191000.0}' as format_msg_with_header(msgToSend)=b'55   thrust                   {"currentThrust": 123191000.0}'
DEBUG      2022-07-30 22:13:35,754: Timestep:   120-{'currentThrust': 123191000.0}
INFO       2022-07-30 22:13:35,754: topic='thrust' sending data='{"currentThrust": 123191000.0}' as format_msg_with_header(msgToSend)=b'55   thrust                   {"currentThrust": 123191000.0}'
DEBUG      2022-07-30 22:13:36,151: Timestep:   121-{'currentThrust': 123191000.0}
INFO       2022-07-30 22:13:36,151: topic='thrust' sending data='{"currentThrust": 123191000.0}' as format_msg_with_header(msgToSend)=b'55   thrust                   {"currentThrust": 123191000.0}'
DEBUG      2022-07-30 22:13:36,663: Timestep:   122-{'currentThrust': 123191000.0}
INFO       2022-07-30 22:13:36,663: topic='thrust' sending data='{"currentThrust": 123191000.0}' as format_msg_with_header(msgToSend)=b'55   thrust                   {"currentThrust": 123191000.0}'
DEBUG      2022-07-30 22:13:37,241: Timestep:   123-{'currentThrust': 123191000.0}
INFO       2022-07-30 22:13:37,242: topic='thrust' sending data='{"currentThrust": 123191000.0}' as format_msg_with_header(msgToSend)=b'55   thrust                   {"currentThrust": 123191000.0}'
DEBUG      2022-07-30 22:13:37,654: Timestep:   124-{'currentThrust': 123191000.0}
INFO       2022-07-30 22:13:37,654: topic='thrust' sending data='{"currentThrust": 123191000.0}' as format_msg_with_header(msgToSend)=b'55   thrust                   {"currentThrust": 123191000.0}'
DEBUG      2022-07-30 22:13:38,053: Timestep:   125-{'currentThrust': 123191000.0}
INFO       2022-07-30 22:13:38,053: topic='thrust' sending data='{"currentThrust": 123191000.0}' as format_msg_with_header(msgToSend)=b'55   thrust                   {"currentThrust": 123191000.0}'
DEBUG      2022-07-30 22:13:38,668: Timestep:   126-{'currentThrust': 123191000.0}
INFO       2022-07-30 22:13:38,668: topic='thrust' sending data='{"currentThrust": 123191000.0}' as format_msg_with_header(msgToSend)=b'55   thrust                   {"currentThrust": 123191000.0}'
DEBUG      2022-07-30 22:13:39,157: Timestep:   127-{'currentThrust': 123191000.0}
INFO       2022-07-30 22:13:39,157: topic='thrust' sending data='{"currentThrust": 123191000.0}' as format_msg_with_header(msgToSend)=b'55   thrust                   {"currentThrust": 123191000.0}'
DEBUG      2022-07-30 22:13:39,551: Timestep:   128-{'currentThrust': 123191000.0}
INFO       2022-07-30 22:13:39,551: topic='thrust' sending data='{"currentThrust": 123191000.0}' as format_msg_with_header(msgToSend)=b'55   thrust                   {"currentThrust": 123191000.0}'
DEBUG      2022-07-30 22:13:39,965: Timestep:   129-{'currentThrust': 123191000.0}
INFO       2022-07-30 22:13:39,965: topic='thrust' sending data='{"currentThrust": 123191000.0}' as format_msg_with_header(msgToSend)=b'55   thrust                   {"currentThrust": 123191000.0}'
DEBUG      2022-07-30 22:13:40,362: Timestep:   130-{'currentThrust': 123191000.0}
INFO       2022-07-30 22:13:40,362: topic='thrust' sending data='{"currentThrust": 123191000.0}' as format_msg_with_header(msgToSend)=b'55   thrust                   {"currentThrust": 123191000.0}'
DEBUG      2022-07-30 22:13:40,745: Timestep:   131-{'currentThrust': 123191000.0}
INFO       2022-07-30 22:13:40,745: topic='thrust' sending data='{"currentThrust": 123191000.0}' as format_msg_with_header(msgToSend)=b'55   thrust                   {"currentThrust": 123191000.0}'
DEBUG      2022-07-30 22:13:41,347: Timestep:   132-{'currentThrust': 123191000.0}
INFO       2022-07-30 22:13:41,347: topic='thrust' sending data='{"currentThrust": 123191000.0}' as format_msg_with_header(msgToSend)=b'55   thrust                   {"currentThrust": 123191000.0}'
DEBUG      2022-07-30 22:13:41,760: Timestep:   133-{'currentThrust': 123191000.0}
INFO       2022-07-30 22:13:41,760: topic='thrust' sending data='{"currentThrust": 123191000.0}' as format_msg_with_header(msgToSend)=b'55   thrust                   {"currentThrust": 123191000.0}'
DEBUG      2022-07-30 22:13:42,352: Timestep:   134-{'currentThrust': 123191000.0}
INFO       2022-07-30 22:13:42,352: topic='thrust' sending data='{"currentThrust": 123191000.0}' as format_msg_with_header(msgToSend)=b'55   thrust                   {"currentThrust": 123191000.0}'
DEBUG      2022-07-30 22:13:42,748: Timestep:   135-{'currentThrust': 123191000.0}
INFO       2022-07-30 22:13:42,748: topic='thrust' sending data='{"currentThrust": 123191000.0}' as format_msg_with_header(msgToSend)=b'55   thrust                   {"currentThrust": 123191000.0}'
DEBUG      2022-07-30 22:13:43,155: Timestep:   136-{'currentThrust': 123191000.0}
INFO       2022-07-30 22:13:43,155: topic='thrust' sending data='{"currentThrust": 123191000.0}' as format_msg_with_header(msgToSend)=b'55   thrust                   {"currentThrust": 123191000.0}'
DEBUG      2022-07-30 22:13:43,735: Timestep:   137-{'currentThrust': 123191000.0}
INFO       2022-07-30 22:13:43,735: topic='thrust' sending data='{"currentThrust": 123191000.0}' as format_msg_with_header(msgToSend)=b'55   thrust                   {"currentThrust": 123191000.0}'
DEBUG      2022-07-30 22:13:44,283: Timestep:   138-{'currentThrust': 123191000.0}
INFO       2022-07-30 22:13:44,283: topic='thrust' sending data='{"currentThrust": 123191000.0}' as format_msg_with_header(msgToSend)=b'55   thrust                   {"currentThrust": 123191000.0}'
DEBUG      2022-07-30 22:13:44,847: Timestep:   139-{'currentThrust': 123191000.0}
INFO       2022-07-30 22:13:44,847: topic='thrust' sending data='{"currentThrust": 123191000.0}' as format_msg_with_header(msgToSend)=b'55   thrust                   {"currentThrust": 123191000.0}'
DEBUG      2022-07-30 22:13:45,261: Timestep:   140-{'currentThrust': 123191000.0}
INFO       2022-07-30 22:13:45,261: topic='thrust' sending data='{"currentThrust": 123191000.0}' as format_msg_with_header(msgToSend)=b'55   thrust                   {"currentThrust": 123191000.0}'
DEBUG      2022-07-30 22:13:45,563: Timestep:   141-{'currentThrust': 123191000.0}
INFO       2022-07-30 22:13:45,563: topic='thrust' sending data='{"currentThrust": 123191000.0}' as format_msg_with_header(msgToSend)=b'55   thrust                   {"currentThrust": 123191000.0}'
DEBUG      2022-07-30 22:13:46,055: Timestep:   142-{'currentThrust': 123191000.0}
INFO       2022-07-30 22:13:46,055: topic='thrust' sending data='{"currentThrust": 123191000.0}' as format_msg_with_header(msgToSend)=b'55   thrust                   {"currentThrust": 123191000.0}'
DEBUG      2022-07-30 22:13:46,449: Timestep:   143-{'currentThrust': 123191000.0}
INFO       2022-07-30 22:13:46,449: topic='thrust' sending data='{"currentThrust": 123191000.0}' as format_msg_with_header(msgToSend)=b'55   thrust                   {"currentThrust": 123191000.0}'
DEBUG      2022-07-30 22:13:46,962: Timestep:   144-{'currentThrust': 123191000.0}
INFO       2022-07-30 22:13:46,962: topic='thrust' sending data='{"currentThrust": 123191000.0}' as format_msg_with_header(msgToSend)=b'55   thrust                   {"currentThrust": 123191000.0}'
DEBUG      2022-07-30 22:13:47,662: Timestep:   145-{'currentThrust': 123191000.0}
INFO       2022-07-30 22:13:47,662: topic='thrust' sending data='{"currentThrust": 123191000.0}' as format_msg_with_header(msgToSend)=b'55   thrust                   {"currentThrust": 123191000.0}'
DEBUG      2022-07-30 22:13:48,251: Timestep:   146-{'currentThrust': 123191000.0}
INFO       2022-07-30 22:13:48,251: topic='thrust' sending data='{"currentThrust": 123191000.0}' as format_msg_with_header(msgToSend)=b'55   thrust                   {"currentThrust": 123191000.0}'
DEBUG      2022-07-30 22:13:48,664: Timestep:   147-{'currentThrust': 123191000.0}
INFO       2022-07-30 22:13:48,664: topic='thrust' sending data='{"currentThrust": 123191000.0}' as format_msg_with_header(msgToSend)=b'55   thrust                   {"currentThrust": 123191000.0}'
DEBUG      2022-07-30 22:13:49,250: Timestep:   148-{'currentThrust': 123191000.0}
INFO       2022-07-30 22:13:49,250: topic='thrust' sending data='{"currentThrust": 123191000.0}' as format_msg_with_header(msgToSend)=b'55   thrust                   {"currentThrust": 123191000.0}'
DEBUG      2022-07-30 22:13:49,759: Timestep:   149-{'currentThrust': 123191000.0}
INFO       2022-07-30 22:13:49,759: topic='thrust' sending data='{"currentThrust": 123191000.0}' as format_msg_with_header(msgToSend)=b'55   thrust                   {"currentThrust": 123191000.0}'
DEBUG      2022-07-30 22:13:50,242: Timestep:   150-{'currentThrust': 123191000.0}
INFO       2022-07-30 22:13:50,242: topic='thrust' sending data='{"currentThrust": 123191000.0}' as format_msg_with_header(msgToSend)=b'55   thrust                   {"currentThrust": 123191000.0}'
DEBUG      2022-07-30 22:13:50,745: Timestep:   151-{'currentThrust': 123191000.0}
INFO       2022-07-30 22:13:50,745: topic='thrust' sending data='{"currentThrust": 123191000.0}' as format_msg_with_header(msgToSend)=b'55   thrust                   {"currentThrust": 123191000.0}'
DEBUG      2022-07-30 22:13:51,048: Timestep:   152-{'currentThrust': 123191000.0}
INFO       2022-07-30 22:13:51,048: topic='thrust' sending data='{"currentThrust": 123191000.0}' as format_msg_with_header(msgToSend)=b'55   thrust                   {"currentThrust": 123191000.0}'
DEBUG      2022-07-30 22:13:51,553: Timestep:   153-{'currentThrust': 123191000.0}
INFO       2022-07-30 22:13:51,553: topic='thrust' sending data='{"currentThrust": 123191000.0}' as format_msg_with_header(msgToSend)=b'55   thrust                   {"currentThrust": 123191000.0}'
DEBUG      2022-07-30 22:13:51,949: Timestep:   154-{'currentThrust': 123191000.0}
INFO       2022-07-30 22:13:51,949: topic='thrust' sending data='{"currentThrust": 123191000.0}' as format_msg_with_header(msgToSend)=b'55   thrust                   {"currentThrust": 123191000.0}'
DEBUG      2022-07-30 22:13:52,397: Timestep:   155-{'currentThrust': 123191000.0}
INFO       2022-07-30 22:13:52,398: topic='thrust' sending data='{"currentThrust": 123191000.0}' as format_msg_with_header(msgToSend)=b'55   thrust                   {"currentThrust": 123191000.0}'
DEBUG      2022-07-30 22:13:52,950: Timestep:   156-{'currentThrust': 123191000.0}
INFO       2022-07-30 22:13:52,950: topic='thrust' sending data='{"currentThrust": 123191000.0}' as format_msg_with_header(msgToSend)=b'55   thrust                   {"currentThrust": 123191000.0}'
DEBUG      2022-07-30 22:13:53,560: Timestep:   157-{'currentThrust': 123191000.0}
INFO       2022-07-30 22:13:53,560: topic='thrust' sending data='{"currentThrust": 123191000.0}' as format_msg_with_header(msgToSend)=b'55   thrust                   {"currentThrust": 123191000.0}'
DEBUG      2022-07-30 22:13:53,863: Timestep:   158-{'currentThrust': 123191000.0}
INFO       2022-07-30 22:13:53,863: topic='thrust' sending data='{"currentThrust": 123191000.0}' as format_msg_with_header(msgToSend)=b'55   thrust                   {"currentThrust": 123191000.0}'
DEBUG      2022-07-30 22:13:54,463: Timestep:   159-{'currentThrust': 123191000.0}
INFO       2022-07-30 22:13:54,463: topic='thrust' sending data='{"currentThrust": 123191000.0}' as format_msg_with_header(msgToSend)=b'55   thrust                   {"currentThrust": 123191000.0}'
DEBUG      2022-07-30 22:13:54,862: Timestep:   160-{'currentThrust': 123191000.0}
INFO       2022-07-30 22:13:54,864: topic='thrust' sending data='{"currentThrust": 123191000.0}' as format_msg_with_header(msgToSend)=b'55   thrust                   {"currentThrust": 123191000.0}'
DEBUG      2022-07-30 22:13:55,452: Timestep:   161-{'currentThrust': 123191000.0}
INFO       2022-07-30 22:13:55,452: topic='thrust' sending data='{"currentThrust": 123191000.0}' as format_msg_with_header(msgToSend)=b'55   thrust                   {"currentThrust": 123191000.0}'
DEBUG      2022-07-30 22:13:56,041: Timestep:   162-{'currentThrust': 123191000.0}
INFO       2022-07-30 22:13:56,042: topic='thrust' sending data='{"currentThrust": 123191000.0}' as format_msg_with_header(msgToSend)=b'55   thrust                   {"currentThrust": 123191000.0}'
DEBUG      2022-07-30 22:13:56,431: Timestep:   163-{'currentThrust': 123191000.0}
INFO       2022-07-30 22:13:56,431: topic='thrust' sending data='{"currentThrust": 123191000.0}' as format_msg_with_header(msgToSend)=b'55   thrust                   {"currentThrust": 123191000.0}'
DEBUG      2022-07-30 22:13:56,883: Timestep:   164-{'currentThrust': 123191000.0}
INFO       2022-07-30 22:13:56,883: topic='thrust' sending data='{"currentThrust": 123191000.0}' as format_msg_with_header(msgToSend)=b'55   thrust                   {"currentThrust": 123191000.0}'
DEBUG      2022-07-30 22:13:57,450: Timestep:   165-{'currentThrust': 123191000.0}
INFO       2022-07-30 22:13:57,450: topic='thrust' sending data='{"currentThrust": 123191000.0}' as format_msg_with_header(msgToSend)=b'55   thrust                   {"currentThrust": 123191000.0}'
DEBUG      2022-07-30 22:13:57,848: Timestep:   166-{'currentThrust': 123191000.0}
INFO       2022-07-30 22:13:57,848: topic='thrust' sending data='{"currentThrust": 123191000.0}' as format_msg_with_header(msgToSend)=b'55   thrust                   {"currentThrust": 123191000.0}'
DEBUG      2022-07-30 22:13:58,444: Timestep:   167-{'currentThrust': 123191000.0}
INFO       2022-07-30 22:13:58,445: topic='thrust' sending data='{"currentThrust": 123191000.0}' as format_msg_with_header(msgToSend)=b'55   thrust                   {"currentThrust": 123191000.0}'
DEBUG      2022-07-30 22:13:58,957: Timestep:   168-{'currentThrust': 123191000.0}
INFO       2022-07-30 22:13:58,957: topic='thrust' sending data='{"currentThrust": 123191000.0}' as format_msg_with_header(msgToSend)=b'55   thrust                   {"currentThrust": 123191000.0}'
DEBUG      2022-07-30 22:13:59,453: Timestep:   169-{'currentThrust': 123191000.0}
INFO       2022-07-30 22:13:59,453: topic='thrust' sending data='{"currentThrust": 123191000.0}' as format_msg_with_header(msgToSend)=b'55   thrust                   {"currentThrust": 123191000.0}'
DEBUG      2022-07-30 22:13:59,942: Timestep:   170-{'currentThrust': 123191000.0}
INFO       2022-07-30 22:13:59,942: topic='thrust' sending data='{"currentThrust": 123191000.0}' as format_msg_with_header(msgToSend)=b'55   thrust                   {"currentThrust": 123191000.0}'
DEBUG      2022-07-30 22:14:00,467: Timestep:   171-{'currentThrust': 123191000.0}
INFO       2022-07-30 22:14:00,467: topic='thrust' sending data='{"currentThrust": 123191000.0}' as format_msg_with_header(msgToSend)=b'55   thrust                   {"currentThrust": 123191000.0}'
DEBUG      2022-07-30 22:14:00,960: Timestep:   172-{'currentThrust': 123191000.0}
INFO       2022-07-30 22:14:00,960: topic='thrust' sending data='{"currentThrust": 123191000.0}' as format_msg_with_header(msgToSend)=b'55   thrust                   {"currentThrust": 123191000.0}'
DEBUG      2022-07-30 22:14:01,452: Timestep:   173-{'currentThrust': 123191000.0}
INFO       2022-07-30 22:14:01,452: topic='thrust' sending data='{"currentThrust": 123191000.0}' as format_msg_with_header(msgToSend)=b'55   thrust                   {"currentThrust": 123191000.0}'
DEBUG      2022-07-30 22:14:01,858: Timestep:   174-{'currentThrust': 123191000.0}
INFO       2022-07-30 22:14:01,858: topic='thrust' sending data='{"currentThrust": 123191000.0}' as format_msg_with_header(msgToSend)=b'55   thrust                   {"currentThrust": 123191000.0}'
DEBUG      2022-07-30 22:14:02,247: Timestep:   175-{'currentThrust': 123191000.0}
INFO       2022-07-30 22:14:02,247: topic='thrust' sending data='{"currentThrust": 123191000.0}' as format_msg_with_header(msgToSend)=b'55   thrust                   {"currentThrust": 123191000.0}'
DEBUG      2022-07-30 22:14:02,752: Timestep:   176-{'currentThrust': 123191000.0}
INFO       2022-07-30 22:14:02,752: topic='thrust' sending data='{"currentThrust": 123191000.0}' as format_msg_with_header(msgToSend)=b'55   thrust                   {"currentThrust": 123191000.0}'
DEBUG      2022-07-30 22:14:03,260: Timestep:   177-{'currentThrust': 123191000.0}
INFO       2022-07-30 22:14:03,260: topic='thrust' sending data='{"currentThrust": 123191000.0}' as format_msg_with_header(msgToSend)=b'55   thrust                   {"currentThrust": 123191000.0}'
DEBUG      2022-07-30 22:14:03,770: Timestep:   178-{'currentThrust': 123191000.0}
INFO       2022-07-30 22:14:03,770: topic='thrust' sending data='{"currentThrust": 123191000.0}' as format_msg_with_header(msgToSend)=b'55   thrust                   {"currentThrust": 123191000.0}'
DEBUG      2022-07-30 22:14:04,148: Timestep:   179-{'currentThrust': 123191000.0}
INFO       2022-07-30 22:14:04,148: topic='thrust' sending data='{"currentThrust": 123191000.0}' as format_msg_with_header(msgToSend)=b'55   thrust                   {"currentThrust": 123191000.0}'
DEBUG      2022-07-30 22:14:04,568: Timestep:   180-{'currentThrust': 123191000.0}
INFO       2022-07-30 22:14:04,568: topic='thrust' sending data='{"currentThrust": 123191000.0}' as format_msg_with_header(msgToSend)=b'55   thrust                   {"currentThrust": 123191000.0}'
DEBUG      2022-07-30 22:14:05,087: Timestep:   181-{'currentThrust': 123191000.0}
INFO       2022-07-30 22:14:05,089: topic='thrust' sending data='{"currentThrust": 123191000.0}' as format_msg_with_header(msgToSend)=b'55   thrust                   {"currentThrust": 123191000.0}'
DEBUG      2022-07-30 22:14:05,546: Timestep:   182-{'currentThrust': 123191000.0}
INFO       2022-07-30 22:14:05,546: topic='thrust' sending data='{"currentThrust": 123191000.0}' as format_msg_with_header(msgToSend)=b'55   thrust                   {"currentThrust": 123191000.0}'
DEBUG      2022-07-30 22:14:06,057: Timestep:   183-{'currentThrust': 123191000.0}
INFO       2022-07-30 22:14:06,057: topic='thrust' sending data='{"currentThrust": 123191000.0}' as format_msg_with_header(msgToSend)=b'55   thrust                   {"currentThrust": 123191000.0}'
DEBUG      2022-07-30 22:14:06,445: Timestep:   184-{'currentThrust': 123191000.0}
INFO       2022-07-30 22:14:06,446: topic='thrust' sending data='{"currentThrust": 123191000.0}' as format_msg_with_header(msgToSend)=b'55   thrust                   {"currentThrust": 123191000.0}'
DEBUG      2022-07-30 22:14:06,845: Timestep:   185-{'currentThrust': 123191000.0}
INFO       2022-07-30 22:14:06,846: topic='thrust' sending data='{"currentThrust": 123191000.0}' as format_msg_with_header(msgToSend)=b'55   thrust                   {"currentThrust": 123191000.0}'
DEBUG      2022-07-30 22:14:07,368: Timestep:   186-{'currentThrust': 123191000.0}
INFO       2022-07-30 22:14:07,368: topic='thrust' sending data='{"currentThrust": 123191000.0}' as format_msg_with_header(msgToSend)=b'55   thrust                   {"currentThrust": 123191000.0}'
DEBUG      2022-07-30 22:14:07,959: Timestep:   187-{'currentThrust': 123191000.0}
INFO       2022-07-30 22:14:07,959: topic='thrust' sending data='{"currentThrust": 123191000.0}' as format_msg_with_header(msgToSend)=b'55   thrust                   {"currentThrust": 123191000.0}'
DEBUG      2022-07-30 22:14:08,464: Timestep:   188-{'currentThrust': 123191000.0}
INFO       2022-07-30 22:14:08,464: topic='thrust' sending data='{"currentThrust": 123191000.0}' as format_msg_with_header(msgToSend)=b'55   thrust                   {"currentThrust": 123191000.0}'
DEBUG      2022-07-30 22:14:08,946: Timestep:   189-{'currentThrust': 123191000.0}
INFO       2022-07-30 22:14:08,947: topic='thrust' sending data='{"currentThrust": 123191000.0}' as format_msg_with_header(msgToSend)=b'55   thrust                   {"currentThrust": 123191000.0}'
DEBUG      2022-07-30 22:14:09,344: Timestep:   190-{'currentThrust': 123191000.0}
INFO       2022-07-30 22:14:09,345: topic='thrust' sending data='{"currentThrust": 123191000.0}' as format_msg_with_header(msgToSend)=b'55   thrust                   {"currentThrust": 123191000.0}'
DEBUG      2022-07-30 22:14:09,661: Timestep:   191-{'currentThrust': 123191000.0}
INFO       2022-07-30 22:14:09,661: topic='thrust' sending data='{"currentThrust": 123191000.0}' as format_msg_with_header(msgToSend)=b'55   thrust                   {"currentThrust": 123191000.0}'
DEBUG      2022-07-30 22:14:10,248: Timestep:   192-{'currentThrust': 123191000.0}
INFO       2022-07-30 22:14:10,248: topic='thrust' sending data='{"currentThrust": 123191000.0}' as format_msg_with_header(msgToSend)=b'55   thrust                   {"currentThrust": 123191000.0}'
DEBUG      2022-07-30 22:14:10,643: Timestep:   193-{'currentThrust': 123191000.0}
INFO       2022-07-30 22:14:10,643: topic='thrust' sending data='{"currentThrust": 123191000.0}' as format_msg_with_header(msgToSend)=b'55   thrust                   {"currentThrust": 123191000.0}'
DEBUG      2022-07-30 22:14:10,960: Timestep:   194-{'currentThrust': 123191000.0}
INFO       2022-07-30 22:14:10,960: topic='thrust' sending data='{"currentThrust": 123191000.0}' as format_msg_with_header(msgToSend)=b'55   thrust                   {"currentThrust": 123191000.0}'
DEBUG      2022-07-30 22:14:11,438: Timestep:   195-{'currentThrust': 123191000.0}
INFO       2022-07-30 22:14:11,438: topic='thrust' sending data='{"currentThrust": 123191000.0}' as format_msg_with_header(msgToSend)=b'55   thrust                   {"currentThrust": 123191000.0}'
DEBUG      2022-07-30 22:14:11,834: Timestep:   196-{'currentThrust': 123191000.0}
INFO       2022-07-30 22:14:11,834: topic='thrust' sending data='{"currentThrust": 123191000.0}' as format_msg_with_header(msgToSend)=b'55   thrust                   {"currentThrust": 123191000.0}'
DEBUG      2022-07-30 22:14:12,344: Timestep:   197-{'currentThrust': 123191000.0}
INFO       2022-07-30 22:14:12,344: topic='thrust' sending data='{"currentThrust": 123191000.0}' as format_msg_with_header(msgToSend)=b'55   thrust                   {"currentThrust": 123191000.0}'
DEBUG      2022-07-30 22:14:12,771: Timestep:   198-{'currentThrust': 123191000.0}
INFO       2022-07-30 22:14:12,771: topic='thrust' sending data='{"currentThrust": 123191000.0}' as format_msg_with_header(msgToSend)=b'55   thrust                   {"currentThrust": 123191000.0}'
DEBUG      2022-07-30 22:14:13,375: Timestep:   199-{'currentThrust': 123191000.0}
INFO       2022-07-30 22:14:13,375: topic='thrust' sending data='{"currentThrust": 123191000.0}' as format_msg_with_header(msgToSend)=b'55   thrust                   {"currentThrust": 123191000.0}'
DEBUG      2022-07-30 22:14:13,935: Timestep:   200-{'currentThrust': 123191000.0}
INFO       2022-07-30 22:14:13,935: topic='thrust' sending data='{"currentThrust": 123191000.0}' as format_msg_with_header(msgToSend)=b'55   thrust                   {"currentThrust": 123191000.0}'
DEBUG      2022-07-30 22:14:14,461: Timestep:   201-{'currentThrust': 123191000.0}
INFO       2022-07-30 22:14:14,461: topic='thrust' sending data='{"currentThrust": 123191000.0}' as format_msg_with_header(msgToSend)=b'55   thrust                   {"currentThrust": 123191000.0}'
DEBUG      2022-07-30 22:14:15,162: Timestep:   202-{'currentThrust': 123191000.0}
INFO       2022-07-30 22:14:15,162: topic='thrust' sending data='{"currentThrust": 123191000.0}' as format_msg_with_header(msgToSend)=b'55   thrust                   {"currentThrust": 123191000.0}'
DEBUG      2022-07-30 22:14:15,751: Timestep:   203-{'currentThrust': 123191000.0}
INFO       2022-07-30 22:14:15,751: topic='thrust' sending data='{"currentThrust": 123191000.0}' as format_msg_with_header(msgToSend)=b'55   thrust                   {"currentThrust": 123191000.0}'
DEBUG      2022-07-30 22:14:16,160: Timestep:   204-{'currentThrust': 123191000.0}
INFO       2022-07-30 22:14:16,160: topic='thrust' sending data='{"currentThrust": 123191000.0}' as format_msg_with_header(msgToSend)=b'55   thrust                   {"currentThrust": 123191000.0}'
DEBUG      2022-07-30 22:14:16,757: Timestep:   205-{'currentThrust': 123191000.0}
INFO       2022-07-30 22:14:16,757: topic='thrust' sending data='{"currentThrust": 123191000.0}' as format_msg_with_header(msgToSend)=b'55   thrust                   {"currentThrust": 123191000.0}'
DEBUG      2022-07-30 22:14:17,154: Timestep:   206-{'currentThrust': 123191000.0}
INFO       2022-07-30 22:14:17,154: topic='thrust' sending data='{"currentThrust": 123191000.0}' as format_msg_with_header(msgToSend)=b'55   thrust                   {"currentThrust": 123191000.0}'
DEBUG      2022-07-30 22:14:17,550: Timestep:   207-{'currentThrust': 123191000.0}
INFO       2022-07-30 22:14:17,550: topic='thrust' sending data='{"currentThrust": 123191000.0}' as format_msg_with_header(msgToSend)=b'55   thrust                   {"currentThrust": 123191000.0}'
DEBUG      2022-07-30 22:14:17,951: Timestep:   208-{'currentThrust': 123191000.0}
INFO       2022-07-30 22:14:17,951: topic='thrust' sending data='{"currentThrust": 123191000.0}' as format_msg_with_header(msgToSend)=b'55   thrust                   {"currentThrust": 123191000.0}'
DEBUG      2022-07-30 22:14:18,377: Timestep:   209-{'currentThrust': 123191000.0}
INFO       2022-07-30 22:14:18,377: topic='thrust' sending data='{"currentThrust": 123191000.0}' as format_msg_with_header(msgToSend)=b'55   thrust                   {"currentThrust": 123191000.0}'
DEBUG      2022-07-30 22:14:18,948: Timestep:   210-{'currentThrust': 123191000.0}
INFO       2022-07-30 22:14:18,948: topic='thrust' sending data='{"currentThrust": 123191000.0}' as format_msg_with_header(msgToSend)=b'55   thrust                   {"currentThrust": 123191000.0}'
DEBUG      2022-07-30 22:14:19,368: Timestep:   211-{'currentThrust': 123191000.0}
INFO       2022-07-30 22:14:19,368: topic='thrust' sending data='{"currentThrust": 123191000.0}' as format_msg_with_header(msgToSend)=b'55   thrust                   {"currentThrust": 123191000.0}'
DEBUG      2022-07-30 22:14:19,852: Timestep:   212-{'currentThrust': 123191000.0}
INFO       2022-07-30 22:14:19,852: topic='thrust' sending data='{"currentThrust": 123191000.0}' as format_msg_with_header(msgToSend)=b'55   thrust                   {"currentThrust": 123191000.0}'
DEBUG      2022-07-30 22:14:20,350: Timestep:   213-{'currentThrust': 123191000.0}
INFO       2022-07-30 22:14:20,350: topic='thrust' sending data='{"currentThrust": 123191000.0}' as format_msg_with_header(msgToSend)=b'55   thrust                   {"currentThrust": 123191000.0}'
DEBUG      2022-07-30 22:14:20,767: Timestep:   214-{'currentThrust': 123191000.0}
INFO       2022-07-30 22:14:20,767: topic='thrust' sending data='{"currentThrust": 123191000.0}' as format_msg_with_header(msgToSend)=b'55   thrust                   {"currentThrust": 123191000.0}'
DEBUG      2022-07-30 22:14:21,159: Timestep:   215-{'currentThrust': 123191000.0}
INFO       2022-07-30 22:14:21,159: topic='thrust' sending data='{"currentThrust": 123191000.0}' as format_msg_with_header(msgToSend)=b'55   thrust                   {"currentThrust": 123191000.0}'
DEBUG      2022-07-30 22:14:21,654: Timestep:   216-{'currentThrust': 123191000.0}
INFO       2022-07-30 22:14:21,654: topic='thrust' sending data='{"currentThrust": 123191000.0}' as format_msg_with_header(msgToSend)=b'55   thrust                   {"currentThrust": 123191000.0}'
DEBUG      2022-07-30 22:14:22,266: Timestep:   217-{'currentThrust': 123191000.0}
INFO       2022-07-30 22:14:22,266: topic='thrust' sending data='{"currentThrust": 123191000.0}' as format_msg_with_header(msgToSend)=b'55   thrust                   {"currentThrust": 123191000.0}'
DEBUG      2022-07-30 22:14:22,848: Timestep:   218-{'currentThrust': 123191000.0}
INFO       2022-07-30 22:14:22,848: topic='thrust' sending data='{"currentThrust": 123191000.0}' as format_msg_with_header(msgToSend)=b'55   thrust                   {"currentThrust": 123191000.0}'
DEBUG      2022-07-30 22:14:23,263: Timestep:   219-{'currentThrust': 123191000.0}
INFO       2022-07-30 22:14:23,263: topic='thrust' sending data='{"currentThrust": 123191000.0}' as format_msg_with_header(msgToSend)=b'55   thrust                   {"currentThrust": 123191000.0}'
DEBUG      2022-07-30 22:14:23,853: Timestep:   220-{'currentThrust': 123191000.0}
INFO       2022-07-30 22:14:23,853: topic='thrust' sending data='{"currentThrust": 123191000.0}' as format_msg_with_header(msgToSend)=b'55   thrust                   {"currentThrust": 123191000.0}'
DEBUG      2022-07-30 22:14:24,347: Timestep:   221-{'currentThrust': 123191000.0}
INFO       2022-07-30 22:14:24,347: topic='thrust' sending data='{"currentThrust": 123191000.0}' as format_msg_with_header(msgToSend)=b'55   thrust                   {"currentThrust": 123191000.0}'
DEBUG      2022-07-30 22:14:24,936: Timestep:   222-{'currentThrust': 123191000.0}
INFO       2022-07-30 22:14:24,936: topic='thrust' sending data='{"currentThrust": 123191000.0}' as format_msg_with_header(msgToSend)=b'55   thrust                   {"currentThrust": 123191000.0}'
DEBUG      2022-07-30 22:14:25,335: Timestep:   223-{'currentThrust': 123191000.0}
INFO       2022-07-30 22:14:25,335: topic='thrust' sending data='{"currentThrust": 123191000.0}' as format_msg_with_header(msgToSend)=b'55   thrust                   {"currentThrust": 123191000.0}'
DEBUG      2022-07-30 22:14:25,845: Timestep:   224-{'currentThrust': 123191000.0}
INFO       2022-07-30 22:14:25,845: topic='thrust' sending data='{"currentThrust": 123191000.0}' as format_msg_with_header(msgToSend)=b'55   thrust                   {"currentThrust": 123191000.0}'
DEBUG      2022-07-30 22:14:26,162: Timestep:   225-{'currentThrust': 123191000.0}
INFO       2022-07-30 22:14:26,162: topic='thrust' sending data='{"currentThrust": 123191000.0}' as format_msg_with_header(msgToSend)=b'55   thrust                   {"currentThrust": 123191000.0}'
DEBUG      2022-07-30 22:14:26,752: Timestep:   226-{'currentThrust': 123191000.0}
INFO       2022-07-30 22:14:26,752: topic='thrust' sending data='{"currentThrust": 123191000.0}' as format_msg_with_header(msgToSend)=b'55   thrust                   {"currentThrust": 123191000.0}'
DEBUG      2022-07-30 22:14:27,149: Timestep:   227-{'currentThrust': 123191000.0}
INFO       2022-07-30 22:14:27,149: topic='thrust' sending data='{"currentThrust": 123191000.0}' as format_msg_with_header(msgToSend)=b'55   thrust                   {"currentThrust": 123191000.0}'
DEBUG      2022-07-30 22:14:27,579: Timestep:   228-{'currentThrust': 123191000.0}
INFO       2022-07-30 22:14:27,579: topic='thrust' sending data='{"currentThrust": 123191000.0}' as format_msg_with_header(msgToSend)=b'55   thrust                   {"currentThrust": 123191000.0}'
DEBUG      2022-07-30 22:14:28,154: Timestep:   229-{'currentThrust': 123191000.0}
INFO       2022-07-30 22:14:28,154: topic='thrust' sending data='{"currentThrust": 123191000.0}' as format_msg_with_header(msgToSend)=b'55   thrust                   {"currentThrust": 123191000.0}'
DEBUG      2022-07-30 22:14:28,551: Timestep:   230-{'currentThrust': 123191000.0}
INFO       2022-07-30 22:14:28,551: topic='thrust' sending data='{"currentThrust": 123191000.0}' as format_msg_with_header(msgToSend)=b'55   thrust                   {"currentThrust": 123191000.0}'
DEBUG      2022-07-30 22:14:29,060: Timestep:   231-{'currentThrust': 123191000.0}
INFO       2022-07-30 22:14:29,060: topic='thrust' sending data='{"currentThrust": 123191000.0}' as format_msg_with_header(msgToSend)=b'55   thrust                   {"currentThrust": 123191000.0}'
DEBUG      2022-07-30 22:14:29,554: Timestep:   232-{'currentThrust': 123191000.0}
INFO       2022-07-30 22:14:29,554: topic='thrust' sending data='{"currentThrust": 123191000.0}' as format_msg_with_header(msgToSend)=b'55   thrust                   {"currentThrust": 123191000.0}'
DEBUG      2022-07-30 22:14:29,933: Timestep:   233-{'currentThrust': 123191000.0}
INFO       2022-07-30 22:14:29,933: topic='thrust' sending data='{"currentThrust": 123191000.0}' as format_msg_with_header(msgToSend)=b'55   thrust                   {"currentThrust": 123191000.0}'
DEBUG      2022-07-30 22:14:30,363: Timestep:   234-{'currentThrust': 123191000.0}
INFO       2022-07-30 22:14:30,363: topic='thrust' sending data='{"currentThrust": 123191000.0}' as format_msg_with_header(msgToSend)=b'55   thrust                   {"currentThrust": 123191000.0}'
DEBUG      2022-07-30 22:14:30,954: Timestep:   235-{'currentThrust': 123191000.0}
INFO       2022-07-30 22:14:30,954: topic='thrust' sending data='{"currentThrust": 123191000.0}' as format_msg_with_header(msgToSend)=b'55   thrust                   {"currentThrust": 123191000.0}'
