INFO       2022-06-19 23:45:26,915: Listening while loop started
INFO       2022-06-19 23:46:01,455: Sending topic 'field' as :variables={'currentTimestep': 0}
INFO       2022-06-19 23:46:01,455: topic='field' sending data='{"currentTimestep": 0}' as format_msg_with_header(msgToSend)=b'47   field                    {"currentTimestep": 0}'
INFO       2022-06-19 23:46:01,585: Sending topic 'field' as :variables={'currentTimestep': nan}
INFO       2022-06-19 23:46:01,585: topic='field' sending data='{"currentTimestep": NaN}' as format_msg_with_header(msgToSend)=b'49   field                    {"currentTimestep": NaN}'
INFO       2022-06-19 23:46:01,713: Sending topic 'field' as :variables={'currentTimestep': nan}
INFO       2022-06-19 23:46:01,713: topic='field' sending data='{"currentTimestep": NaN}' as format_msg_with_header(msgToSend)=b'49   field                    {"currentTimestep": NaN}'
INFO       2022-06-19 23:46:01,822: Sending topic 'field' as :variables={'currentTimestep': nan}
INFO       2022-06-19 23:46:01,822: topic='field' sending data='{"currentTimestep": NaN}' as format_msg_with_header(msgToSend)=b'49   field                    {"currentTimestep": NaN}'
INFO       2022-06-19 23:46:01,918: Sending topic 'field' as :variables={'currentTimestep': nan}
INFO       2022-06-19 23:46:01,918: topic='field' sending data='{"currentTimestep": NaN}' as format_msg_with_header(msgToSend)=b'49   field                    {"currentTimestep": NaN}'
INFO       2022-06-19 23:46:02,034: Sending topic 'field' as :variables={'currentTimestep': nan}
INFO       2022-06-19 23:46:02,034: topic='field' sending data='{"currentTimestep": NaN}' as format_msg_with_header(msgToSend)=b'49   field                    {"currentTimestep": NaN}'
INFO       2022-06-19 23:46:02,158: Sending topic 'field' as :variables={'currentTimestep': nan}
INFO       2022-06-19 23:46:02,158: topic='field' sending data='{"currentTimestep": NaN}' as format_msg_with_header(msgToSend)=b'49   field                    {"currentTimestep": NaN}'
INFO       2022-06-19 23:46:02,299: Sending topic 'field' as :variables={'currentTimestep': nan}
INFO       2022-06-19 23:46:02,299: topic='field' sending data='{"currentTimestep": NaN}' as format_msg_with_header(msgToSend)=b'49   field                    {"currentTimestep": NaN}'
INFO       2022-06-19 23:46:02,424: Sending topic 'field' as :variables={'currentTimestep': nan}
INFO       2022-06-19 23:46:02,424: topic='field' sending data='{"currentTimestep": NaN}' as format_msg_with_header(msgToSend)=b'49   field                    {"currentTimestep": NaN}'
INFO       2022-06-19 23:46:02,552: Sending topic 'field' as :variables={'currentTimestep': nan}
INFO       2022-06-19 23:46:02,552: topic='field' sending data='{"currentTimestep": NaN}' as format_msg_with_header(msgToSend)=b'49   field                    {"currentTimestep": NaN}'
INFO       2022-06-19 23:46:02,676: Sending topic 'field' as :variables={'currentTimestep': nan}
INFO       2022-06-19 23:46:02,676: topic='field' sending data='{"currentTimestep": NaN}' as format_msg_with_header(msgToSend)=b'49   field                    {"currentTimestep": NaN}'
INFO       2022-06-19 23:46:02,856: Sending topic 'field' as :variables={'currentTimestep': nan}
INFO       2022-06-19 23:46:02,856: topic='field' sending data='{"currentTimestep": NaN}' as format_msg_with_header(msgToSend)=b'49   field                    {"currentTimestep": NaN}'
INFO       2022-06-19 23:46:03,000: Sending topic 'field' as :variables={'currentTimestep': nan}
INFO       2022-06-19 23:46:03,000: topic='field' sending data='{"currentTimestep": NaN}' as format_msg_with_header(msgToSend)=b'49   field                    {"currentTimestep": NaN}'
INFO       2022-06-19 23:46:03,116: Sending topic 'field' as :variables={'currentTimestep': nan}
INFO       2022-06-19 23:46:03,116: topic='field' sending data='{"currentTimestep": NaN}' as format_msg_with_header(msgToSend)=b'49   field                    {"currentTimestep": NaN}'
INFO       2022-06-19 23:46:03,260: Sending topic 'field' as :variables={'currentTimestep': nan}
INFO       2022-06-19 23:46:03,260: topic='field' sending data='{"currentTimestep": NaN}' as format_msg_with_header(msgToSend)=b'49   field                    {"currentTimestep": NaN}'
INFO       2022-06-19 23:46:03,384: Sending topic 'field' as :variables={'currentTimestep': nan}
INFO       2022-06-19 23:46:03,384: topic='field' sending data='{"currentTimestep": NaN}' as format_msg_with_header(msgToSend)=b'49   field                    {"currentTimestep": NaN}'
INFO       2022-06-19 23:46:03,511: Sending topic 'field' as :variables={'currentTimestep': nan}
INFO       2022-06-19 23:46:03,511: topic='field' sending data='{"currentTimestep": NaN}' as format_msg_with_header(msgToSend)=b'49   field                    {"currentTimestep": NaN}'
INFO       2022-06-19 23:46:03,647: Sending topic 'field' as :variables={'currentTimestep': nan}
INFO       2022-06-19 23:46:03,647: topic='field' sending data='{"currentTimestep": NaN}' as format_msg_with_header(msgToSend)=b'49   field                    {"currentTimestep": NaN}'
INFO       2022-06-19 23:46:03,799: Sending topic 'field' as :variables={'currentTimestep': nan}
INFO       2022-06-19 23:46:03,799: topic='field' sending data='{"currentTimestep": NaN}' as format_msg_with_header(msgToSend)=b'49   field                    {"currentTimestep": NaN}'
INFO       2022-06-19 23:46:03,947: Sending topic 'field' as :variables={'currentTimestep': nan}
INFO       2022-06-19 23:46:03,947: topic='field' sending data='{"currentTimestep": NaN}' as format_msg_with_header(msgToSend)=b'49   field                    {"currentTimestep": NaN}'
INFO       2022-06-19 23:46:04,087: Sending topic 'field' as :variables={'currentTimestep': nan}
INFO       2022-06-19 23:46:04,087: topic='field' sending data='{"currentTimestep": NaN}' as format_msg_with_header(msgToSend)=b'49   field                    {"currentTimestep": NaN}'
INFO       2022-06-19 23:46:04,195: Sending topic 'field' as :variables={'currentTimestep': nan}
INFO       2022-06-19 23:46:04,195: topic='field' sending data='{"currentTimestep": NaN}' as format_msg_with_header(msgToSend)=b'49   field                    {"currentTimestep": NaN}'
INFO       2022-06-19 23:46:04,347: Sending topic 'field' as :variables={'currentTimestep': nan}
INFO       2022-06-19 23:46:04,347: topic='field' sending data='{"currentTimestep": NaN}' as format_msg_with_header(msgToSend)=b'49   field                    {"currentTimestep": NaN}'
INFO       2022-06-19 23:46:04,483: Sending topic 'field' as :variables={'currentTimestep': nan}
INFO       2022-06-19 23:46:04,483: topic='field' sending data='{"currentTimestep": NaN}' as format_msg_with_header(msgToSend)=b'49   field                    {"currentTimestep": NaN}'
INFO       2022-06-19 23:46:04,642: Sending topic 'field' as :variables={'currentTimestep': nan}
INFO       2022-06-19 23:46:04,642: topic='field' sending data='{"currentTimestep": NaN}' as format_msg_with_header(msgToSend)=b'49   field                    {"currentTimestep": NaN}'
INFO       2022-06-19 23:46:04,810: Sending topic 'field' as :variables={'currentTimestep': nan}
INFO       2022-06-19 23:46:04,810: topic='field' sending data='{"currentTimestep": NaN}' as format_msg_with_header(msgToSend)=b'49   field                    {"currentTimestep": NaN}'
INFO       2022-06-19 23:46:04,926: Sending topic 'field' as :variables={'currentTimestep': nan}
INFO       2022-06-19 23:46:04,926: topic='field' sending data='{"currentTimestep": NaN}' as format_msg_with_header(msgToSend)=b'49   field                    {"currentTimestep": NaN}'
INFO       2022-06-19 23:46:05,058: Sending topic 'field' as :variables={'currentTimestep': nan}
INFO       2022-06-19 23:46:05,058: topic='field' sending data='{"currentTimestep": NaN}' as format_msg_with_header(msgToSend)=b'49   field                    {"currentTimestep": NaN}'
INFO       2022-06-19 23:46:05,210: Sending topic 'field' as :variables={'currentTimestep': nan}
INFO       2022-06-19 23:46:05,210: topic='field' sending data='{"currentTimestep": NaN}' as format_msg_with_header(msgToSend)=b'49   field                    {"currentTimestep": NaN}'
INFO       2022-06-19 23:46:05,366: Sending topic 'field' as :variables={'currentTimestep': nan}
INFO       2022-06-19 23:46:05,366: topic='field' sending data='{"currentTimestep": NaN}' as format_msg_with_header(msgToSend)=b'49   field                    {"currentTimestep": NaN}'
INFO       2022-06-19 23:46:05,526: Sending topic 'field' as :variables={'currentTimestep': nan}
INFO       2022-06-19 23:46:05,526: topic='field' sending data='{"currentTimestep": NaN}' as format_msg_with_header(msgToSend)=b'49   field                    {"currentTimestep": NaN}'
INFO       2022-06-19 23:46:05,690: Sending topic 'field' as :variables={'currentTimestep': nan}
INFO       2022-06-19 23:46:05,690: topic='field' sending data='{"currentTimestep": NaN}' as format_msg_with_header(msgToSend)=b'49   field                    {"currentTimestep": NaN}'
INFO       2022-06-19 23:46:05,817: Sending topic 'field' as :variables={'currentTimestep': nan}
INFO       2022-06-19 23:46:05,817: topic='field' sending data='{"currentTimestep": NaN}' as format_msg_with_header(msgToSend)=b'49   field                    {"currentTimestep": NaN}'
INFO       2022-06-19 23:46:05,973: Sending topic 'field' as :variables={'currentTimestep': nan}
INFO       2022-06-19 23:46:05,973: topic='field' sending data='{"currentTimestep": NaN}' as format_msg_with_header(msgToSend)=b'49   field                    {"currentTimestep": NaN}'
INFO       2022-06-19 23:46:06,121: Sending topic 'field' as :variables={'currentTimestep': nan}
INFO       2022-06-19 23:46:06,121: topic='field' sending data='{"currentTimestep": NaN}' as format_msg_with_header(msgToSend)=b'49   field                    {"currentTimestep": NaN}'
INFO       2022-06-19 23:46:06,297: Sending topic 'field' as :variables={'currentTimestep': nan}
INFO       2022-06-19 23:46:06,297: topic='field' sending data='{"currentTimestep": NaN}' as format_msg_with_header(msgToSend)=b'49   field                    {"currentTimestep": NaN}'
INFO       2022-06-19 23:46:06,457: Sending topic 'field' as :variables={'currentTimestep': nan}
INFO       2022-06-19 23:46:06,457: topic='field' sending data='{"currentTimestep": NaN}' as format_msg_with_header(msgToSend)=b'49   field                    {"currentTimestep": NaN}'
INFO       2022-06-19 23:46:06,601: Sending topic 'field' as :variables={'currentTimestep': nan}
INFO       2022-06-19 23:46:06,601: topic='field' sending data='{"currentTimestep": NaN}' as format_msg_with_header(msgToSend)=b'49   field                    {"currentTimestep": NaN}'
INFO       2022-06-19 23:46:06,734: Sending topic 'field' as :variables={'currentTimestep': nan}
INFO       2022-06-19 23:46:06,734: topic='field' sending data='{"currentTimestep": NaN}' as format_msg_with_header(msgToSend)=b'49   field                    {"currentTimestep": NaN}'
INFO       2022-06-19 23:46:06,886: Sending topic 'field' as :variables={'currentTimestep': nan}
INFO       2022-06-19 23:46:06,886: topic='field' sending data='{"currentTimestep": NaN}' as format_msg_with_header(msgToSend)=b'49   field                    {"currentTimestep": NaN}'
INFO       2022-06-19 23:46:07,034: Sending topic 'field' as :variables={'currentTimestep': nan}
INFO       2022-06-19 23:46:07,034: topic='field' sending data='{"currentTimestep": NaN}' as format_msg_with_header(msgToSend)=b'49   field                    {"currentTimestep": NaN}'
INFO       2022-06-19 23:46:07,173: Sending topic 'field' as :variables={'currentTimestep': nan}
INFO       2022-06-19 23:46:07,173: topic='field' sending data='{"currentTimestep": NaN}' as format_msg_with_header(msgToSend)=b'49   field                    {"currentTimestep": NaN}'
INFO       2022-06-19 23:46:07,328: Sending topic 'field' as :variables={'currentTimestep': nan}
INFO       2022-06-19 23:46:07,328: topic='field' sending data='{"currentTimestep": NaN}' as format_msg_with_header(msgToSend)=b'49   field                    {"currentTimestep": NaN}'
INFO       2022-06-19 23:46:07,477: Sending topic 'field' as :variables={'currentTimestep': nan}
INFO       2022-06-19 23:46:07,477: topic='field' sending data='{"currentTimestep": NaN}' as format_msg_with_header(msgToSend)=b'49   field                    {"currentTimestep": NaN}'
INFO       2022-06-19 23:46:07,629: Sending topic 'field' as :variables={'currentTimestep': nan}
INFO       2022-06-19 23:46:07,629: topic='field' sending data='{"currentTimestep": NaN}' as format_msg_with_header(msgToSend)=b'49   field                    {"currentTimestep": NaN}'
INFO       2022-06-19 23:46:07,773: Sending topic 'field' as :variables={'currentTimestep': nan}
INFO       2022-06-19 23:46:07,773: topic='field' sending data='{"currentTimestep": NaN}' as format_msg_with_header(msgToSend)=b'49   field                    {"currentTimestep": NaN}'
INFO       2022-06-19 23:46:07,908: Sending topic 'field' as :variables={'currentTimestep': nan}
INFO       2022-06-19 23:46:07,908: topic='field' sending data='{"currentTimestep": NaN}' as format_msg_with_header(msgToSend)=b'49   field                    {"currentTimestep": NaN}'
INFO       2022-06-19 23:46:08,072: Sending topic 'field' as :variables={'currentTimestep': nan}
INFO       2022-06-19 23:46:08,072: topic='field' sending data='{"currentTimestep": NaN}' as format_msg_with_header(msgToSend)=b'49   field                    {"currentTimestep": NaN}'
INFO       2022-06-19 23:46:08,240: Sending topic 'field' as :variables={'currentTimestep': nan}
INFO       2022-06-19 23:46:08,240: topic='field' sending data='{"currentTimestep": NaN}' as format_msg_with_header(msgToSend)=b'49   field                    {"currentTimestep": NaN}'
INFO       2022-06-19 23:46:08,369: Sending topic 'field' as :variables={'currentTimestep': nan}
INFO       2022-06-19 23:46:08,369: topic='field' sending data='{"currentTimestep": NaN}' as format_msg_with_header(msgToSend)=b'49   field                    {"currentTimestep": NaN}'
INFO       2022-06-19 23:46:08,536: Sending topic 'field' as :variables={'currentTimestep': nan}
INFO       2022-06-19 23:46:08,536: topic='field' sending data='{"currentTimestep": NaN}' as format_msg_with_header(msgToSend)=b'49   field                    {"currentTimestep": NaN}'
INFO       2022-06-19 23:46:08,688: Sending topic 'field' as :variables={'currentTimestep': nan}
INFO       2022-06-19 23:46:08,688: topic='field' sending data='{"currentTimestep": NaN}' as format_msg_with_header(msgToSend)=b'49   field                    {"currentTimestep": NaN}'
INFO       2022-06-19 23:46:08,824: Sending topic 'field' as :variables={'currentTimestep': nan}
INFO       2022-06-19 23:46:08,824: topic='field' sending data='{"currentTimestep": NaN}' as format_msg_with_header(msgToSend)=b'49   field                    {"currentTimestep": NaN}'
INFO       2022-06-19 23:46:08,979: Sending topic 'field' as :variables={'currentTimestep': nan}
INFO       2022-06-19 23:46:08,979: topic='field' sending data='{"currentTimestep": NaN}' as format_msg_with_header(msgToSend)=b'49   field                    {"currentTimestep": NaN}'
INFO       2022-06-19 23:46:09,131: Sending topic 'field' as :variables={'currentTimestep': nan}
INFO       2022-06-19 23:46:09,131: topic='field' sending data='{"currentTimestep": NaN}' as format_msg_with_header(msgToSend)=b'49   field                    {"currentTimestep": NaN}'
INFO       2022-06-19 23:46:09,279: Sending topic 'field' as :variables={'currentTimestep': nan}
INFO       2022-06-19 23:46:09,279: topic='field' sending data='{"currentTimestep": NaN}' as format_msg_with_header(msgToSend)=b'49   field                    {"currentTimestep": NaN}'
INFO       2022-06-19 23:46:09,430: Sending topic 'field' as :variables={'currentTimestep': nan}
INFO       2022-06-19 23:46:09,430: topic='field' sending data='{"currentTimestep": NaN}' as format_msg_with_header(msgToSend)=b'49   field                    {"currentTimestep": NaN}'
INFO       2022-06-19 23:46:09,590: Sending topic 'field' as :variables={'currentTimestep': nan}
INFO       2022-06-19 23:46:09,591: topic='field' sending data='{"currentTimestep": NaN}' as format_msg_with_header(msgToSend)=b'49   field                    {"currentTimestep": NaN}'
INFO       2022-06-19 23:46:09,718: Sending topic 'field' as :variables={'currentTimestep': nan}
INFO       2022-06-19 23:46:09,718: topic='field' sending data='{"currentTimestep": NaN}' as format_msg_with_header(msgToSend)=b'49   field                    {"currentTimestep": NaN}'
INFO       2022-06-19 23:46:09,901: Sending topic 'field' as :variables={'currentTimestep': nan}
INFO       2022-06-19 23:46:09,902: topic='field' sending data='{"currentTimestep": NaN}' as format_msg_with_header(msgToSend)=b'49   field                    {"currentTimestep": NaN}'
INFO       2022-06-19 23:46:10,058: Sending topic 'field' as :variables={'currentTimestep': nan}
INFO       2022-06-19 23:46:10,058: topic='field' sending data='{"currentTimestep": NaN}' as format_msg_with_header(msgToSend)=b'49   field                    {"currentTimestep": NaN}'
INFO       2022-06-19 23:46:10,211: Sending topic 'field' as :variables={'currentTimestep': nan}
INFO       2022-06-19 23:46:10,211: topic='field' sending data='{"currentTimestep": NaN}' as format_msg_with_header(msgToSend)=b'49   field                    {"currentTimestep": NaN}'
INFO       2022-06-19 23:46:10,396: Sending topic 'field' as :variables={'currentTimestep': nan}
INFO       2022-06-19 23:46:10,396: topic='field' sending data='{"currentTimestep": NaN}' as format_msg_with_header(msgToSend)=b'49   field                    {"currentTimestep": NaN}'
INFO       2022-06-19 23:46:10,553: Sending topic 'field' as :variables={'currentTimestep': nan}
INFO       2022-06-19 23:46:10,554: topic='field' sending data='{"currentTimestep": NaN}' as format_msg_with_header(msgToSend)=b'49   field                    {"currentTimestep": NaN}'
INFO       2022-06-19 23:46:10,707: Sending topic 'field' as :variables={'currentTimestep': nan}
INFO       2022-06-19 23:46:10,709: topic='field' sending data='{"currentTimestep": NaN}' as format_msg_with_header(msgToSend)=b'49   field                    {"currentTimestep": NaN}'
INFO       2022-06-19 23:46:10,856: Sending topic 'field' as :variables={'currentTimestep': nan}
INFO       2022-06-19 23:46:10,856: topic='field' sending data='{"currentTimestep": NaN}' as format_msg_with_header(msgToSend)=b'49   field                    {"currentTimestep": NaN}'
INFO       2022-06-19 23:46:11,012: Sending topic 'field' as :variables={'currentTimestep': nan}
INFO       2022-06-19 23:46:11,012: topic='field' sending data='{"currentTimestep": NaN}' as format_msg_with_header(msgToSend)=b'49   field                    {"currentTimestep": NaN}'
INFO       2022-06-19 23:46:11,158: Sending topic 'field' as :variables={'currentTimestep': nan}
INFO       2022-06-19 23:46:11,158: topic='field' sending data='{"currentTimestep": NaN}' as format_msg_with_header(msgToSend)=b'49   field                    {"currentTimestep": NaN}'
INFO       2022-06-19 23:46:11,338: Sending topic 'field' as :variables={'currentTimestep': nan}
INFO       2022-06-19 23:46:11,338: topic='field' sending data='{"currentTimestep": NaN}' as format_msg_with_header(msgToSend)=b'49   field                    {"currentTimestep": NaN}'
INFO       2022-06-19 23:46:11,450: Sending topic 'field' as :variables={'currentTimestep': nan}
INFO       2022-06-19 23:46:11,450: topic='field' sending data='{"currentTimestep": NaN}' as format_msg_with_header(msgToSend)=b'49   field                    {"currentTimestep": NaN}'
INFO       2022-06-19 23:46:11,602: Sending topic 'field' as :variables={'currentTimestep': nan}
INFO       2022-06-19 23:46:11,603: topic='field' sending data='{"currentTimestep": NaN}' as format_msg_with_header(msgToSend)=b'49   field                    {"currentTimestep": NaN}'
INFO       2022-06-19 23:46:11,786: Sending topic 'field' as :variables={'currentTimestep': nan}
INFO       2022-06-19 23:46:11,787: topic='field' sending data='{"currentTimestep": NaN}' as format_msg_with_header(msgToSend)=b'49   field                    {"currentTimestep": NaN}'
INFO       2022-06-19 23:46:11,943: Sending topic 'field' as :variables={'currentTimestep': nan}
INFO       2022-06-19 23:46:11,943: topic='field' sending data='{"currentTimestep": NaN}' as format_msg_with_header(msgToSend)=b'49   field                    {"currentTimestep": NaN}'
INFO       2022-06-19 23:46:12,087: Sending topic 'field' as :variables={'currentTimestep': nan}
INFO       2022-06-19 23:46:12,087: topic='field' sending data='{"currentTimestep": NaN}' as format_msg_with_header(msgToSend)=b'49   field                    {"currentTimestep": NaN}'
INFO       2022-06-19 23:46:12,258: Sending topic 'field' as :variables={'currentTimestep': nan}
INFO       2022-06-19 23:46:12,258: topic='field' sending data='{"currentTimestep": NaN}' as format_msg_with_header(msgToSend)=b'49   field                    {"currentTimestep": NaN}'
INFO       2022-06-19 23:46:12,432: Sending topic 'field' as :variables={'currentTimestep': nan}
INFO       2022-06-19 23:46:12,432: topic='field' sending data='{"currentTimestep": NaN}' as format_msg_with_header(msgToSend)=b'49   field                    {"currentTimestep": NaN}'
INFO       2022-06-19 23:46:12,559: Sending topic 'field' as :variables={'currentTimestep': nan}
INFO       2022-06-19 23:46:12,560: topic='field' sending data='{"currentTimestep": NaN}' as format_msg_with_header(msgToSend)=b'49   field                    {"currentTimestep": NaN}'
INFO       2022-06-19 23:46:12,682: Sending topic 'field' as :variables={'currentTimestep': nan}
INFO       2022-06-19 23:46:12,682: topic='field' sending data='{"currentTimestep": NaN}' as format_msg_with_header(msgToSend)=b'49   field                    {"currentTimestep": NaN}'
INFO       2022-06-19 23:46:12,847: Sending topic 'field' as :variables={'currentTimestep': nan}
INFO       2022-06-19 23:46:12,847: topic='field' sending data='{"currentTimestep": NaN}' as format_msg_with_header(msgToSend)=b'49   field                    {"currentTimestep": NaN}'
INFO       2022-06-19 23:46:12,995: Sending topic 'field' as :variables={'currentTimestep': nan}
INFO       2022-06-19 23:46:12,995: topic='field' sending data='{"currentTimestep": NaN}' as format_msg_with_header(msgToSend)=b'49   field                    {"currentTimestep": NaN}'
INFO       2022-06-19 23:46:13,127: Sending topic 'field' as :variables={'currentTimestep': nan}
INFO       2022-06-19 23:46:13,127: topic='field' sending data='{"currentTimestep": NaN}' as format_msg_with_header(msgToSend)=b'49   field                    {"currentTimestep": NaN}'
INFO       2022-06-19 23:46:13,279: Sending topic 'field' as :variables={'currentTimestep': nan}
INFO       2022-06-19 23:46:13,279: topic='field' sending data='{"currentTimestep": NaN}' as format_msg_with_header(msgToSend)=b'49   field                    {"currentTimestep": NaN}'
INFO       2022-06-19 23:46:13,433: Sending topic 'field' as :variables={'currentTimestep': nan}
INFO       2022-06-19 23:46:13,433: topic='field' sending data='{"currentTimestep": NaN}' as format_msg_with_header(msgToSend)=b'49   field                    {"currentTimestep": NaN}'
INFO       2022-06-19 23:46:13,600: Sending topic 'field' as :variables={'currentTimestep': nan}
INFO       2022-06-19 23:46:13,600: topic='field' sending data='{"currentTimestep": NaN}' as format_msg_with_header(msgToSend)=b'49   field                    {"currentTimestep": NaN}'
INFO       2022-06-19 23:46:13,711: Sending topic 'field' as :variables={'currentTimestep': nan}
INFO       2022-06-19 23:46:13,711: topic='field' sending data='{"currentTimestep": NaN}' as format_msg_with_header(msgToSend)=b'49   field                    {"currentTimestep": NaN}'
INFO       2022-06-19 23:46:13,896: Sending topic 'field' as :variables={'currentTimestep': nan}
INFO       2022-06-19 23:46:13,896: topic='field' sending data='{"currentTimestep": NaN}' as format_msg_with_header(msgToSend)=b'49   field                    {"currentTimestep": NaN}'
INFO       2022-06-19 23:46:14,032: Sending topic 'field' as :variables={'currentTimestep': nan}
INFO       2022-06-19 23:46:14,032: topic='field' sending data='{"currentTimestep": NaN}' as format_msg_with_header(msgToSend)=b'49   field                    {"currentTimestep": NaN}'
INFO       2022-06-19 23:46:14,172: Sending topic 'field' as :variables={'currentTimestep': nan}
INFO       2022-06-19 23:46:14,172: topic='field' sending data='{"currentTimestep": NaN}' as format_msg_with_header(msgToSend)=b'49   field                    {"currentTimestep": NaN}'
INFO       2022-06-19 23:46:14,338: Sending topic 'field' as :variables={'currentTimestep': nan}
INFO       2022-06-19 23:46:14,338: topic='field' sending data='{"currentTimestep": NaN}' as format_msg_with_header(msgToSend)=b'49   field                    {"currentTimestep": NaN}'
INFO       2022-06-19 23:46:14,506: Sending topic 'field' as :variables={'currentTimestep': nan}
INFO       2022-06-19 23:46:14,506: topic='field' sending data='{"currentTimestep": NaN}' as format_msg_with_header(msgToSend)=b'49   field                    {"currentTimestep": NaN}'
INFO       2022-06-19 23:46:14,638: Sending topic 'field' as :variables={'currentTimestep': nan}
INFO       2022-06-19 23:46:14,638: topic='field' sending data='{"currentTimestep": NaN}' as format_msg_with_header(msgToSend)=b'49   field                    {"currentTimestep": NaN}'
INFO       2022-06-19 23:46:14,778: Sending topic 'field' as :variables={'currentTimestep': nan}
INFO       2022-06-19 23:46:14,778: topic='field' sending data='{"currentTimestep": NaN}' as format_msg_with_header(msgToSend)=b'49   field                    {"currentTimestep": NaN}'
INFO       2022-06-19 23:46:14,922: Sending topic 'field' as :variables={'currentTimestep': nan}
INFO       2022-06-19 23:46:14,922: topic='field' sending data='{"currentTimestep": NaN}' as format_msg_with_header(msgToSend)=b'49   field                    {"currentTimestep": NaN}'
INFO       2022-06-19 23:46:15,077: Sending topic 'field' as :variables={'currentTimestep': nan}
INFO       2022-06-19 23:46:15,077: topic='field' sending data='{"currentTimestep": NaN}' as format_msg_with_header(msgToSend)=b'49   field                    {"currentTimestep": NaN}'
INFO       2022-06-19 23:46:15,262: Sending topic 'field' as :variables={'currentTimestep': nan}
INFO       2022-06-19 23:46:15,262: topic='field' sending data='{"currentTimestep": NaN}' as format_msg_with_header(msgToSend)=b'49   field                    {"currentTimestep": NaN}'
INFO       2022-06-19 23:46:15,414: Sending topic 'field' as :variables={'currentTimestep': nan}
INFO       2022-06-19 23:46:15,414: topic='field' sending data='{"currentTimestep": NaN}' as format_msg_with_header(msgToSend)=b'49   field                    {"currentTimestep": NaN}'
INFO       2022-06-19 23:46:15,574: Sending topic 'field' as :variables={'currentTimestep': nan}
INFO       2022-06-19 23:46:15,574: topic='field' sending data='{"currentTimestep": NaN}' as format_msg_with_header(msgToSend)=b'49   field                    {"currentTimestep": NaN}'
INFO       2022-06-19 23:46:15,730: Sending topic 'field' as :variables={'currentTimestep': nan}
INFO       2022-06-19 23:46:15,730: topic='field' sending data='{"currentTimestep": NaN}' as format_msg_with_header(msgToSend)=b'49   field                    {"currentTimestep": NaN}'
INFO       2022-06-19 23:46:15,881: Sending topic 'field' as :variables={'currentTimestep': nan}
INFO       2022-06-19 23:46:15,881: topic='field' sending data='{"currentTimestep": NaN}' as format_msg_with_header(msgToSend)=b'49   field                    {"currentTimestep": NaN}'
INFO       2022-06-19 23:46:16,001: Sending topic 'field' as :variables={'currentTimestep': nan}
INFO       2022-06-19 23:46:16,001: topic='field' sending data='{"currentTimestep": NaN}' as format_msg_with_header(msgToSend)=b'49   field                    {"currentTimestep": NaN}'
INFO       2022-06-19 23:46:16,165: Sending topic 'field' as :variables={'currentTimestep': nan}
INFO       2022-06-19 23:46:16,165: topic='field' sending data='{"currentTimestep": NaN}' as format_msg_with_header(msgToSend)=b'49   field                    {"currentTimestep": NaN}'
INFO       2022-06-19 23:46:16,329: Sending topic 'field' as :variables={'currentTimestep': nan}
INFO       2022-06-19 23:46:16,329: topic='field' sending data='{"currentTimestep": NaN}' as format_msg_with_header(msgToSend)=b'49   field                    {"currentTimestep": NaN}'
INFO       2022-06-19 23:46:16,476: Sending topic 'field' as :variables={'currentTimestep': nan}
INFO       2022-06-19 23:46:16,476: topic='field' sending data='{"currentTimestep": NaN}' as format_msg_with_header(msgToSend)=b'49   field                    {"currentTimestep": NaN}'
INFO       2022-06-19 23:46:16,641: Sending topic 'field' as :variables={'currentTimestep': nan}
INFO       2022-06-19 23:46:16,641: topic='field' sending data='{"currentTimestep": NaN}' as format_msg_with_header(msgToSend)=b'49   field                    {"currentTimestep": NaN}'
INFO       2022-06-19 23:46:16,793: Sending topic 'field' as :variables={'currentTimestep': nan}
INFO       2022-06-19 23:46:16,793: topic='field' sending data='{"currentTimestep": NaN}' as format_msg_with_header(msgToSend)=b'49   field                    {"currentTimestep": NaN}'
INFO       2022-06-19 23:46:16,933: Sending topic 'field' as :variables={'currentTimestep': nan}
INFO       2022-06-19 23:46:16,933: topic='field' sending data='{"currentTimestep": NaN}' as format_msg_with_header(msgToSend)=b'49   field                    {"currentTimestep": NaN}'
INFO       2022-06-19 23:46:17,061: Sending topic 'field' as :variables={'currentTimestep': nan}
INFO       2022-06-19 23:46:17,061: topic='field' sending data='{"currentTimestep": NaN}' as format_msg_with_header(msgToSend)=b'49   field                    {"currentTimestep": NaN}'
INFO       2022-06-19 23:46:17,185: Sending topic 'field' as :variables={'currentTimestep': nan}
INFO       2022-06-19 23:46:17,185: topic='field' sending data='{"currentTimestep": NaN}' as format_msg_with_header(msgToSend)=b'49   field                    {"currentTimestep": NaN}'
INFO       2022-06-19 23:46:17,352: Sending topic 'field' as :variables={'currentTimestep': nan}
INFO       2022-06-19 23:46:17,352: topic='field' sending data='{"currentTimestep": NaN}' as format_msg_with_header(msgToSend)=b'49   field                    {"currentTimestep": NaN}'
INFO       2022-06-19 23:46:17,513: Sending topic 'field' as :variables={'currentTimestep': nan}
INFO       2022-06-19 23:46:17,513: topic='field' sending data='{"currentTimestep": NaN}' as format_msg_with_header(msgToSend)=b'49   field                    {"currentTimestep": NaN}'
INFO       2022-06-19 23:46:17,641: Sending topic 'field' as :variables={'currentTimestep': nan}
INFO       2022-06-19 23:46:17,641: topic='field' sending data='{"currentTimestep": NaN}' as format_msg_with_header(msgToSend)=b'49   field                    {"currentTimestep": NaN}'
INFO       2022-06-19 23:46:17,792: Sending topic 'field' as :variables={'currentTimestep': nan}
INFO       2022-06-19 23:46:17,792: topic='field' sending data='{"currentTimestep": NaN}' as format_msg_with_header(msgToSend)=b'49   field                    {"currentTimestep": NaN}'
INFO       2022-06-19 23:46:17,953: Sending topic 'field' as :variables={'currentTimestep': nan}
INFO       2022-06-19 23:46:17,953: topic='field' sending data='{"currentTimestep": NaN}' as format_msg_with_header(msgToSend)=b'49   field                    {"currentTimestep": NaN}'
INFO       2022-06-19 23:46:18,098: Sending topic 'field' as :variables={'currentTimestep': nan}
INFO       2022-06-19 23:46:18,098: topic='field' sending data='{"currentTimestep": NaN}' as format_msg_with_header(msgToSend)=b'49   field                    {"currentTimestep": NaN}'
INFO       2022-06-19 23:46:18,260: Sending topic 'field' as :variables={'currentTimestep': nan}
INFO       2022-06-19 23:46:18,260: topic='field' sending data='{"currentTimestep": NaN}' as format_msg_with_header(msgToSend)=b'49   field                    {"currentTimestep": NaN}'
INFO       2022-06-19 23:46:18,391: Sending topic 'field' as :variables={'currentTimestep': nan}
INFO       2022-06-19 23:46:18,391: topic='field' sending data='{"currentTimestep": NaN}' as format_msg_with_header(msgToSend)=b'49   field                    {"currentTimestep": NaN}'
INFO       2022-06-19 23:46:18,547: Sending topic 'field' as :variables={'currentTimestep': nan}
INFO       2022-06-19 23:46:18,547: topic='field' sending data='{"currentTimestep": NaN}' as format_msg_with_header(msgToSend)=b'49   field                    {"currentTimestep": NaN}'
INFO       2022-06-19 23:46:18,667: Sending topic 'field' as :variables={'currentTimestep': nan}
INFO       2022-06-19 23:46:18,667: topic='field' sending data='{"currentTimestep": NaN}' as format_msg_with_header(msgToSend)=b'49   field                    {"currentTimestep": NaN}'
INFO       2022-06-19 23:46:18,815: Sending topic 'field' as :variables={'currentTimestep': nan}
INFO       2022-06-19 23:46:18,815: topic='field' sending data='{"currentTimestep": NaN}' as format_msg_with_header(msgToSend)=b'49   field                    {"currentTimestep": NaN}'
INFO       2022-06-19 23:46:18,982: Sending topic 'field' as :variables={'currentTimestep': nan}
INFO       2022-06-19 23:46:18,982: topic='field' sending data='{"currentTimestep": NaN}' as format_msg_with_header(msgToSend)=b'49   field                    {"currentTimestep": NaN}'
INFO       2022-06-19 23:46:19,123: Sending topic 'field' as :variables={'currentTimestep': nan}
INFO       2022-06-19 23:46:19,123: topic='field' sending data='{"currentTimestep": NaN}' as format_msg_with_header(msgToSend)=b'49   field                    {"currentTimestep": NaN}'
INFO       2022-06-19 23:46:19,289: Sending topic 'field' as :variables={'currentTimestep': nan}
INFO       2022-06-19 23:46:19,289: topic='field' sending data='{"currentTimestep": NaN}' as format_msg_with_header(msgToSend)=b'49   field                    {"currentTimestep": NaN}'
INFO       2022-06-19 23:46:19,436: Sending topic 'field' as :variables={'currentTimestep': nan}
INFO       2022-06-19 23:46:19,436: topic='field' sending data='{"currentTimestep": NaN}' as format_msg_with_header(msgToSend)=b'49   field                    {"currentTimestep": NaN}'
INFO       2022-06-19 23:46:19,576: Sending topic 'field' as :variables={'currentTimestep': nan}
INFO       2022-06-19 23:46:19,576: topic='field' sending data='{"currentTimestep": NaN}' as format_msg_with_header(msgToSend)=b'49   field                    {"currentTimestep": NaN}'
INFO       2022-06-19 23:46:19,700: Sending topic 'field' as :variables={'currentTimestep': nan}
INFO       2022-06-19 23:46:19,700: topic='field' sending data='{"currentTimestep": NaN}' as format_msg_with_header(msgToSend)=b'49   field                    {"currentTimestep": NaN}'
INFO       2022-06-19 23:46:19,843: Sending topic 'field' as :variables={'currentTimestep': nan}
INFO       2022-06-19 23:46:19,843: topic='field' sending data='{"currentTimestep": NaN}' as format_msg_with_header(msgToSend)=b'49   field                    {"currentTimestep": NaN}'
INFO       2022-06-19 23:46:19,976: Sending topic 'field' as :variables={'currentTimestep': nan}
INFO       2022-06-19 23:46:19,976: topic='field' sending data='{"currentTimestep": NaN}' as format_msg_with_header(msgToSend)=b'49   field                    {"currentTimestep": NaN}'
INFO       2022-06-19 23:46:20,131: Sending topic 'field' as :variables={'currentTimestep': nan}
INFO       2022-06-19 23:46:20,131: topic='field' sending data='{"currentTimestep": NaN}' as format_msg_with_header(msgToSend)=b'49   field                    {"currentTimestep": NaN}'
INFO       2022-06-19 23:46:20,254: Sending topic 'field' as :variables={'currentTimestep': nan}
INFO       2022-06-19 23:46:20,254: topic='field' sending data='{"currentTimestep": NaN}' as format_msg_with_header(msgToSend)=b'49   field                    {"currentTimestep": NaN}'
INFO       2022-06-19 23:46:20,423: Sending topic 'field' as :variables={'currentTimestep': nan}
INFO       2022-06-19 23:46:20,424: topic='field' sending data='{"currentTimestep": NaN}' as format_msg_with_header(msgToSend)=b'49   field                    {"currentTimestep": NaN}'
INFO       2022-06-19 23:46:20,559: Sending topic 'field' as :variables={'currentTimestep': nan}
INFO       2022-06-19 23:46:20,560: topic='field' sending data='{"currentTimestep": NaN}' as format_msg_with_header(msgToSend)=b'49   field                    {"currentTimestep": NaN}'
INFO       2022-06-19 23:46:20,695: Sending topic 'field' as :variables={'currentTimestep': nan}
INFO       2022-06-19 23:46:20,695: topic='field' sending data='{"currentTimestep": NaN}' as format_msg_with_header(msgToSend)=b'49   field                    {"currentTimestep": NaN}'
INFO       2022-06-19 23:46:20,870: Sending topic 'field' as :variables={'currentTimestep': nan}
INFO       2022-06-19 23:46:20,870: topic='field' sending data='{"currentTimestep": NaN}' as format_msg_with_header(msgToSend)=b'49   field                    {"currentTimestep": NaN}'
INFO       2022-06-19 23:46:21,026: Sending topic 'field' as :variables={'currentTimestep': nan}
INFO       2022-06-19 23:46:21,026: topic='field' sending data='{"currentTimestep": NaN}' as format_msg_with_header(msgToSend)=b'49   field                    {"currentTimestep": NaN}'
INFO       2022-06-19 23:46:21,170: Sending topic 'field' as :variables={'currentTimestep': nan}
INFO       2022-06-19 23:46:21,170: topic='field' sending data='{"currentTimestep": NaN}' as format_msg_with_header(msgToSend)=b'49   field                    {"currentTimestep": NaN}'
INFO       2022-06-19 23:46:21,338: Sending topic 'field' as :variables={'currentTimestep': nan}
INFO       2022-06-19 23:46:21,338: topic='field' sending data='{"currentTimestep": NaN}' as format_msg_with_header(msgToSend)=b'49   field                    {"currentTimestep": NaN}'
INFO       2022-06-19 23:46:21,486: Sending topic 'field' as :variables={'currentTimestep': nan}
INFO       2022-06-19 23:46:21,486: topic='field' sending data='{"currentTimestep": NaN}' as format_msg_with_header(msgToSend)=b'49   field                    {"currentTimestep": NaN}'
INFO       2022-06-19 23:46:21,644: Sending topic 'field' as :variables={'currentTimestep': nan}
INFO       2022-06-19 23:46:21,644: topic='field' sending data='{"currentTimestep": NaN}' as format_msg_with_header(msgToSend)=b'49   field                    {"currentTimestep": NaN}'
INFO       2022-06-19 23:46:21,798: Sending topic 'field' as :variables={'currentTimestep': nan}
INFO       2022-06-19 23:46:21,799: topic='field' sending data='{"currentTimestep": NaN}' as format_msg_with_header(msgToSend)=b'49   field                    {"currentTimestep": NaN}'
INFO       2022-06-19 23:46:21,959: Sending topic 'field' as :variables={'currentTimestep': nan}
INFO       2022-06-19 23:46:21,959: topic='field' sending data='{"currentTimestep": NaN}' as format_msg_with_header(msgToSend)=b'49   field                    {"currentTimestep": NaN}'
INFO       2022-06-19 23:46:22,115: Sending topic 'field' as :variables={'currentTimestep': nan}
INFO       2022-06-19 23:46:22,115: topic='field' sending data='{"currentTimestep": NaN}' as format_msg_with_header(msgToSend)=b'49   field                    {"currentTimestep": NaN}'
INFO       2022-06-19 23:46:22,259: Sending topic 'field' as :variables={'currentTimestep': nan}
INFO       2022-06-19 23:46:22,259: topic='field' sending data='{"currentTimestep": NaN}' as format_msg_with_header(msgToSend)=b'49   field                    {"currentTimestep": NaN}'
INFO       2022-06-19 23:46:22,403: Sending topic 'field' as :variables={'currentTimestep': nan}
INFO       2022-06-19 23:46:22,403: topic='field' sending data='{"currentTimestep": NaN}' as format_msg_with_header(msgToSend)=b'49   field                    {"currentTimestep": NaN}'
INFO       2022-06-19 23:46:22,524: Sending topic 'field' as :variables={'currentTimestep': nan}
INFO       2022-06-19 23:46:22,524: topic='field' sending data='{"currentTimestep": NaN}' as format_msg_with_header(msgToSend)=b'49   field                    {"currentTimestep": NaN}'
INFO       2022-06-19 23:46:22,669: Sending topic 'field' as :variables={'currentTimestep': nan}
INFO       2022-06-19 23:46:22,669: topic='field' sending data='{"currentTimestep": NaN}' as format_msg_with_header(msgToSend)=b'49   field                    {"currentTimestep": NaN}'
INFO       2022-06-19 23:46:22,796: Sending topic 'field' as :variables={'currentTimestep': nan}
INFO       2022-06-19 23:46:22,796: topic='field' sending data='{"currentTimestep": NaN}' as format_msg_with_header(msgToSend)=b'49   field                    {"currentTimestep": NaN}'
INFO       2022-06-19 23:46:22,951: Sending topic 'field' as :variables={'currentTimestep': nan}
INFO       2022-06-19 23:46:22,951: topic='field' sending data='{"currentTimestep": NaN}' as format_msg_with_header(msgToSend)=b'49   field                    {"currentTimestep": NaN}'
INFO       2022-06-19 23:46:23,068: Sending topic 'field' as :variables={'currentTimestep': nan}
INFO       2022-06-19 23:46:23,068: topic='field' sending data='{"currentTimestep": NaN}' as format_msg_with_header(msgToSend)=b'49   field                    {"currentTimestep": NaN}'
INFO       2022-06-19 23:46:23,231: Sending topic 'field' as :variables={'currentTimestep': nan}
INFO       2022-06-19 23:46:23,231: topic='field' sending data='{"currentTimestep": NaN}' as format_msg_with_header(msgToSend)=b'49   field                    {"currentTimestep": NaN}'
INFO       2022-06-19 23:46:23,392: Sending topic 'field' as :variables={'currentTimestep': nan}
INFO       2022-06-19 23:46:23,392: topic='field' sending data='{"currentTimestep": NaN}' as format_msg_with_header(msgToSend)=b'49   field                    {"currentTimestep": NaN}'
INFO       2022-06-19 23:46:23,548: Sending topic 'field' as :variables={'currentTimestep': nan}
INFO       2022-06-19 23:46:23,548: topic='field' sending data='{"currentTimestep": NaN}' as format_msg_with_header(msgToSend)=b'49   field                    {"currentTimestep": NaN}'
INFO       2022-06-19 23:46:23,656: Sending topic 'field' as :variables={'currentTimestep': nan}
INFO       2022-06-19 23:46:23,656: topic='field' sending data='{"currentTimestep": NaN}' as format_msg_with_header(msgToSend)=b'49   field                    {"currentTimestep": NaN}'
INFO       2022-06-19 23:46:23,800: Sending topic 'field' as :variables={'currentTimestep': nan}
INFO       2022-06-19 23:46:23,800: topic='field' sending data='{"currentTimestep": NaN}' as format_msg_with_header(msgToSend)=b'49   field                    {"currentTimestep": NaN}'
INFO       2022-06-19 23:46:23,948: Sending topic 'field' as :variables={'currentTimestep': nan}
INFO       2022-06-19 23:46:23,948: topic='field' sending data='{"currentTimestep": NaN}' as format_msg_with_header(msgToSend)=b'49   field                    {"currentTimestep": NaN}'
INFO       2022-06-19 23:46:24,108: Sending topic 'field' as :variables={'currentTimestep': nan}
INFO       2022-06-19 23:46:24,108: topic='field' sending data='{"currentTimestep": NaN}' as format_msg_with_header(msgToSend)=b'49   field                    {"currentTimestep": NaN}'
INFO       2022-06-19 23:46:24,268: Sending topic 'field' as :variables={'currentTimestep': nan}
INFO       2022-06-19 23:46:24,268: topic='field' sending data='{"currentTimestep": NaN}' as format_msg_with_header(msgToSend)=b'49   field                    {"currentTimestep": NaN}'
INFO       2022-06-19 23:46:24,391: Sending topic 'field' as :variables={'currentTimestep': nan}
INFO       2022-06-19 23:46:24,391: topic='field' sending data='{"currentTimestep": NaN}' as format_msg_with_header(msgToSend)=b'49   field                    {"currentTimestep": NaN}'
INFO       2022-06-19 23:46:24,529: Sending topic 'field' as :variables={'currentTimestep': nan}
INFO       2022-06-19 23:46:24,529: topic='field' sending data='{"currentTimestep": NaN}' as format_msg_with_header(msgToSend)=b'49   field                    {"currentTimestep": NaN}'
INFO       2022-06-19 23:46:24,674: Sending topic 'field' as :variables={'currentTimestep': nan}
INFO       2022-06-19 23:46:24,674: topic='field' sending data='{"currentTimestep": NaN}' as format_msg_with_header(msgToSend)=b'49   field                    {"currentTimestep": NaN}'
INFO       2022-06-19 23:46:24,846: Sending topic 'field' as :variables={'currentTimestep': nan}
INFO       2022-06-19 23:46:24,846: topic='field' sending data='{"currentTimestep": NaN}' as format_msg_with_header(msgToSend)=b'49   field                    {"currentTimestep": NaN}'
INFO       2022-06-19 23:46:24,994: Sending topic 'field' as :variables={'currentTimestep': nan}
INFO       2022-06-19 23:46:24,994: topic='field' sending data='{"currentTimestep": NaN}' as format_msg_with_header(msgToSend)=b'49   field                    {"currentTimestep": NaN}'
INFO       2022-06-19 23:46:25,138: Sending topic 'field' as :variables={'currentTimestep': nan}
INFO       2022-06-19 23:46:25,138: topic='field' sending data='{"currentTimestep": NaN}' as format_msg_with_header(msgToSend)=b'49   field                    {"currentTimestep": NaN}'
INFO       2022-06-19 23:46:25,294: Sending topic 'field' as :variables={'currentTimestep': nan}
INFO       2022-06-19 23:46:25,294: topic='field' sending data='{"currentTimestep": NaN}' as format_msg_with_header(msgToSend)=b'49   field                    {"currentTimestep": NaN}'
INFO       2022-06-19 23:46:25,456: Sending topic 'field' as :variables={'currentTimestep': nan}
INFO       2022-06-19 23:46:25,456: topic='field' sending data='{"currentTimestep": NaN}' as format_msg_with_header(msgToSend)=b'49   field                    {"currentTimestep": NaN}'
INFO       2022-06-19 23:46:25,621: Sending topic 'field' as :variables={'currentTimestep': nan}
INFO       2022-06-19 23:46:25,621: topic='field' sending data='{"currentTimestep": NaN}' as format_msg_with_header(msgToSend)=b'49   field                    {"currentTimestep": NaN}'
INFO       2022-06-19 23:46:25,787: Sending topic 'field' as :variables={'currentTimestep': nan}
INFO       2022-06-19 23:46:25,787: topic='field' sending data='{"currentTimestep": NaN}' as format_msg_with_header(msgToSend)=b'49   field                    {"currentTimestep": NaN}'
INFO       2022-06-19 23:46:25,962: Sending topic 'field' as :variables={'currentTimestep': nan}
INFO       2022-06-19 23:46:25,962: topic='field' sending data='{"currentTimestep": NaN}' as format_msg_with_header(msgToSend)=b'49   field                    {"currentTimestep": NaN}'
INFO       2022-06-19 23:46:26,103: Sending topic 'field' as :variables={'currentTimestep': nan}
INFO       2022-06-19 23:46:26,103: topic='field' sending data='{"currentTimestep": NaN}' as format_msg_with_header(msgToSend)=b'49   field                    {"currentTimestep": NaN}'
INFO       2022-06-19 23:46:26,239: Sending topic 'field' as :variables={'currentTimestep': nan}
INFO       2022-06-19 23:46:26,239: topic='field' sending data='{"currentTimestep": NaN}' as format_msg_with_header(msgToSend)=b'49   field                    {"currentTimestep": NaN}'
INFO       2022-06-19 23:46:26,363: Sending topic 'field' as :variables={'currentTimestep': nan}
INFO       2022-06-19 23:46:26,363: topic='field' sending data='{"currentTimestep": NaN}' as format_msg_with_header(msgToSend)=b'49   field                    {"currentTimestep": NaN}'
INFO       2022-06-19 23:46:26,518: Sending topic 'field' as :variables={'currentTimestep': nan}
INFO       2022-06-19 23:46:26,518: topic='field' sending data='{"currentTimestep": NaN}' as format_msg_with_header(msgToSend)=b'49   field                    {"currentTimestep": NaN}'
