INFO       2022-06-19 23:46:01,543: topic='atmosphere' sending data='{"pressure": 101.33272818959871, "temperature": 15.003117002066833, "density": 1.2259456871825118}' as format_msg_with_header(msgToSend)=b'123  atmosphere               {"pressure": 101.33272818959871, "temperature": 15.003117002066833, "density": 1.2259456871825118}'
DEBUG      2022-06-19 23:46:01,543: Timestep:     0-{'pressure': 101.33272818959871, 'temperature': 15.003117002066833, 'density': 1.2259456871825118}
INFO       2022-06-19 23:46:01,665: topic='atmosphere' sending data='{"pressure": 101.19574821640438, "temperature": 14.928979532428242, "density": 1.224603600062002}' as format_msg_with_header(msgToSend)=b'122  atmosphere               {"pressure": 101.19574821640438, "temperature": 14.928979532428242, "density": 1.224603600062002}'
DEBUG      2022-06-19 23:46:01,665: Timestep:   nan-{'pressure': 101.19574821640438, 'temperature': 14.928979532428242, 'density': 1.224603600062002}
INFO       2022-06-19 23:46:01,782: topic='atmosphere' sending data='{"pressure": 100.98959217286752, "temperature": 14.8172486743025, "density": 1.2225830955493446}' as format_msg_with_header(msgToSend)=b'121  atmosphere               {"pressure": 100.98959217286752, "temperature": 14.8172486743025, "density": 1.2225830955493446}'
DEBUG      2022-06-19 23:46:01,782: Timestep:   nan-{'pressure': 100.98959217286752, 'temperature': 14.8172486743025, 'density': 1.2225830955493446}
INFO       2022-06-19 23:46:01,870: topic='atmosphere' sending data='{"pressure": 100.71404172899605, "temperature": 14.6676192137432, "density": 1.219881240915416}' as format_msg_with_header(msgToSend)=b'120  atmosphere               {"pressure": 100.71404172899605, "temperature": 14.6676192137432, "density": 1.219881240915416}'
DEBUG      2022-06-19 23:46:01,870: Timestep:   nan-{'pressure': 100.71404172899605, 'temperature': 14.6676192137432, 'density': 1.219881240915416}
INFO       2022-06-19 23:46:01,994: topic='atmosphere' sending data='{"pressure": 100.36906259370116, "temperature": 14.479820554655555, "density": 1.2164966334787974}' as format_msg_with_header(msgToSend)=b'123  atmosphere               {"pressure": 100.36906259370116, "temperature": 14.479820554655555, "density": 1.2164966334787974}'
DEBUG      2022-06-19 23:46:01,994: Timestep:   nan-{'pressure': 100.36906259370116, 'temperature': 14.479820554655555, 'density': 1.2164966334787974}
INFO       2022-06-19 23:46:02,110: topic='atmosphere' sending data='{"pressure": 99.95480681589036, "temperature": 14.253617387162901, "density": 1.2124294230372696}' as format_msg_with_header(msgToSend)=b'122  atmosphere               {"pressure": 99.95480681589036, "temperature": 14.253617387162901, "density": 1.2124294230372696}'
DEBUG      2022-06-19 23:46:02,110: Timestep:   nan-{'pressure': 99.95480681589036, 'temperature': 14.253617387162901, 'density': 1.2124294230372696}
INFO       2022-06-19 23:46:02,230: topic='atmosphere' sending data='{"pressure": 99.4716137861013, "temperature": 13.988810096609676, "density": 1.20768132407639}' as format_msg_with_header(msgToSend)=b'119  atmosphere               {"pressure": 99.4716137861013, "temperature": 13.988810096609676, "density": 1.20768132407639}'
DEBUG      2022-06-19 23:46:02,230: Timestep:   nan-{'pressure': 99.4716137861013, 'temperature': 13.988810096609676, 'density': 1.20768132407639}
INFO       2022-06-19 23:46:02,379: topic='atmosphere' sending data='{"pressure": 98.92000991404971, "temperature": 13.685234903915713, "density": 1.202255617525055}' as format_msg_with_header(msgToSend)=b'121  atmosphere               {"pressure": 98.92000991404971, "temperature": 13.685234903915713, "density": 1.202255617525055}'
DEBUG      2022-06-19 23:46:02,379: Timestep:   nan-{'pressure': 98.92000991404971, 'temperature': 13.685234903915713, 'density': 1.202255617525055}
INFO       2022-06-19 23:46:02,508: topic='atmosphere' sending data='{"pressure": 98.30070697743041, "temperature": 13.342763731667743, "density": 1.1961571419828403}' as format_msg_with_header(msgToSend)=b'122  atmosphere               {"pressure": 98.30070697743041, "temperature": 13.342763731667743, "density": 1.1961571419828403}'
DEBUG      2022-06-19 23:46:02,508: Timestep:   nan-{'pressure': 98.30070697743041, 'temperature': 13.342763731667743, 'density': 1.1961571419828403}
INFO       2022-06-19 23:46:02,632: topic='atmosphere' sending data='{"pressure": 97.61459915758856, "temperature": 12.96130379415999, "density": 1.1893922745021197}' as format_msg_with_header(msgToSend)=b'121  atmosphere               {"pressure": 97.61459915758856, "temperature": 12.96130379415999, "density": 1.1893922745021197}'
DEBUG      2022-06-19 23:46:02,632: Timestep:   nan-{'pressure': 97.61459915758856, 'temperature': 12.96130379415999, 'density': 1.1893922745021197}
INFO       2022-06-19 23:46:02,812: topic='atmosphere' sending data='{"pressure": 96.86275879774382, "temperature": 12.5407969134823, "density": 1.181968901165448}' as format_msg_with_header(msgToSend)=b'119  atmosphere               {"pressure": 96.86275879774382, "temperature": 12.5407969134823, "density": 1.181968901165448}'
DEBUG      2022-06-19 23:46:02,812: Timestep:   nan-{'pressure': 96.86275879774382, 'temperature': 12.5407969134823, 'density': 1.181968901165448}
INFO       2022-06-19 23:46:02,952: topic='atmosphere' sending data='{"pressure": 96.04643093877934, "temperature": 12.081218567603884, "density": 1.1738963778514415}' as format_msg_with_header(msgToSend)=b'122  atmosphere               {"pressure": 96.04643093877934, "temperature": 12.081218567603884, "density": 1.1738963778514415}'
DEBUG      2022-06-19 23:46:02,952: Timestep:   nan-{'pressure': 96.04643093877934, 'temperature': 12.081218567603884, 'density': 1.1738963778514415}
INFO       2022-06-19 23:46:03,072: topic='atmosphere' sending data='{"pressure": 95.16702670567993, "temperature": 11.582576680117388, "density": 1.1651854817262763}' as format_msg_with_header(msgToSend)=b'122  atmosphere               {"pressure": 95.16702670567993, "temperature": 11.582576680117388, "density": 1.1651854817262763}'
DEBUG      2022-06-19 23:46:03,072: Timestep:   nan-{'pressure': 95.16702670567993, 'temperature': 11.582576680117388, 'density': 1.1651854817262763}
INFO       2022-06-19 23:46:03,216: topic='atmosphere' sending data='{"pressure": 94.22611563407642, "temperature": 11.044910164799095, "density": 1.155848354129516}' as format_msg_with_header(msgToSend)=b'121  atmosphere               {"pressure": 94.22611563407642, "temperature": 11.044910164799095, "density": 1.155848354129516}'
DEBUG      2022-06-19 23:46:03,216: Timestep:   nan-{'pressure': 94.22611563407642, 'temperature': 11.044910164799095, 'density': 1.155848354129516}
INFO       2022-06-19 23:46:03,336: topic='atmosphere' sending data='{"pressure": 93.22541704061454, "temperature": 10.468287241322956, "density": 1.1458984356389637}' as format_msg_with_header(msgToSend)=b'122  atmosphere               {"pressure": 93.22541704061454, "temperature": 10.468287241322956, "density": 1.1458984356389637}'
DEBUG      2022-06-19 23:46:03,336: Timestep:   nan-{'pressure': 93.22541704061454, 'temperature': 10.468287241322956, 'density': 1.1458984356389637}
INFO       2022-06-19 23:46:03,472: topic='atmosphere' sending data='{"pressure": 92.16679055269246, "temperature": 9.852803541265594, "density": 1.1353503941969527}' as format_msg_with_header(msgToSend)=b'121  atmosphere               {"pressure": 92.16679055269246, "temperature": 9.852803541265594, "density": 1.1353503941969527}'
DEBUG      2022-06-19 23:46:03,472: Timestep:   nan-{'pressure': 92.16679055269246, 'temperature': 9.852803541265594, 'density': 1.1353503941969527}
INFO       2022-06-19 23:46:03,611: topic='atmosphere' sending data='{"pressure": 91.05222592227233, "temperature": 9.198580025896984, "density": 1.1242200472580561}' as format_msg_with_header(msgToSend)=b'121  atmosphere               {"pressure": 91.05222592227233, "temperature": 9.198580025896984, "density": 1.1242200472580561}'
DEBUG      2022-06-19 23:46:03,611: Timestep:   nan-{'pressure': 91.05222592227233, 'temperature': 9.198580025896984, 'density': 1.1242200472580561}
INFO       2022-06-19 23:46:03,751: topic='atmosphere' sending data='{"pressure": 89.88383225481743, "temperature": 8.505760739123303, "density": 1.112524278974248}' as format_msg_with_header(msgToSend)=b'120  atmosphere               {"pressure": 89.88383225481743, "temperature": 8.505760739123303, "density": 1.112524278974248}'
DEBUG      2022-06-19 23:46:03,751: Timestep:   nan-{'pressure': 89.88383225481743, 'temperature': 8.505760739123303, 'density': 1.112524278974248}
INFO       2022-06-19 23:46:03,903: topic='atmosphere' sending data='{"pressure": 88.66382678789265, "temperature": 7.774510420306764, "density": 1.1002809534675444}' as format_msg_with_header(msgToSend)=b'121  atmosphere               {"pressure": 88.66382678789265, "temperature": 7.774510420306764, "density": 1.1002809534675444}'
DEBUG      2022-06-19 23:46:03,903: Timestep:   nan-{'pressure': 88.66382678789265, 'temperature': 7.774510420306764, 'density': 1.1002809534675444}
INFO       2022-06-19 23:46:04,039: topic='atmosphere' sending data='{"pressure": 87.39452335463395, "temperature": 7.005012002521443, "density": 1.0875088252522724}' as format_msg_with_header(msgToSend)=b'121  atmosphere               {"pressure": 87.39452335463395, "temperature": 7.005012002521443, "density": 1.0875088252522724}'
DEBUG      2022-06-19 23:46:04,039: Timestep:   nan-{'pressure': 87.39452335463395, 'temperature': 7.005012002521443, 'density': 1.0875088252522724}
INFO       2022-06-19 23:46:04,151: topic='atmosphere' sending data='{"pressure": 86.07832066527959, "temperature": 6.197464022119654, "density": 1.0742274478601792}' as format_msg_with_header(msgToSend)=b'121  atmosphere               {"pressure": 86.07832066527959, "temperature": 6.197464022119654, "density": 1.0742274478601792}'
DEBUG      2022-06-19 23:46:04,151: Timestep:   nan-{'pressure': 86.07832066527959, 'temperature': 6.197464022119654, 'density': 1.0742274478601792}
INFO       2022-06-19 23:46:04,303: topic='atmosphere' sending data='{"pressure": 84.71769053545503, "temperature": 5.3520779653011505, "density": 1.0604570816929906}' as format_msg_with_header(msgToSend)=b'122  atmosphere               {"pressure": 84.71769053545503, "temperature": 5.3520779653011505, "density": 1.0604570816929906}'
DEBUG      2022-06-19 23:46:04,303: Timestep:   nan-{'pressure': 84.71769053545503, 'temperature': 5.3520779653011505, 'density': 1.0604570816929906}
INFO       2022-06-19 23:46:04,435: topic='atmosphere' sending data='{"pressure": 83.31516618319885, "temperature": 4.469075576731321, "density": 1.0462186020807664}' as format_msg_with_header(msgToSend)=b'121  atmosphere               {"pressure": 83.31516618319885, "temperature": 4.469075576731321, "density": 1.0462186020807664}'
DEBUG      2022-06-19 23:46:04,435: Timestep:   nan-{'pressure': 83.31516618319885, 'temperature': 4.469075576731321, 'density': 1.0462186020807664}
INFO       2022-06-19 23:46:04,599: topic='atmosphere' sending data='{"pressure": 81.87333070810578, "temperature": 3.5486861541899, "density": 1.0315334084626397}' as format_msg_with_header(msgToSend)=b'119  atmosphere               {"pressure": 81.87333070810578, "temperature": 3.5486861541899, "density": 1.0315334084626397}'
DEBUG      2022-06-19 23:46:04,599: Timestep:   nan-{'pressure': 81.87333070810578, 'temperature': 3.5486861541899, 'density': 1.0315334084626397}
INFO       2022-06-19 23:46:04,770: topic='atmosphere' sending data='{"pressure": 80.394805855817, "temperature": 2.5911438518028724, "density": 1.016423335532123}' as format_msg_with_header(msgToSend)=b'119  atmosphere               {"pressure": 80.394805855817, "temperature": 2.5911438518028724, "density": 1.016423335532123}'
DEBUG      2022-06-19 23:46:04,770: Timestep:   nan-{'pressure': 80.394805855817, 'temperature': 2.5911438518028724, 'density': 1.016423335532123}
INFO       2022-06-19 23:46:04,878: topic='atmosphere' sending data='{"pressure": 78.8822411597455, "temperature": 1.596685012676847, "density": 1.0009105671045613}' as format_msg_with_header(msgToSend)=b'120  atmosphere               {"pressure": 78.8822411597455, "temperature": 1.596685012676847, "density": 1.0009105671045613}'
DEBUG      2022-06-19 23:46:04,878: Timestep:   nan-{'pressure': 78.8822411597455, 'temperature': 1.596685012676847, 'density': 1.0009105671045613}
INFO       2022-06-19 23:46:05,022: topic='atmosphere' sending data='{"pressure": 77.33830353977349, "temperature": 0.5655455497813708, "density": 0.9850175533725508}' as format_msg_with_header(msgToSend)=b'122  atmosphere               {"pressure": 77.33830353977349, "temperature": 0.5655455497813708, "density": 0.9850175533725508}'
DEBUG      2022-06-19 23:46:05,022: Timestep:   nan-{'pressure': 77.33830353977349, 'temperature': 0.5655455497813708, 'density': 0.9850175533725508}
INFO       2022-06-19 23:46:05,166: topic='atmosphere' sending data='{"pressure": 75.76566742504643, "temperature": -0.5020416082255679, "density": 0.9687669321188904}' as format_msg_with_header(msgToSend)=b'123  atmosphere               {"pressure": 75.76566742504643, "temperature": -0.5020416082255679, "density": 0.9687669321188904}'
DEBUG      2022-06-19 23:46:05,166: Timestep:   nan-{'pressure': 75.76566742504643, 'temperature': -0.5020416082255679, 'density': 0.9687669321188904}
INFO       2022-06-19 23:46:05,322: topic='atmosphere' sending data='{"pressure": 74.1670054552416, "temperature": -1.6058489917966554, "density": 0.9521814543583808}' as format_msg_with_header(msgToSend)=b'122  atmosphere               {"pressure": 74.1670054552416, "temperature": -1.6058489917966554, "density": 0.9521814543583808}'
DEBUG      2022-06-19 23:46:05,322: Timestep:   nan-{'pressure': 74.1670054552416, 'temperature': -1.6058489917966554, 'density': 0.9521814543583808}
INFO       2022-06-19 23:46:05,486: topic='atmosphere' sending data='{"pressure": 72.54497980212557, "temperature": -2.745656973803147, "density": 0.9352839147821412}' as format_msg_with_header(msgToSend)=b'122  atmosphere               {"pressure": 72.54497980212557, "temperature": -2.745656973803147, "density": 0.9352839147821412}'
DEBUG      2022-06-19 23:46:05,486: Timestep:   nan-{'pressure': 72.54497980212557, 'temperature': -2.745656973803147, 'density': 0.9352839147821412}
INFO       2022-06-19 23:46:05,642: topic='atmosphere' sending data='{"pressure": 70.90223414107264, "temperature": -3.921256051550035, "density": 0.9180970872828481}' as format_msg_with_header(msgToSend)=b'122  atmosphere               {"pressure": 70.90223414107264, "temperature": -3.921256051550035, "density": 0.9180970872828481}'
DEBUG      2022-06-19 23:46:05,642: Timestep:   nan-{'pressure': 70.90223414107264, 'temperature': -3.921256051550035, 'density': 0.9180970872828481}
INFO       2022-06-19 23:46:05,774: topic='atmosphere' sending data='{"pressure": 69.24138629074538, "temperature": -5.132449019960831, "density": 0.9006436657485767}' as format_msg_with_header(msgToSend)=b'122  atmosphere               {"pressure": 69.24138629074538, "temperature": -5.132449019960831, "density": 0.9006436657485767}'
DEBUG      2022-06-19 23:46:05,774: Timestep:   nan-{'pressure': 69.24138629074538, 'temperature': -5.132449019960831, 'density': 0.9006436657485767}
INFO       2022-06-19 23:46:05,929: topic='atmosphere' sending data='{"pressure": 67.56502152848525, "temperature": -6.379053030565281, "density": 0.882946210227832}' as format_msg_with_header(msgToSend)=b'121  atmosphere               {"pressure": 67.56502152848525, "temperature": -6.379053030565281, "density": 0.882946210227832}'
DEBUG      2022-06-19 23:46:05,929: Timestep:   nan-{'pressure': 67.56502152848525, 'temperature': -6.379053030565281, 'density': 0.882946210227832}
INFO       2022-06-19 23:46:06,073: topic='atmosphere' sending data='{"pressure": 65.87568657927822, "temperature": -7.660901532967042, "density": 0.865027098490255}' as format_msg_with_header(msgToSend)=b'121  atmosphere               {"pressure": 65.87568657927822, "temperature": -7.660901532967042, "density": 0.865027098490255}'
DEBUG      2022-06-19 23:46:06,073: Timestep:   nan-{'pressure': 65.87568657927822, 'temperature': -7.660901532967042, 'density': 0.865027098490255}
INFO       2022-06-19 23:46:06,249: topic='atmosphere' sending data='{"pressure": 64.17588426753134, "temperature": -8.977846097357322, "density": 0.8469084829371208}' as format_msg_with_header(msgToSend)=b'122  atmosphere               {"pressure": 64.17588426753134, "temperature": -8.977846097357322, "density": 0.8469084829371208}'
DEBUG      2022-06-19 23:46:06,249: Timestep:   nan-{'pressure': 64.17588426753134, 'temperature': -8.977846097357322, 'density': 0.8469084829371208}
INFO       2022-06-19 23:46:06,417: topic='atmosphere' sending data='{"pressure": 62.46806881335998, "temperature": -10.329758118354903, "density": 0.8286122527534509}' as format_msg_with_header(msgToSend)=b'123  atmosphere               {"pressure": 62.46806881335998, "temperature": -10.329758118354903, "density": 0.8286122527534509}'
DEBUG      2022-06-19 23:46:06,417: Timestep:   nan-{'pressure': 62.46806881335998, 'temperature': -10.329758118354903, 'density': 0.8286122527534509}
INFO       2022-06-19 23:46:06,553: topic='atmosphere' sending data='{"pressure": 60.75464174867661, "temperature": -11.716530401979323, "density": 0.810160001139788}' as format_msg_with_header(msgToSend)=b'122  atmosphere               {"pressure": 60.75464174867661, "temperature": -11.716530401979323, "density": 0.810160001139788}'
DEBUG      2022-06-19 23:46:06,553: Timestep:   nan-{'pressure': 60.75464174867661, 'temperature': -11.716530401979323, 'density': 0.810160001139788}
INFO       2022-06-19 23:46:06,686: topic='atmosphere' sending data='{"pressure": 59.037948423055454, "temperature": -13.138078638895148, "density": 0.7915729974161634}' as format_msg_with_header(msgToSend)=b'124  atmosphere               {"pressure": 59.037948423055454, "temperature": -13.138078638895148, "density": 0.7915729974161634}'
DEBUG      2022-06-19 23:46:06,686: Timestep:   nan-{'pressure': 59.037948423055454, 'temperature': -13.138078638895148, 'density': 0.7915729974161634}
INFO       2022-06-19 23:46:06,842: topic='atmosphere' sending data='{"pressure": 57.32027506509482, "temperature": -14.594342768199812, "density": 0.7728721637534371}' as format_msg_with_header(msgToSend)=b'123  atmosphere               {"pressure": 57.32027506509482, "temperature": -14.594342768199812, "density": 0.7728721637534371}'
DEBUG      2022-06-19 23:46:06,842: Timestep:   nan-{'pressure': 57.32027506509482, 'temperature': -14.594342768199812, 'density': 0.7728721637534371}
INFO       2022-06-19 23:46:06,986: topic='atmosphere' sending data='{"pressure": 55.60384636174277, "temperature": -16.08528823696777, "density": 0.754078056257523}' as format_msg_with_header(msgToSend)=b'121  atmosphere               {"pressure": 55.60384636174277, "temperature": -16.08528823696777, "density": 0.754078056257523}'
DEBUG      2022-06-19 23:46:06,986: Timestep:   nan-{'pressure': 55.60384636174277, 'temperature': -16.08528823696777, 'density': 0.754078056257523}
INFO       2022-06-19 23:46:07,130: topic='atmosphere' sending data='{"pressure": 53.89082351571921, "temperature": -17.610907161517083, "density": 0.7352108501095093}' as format_msg_with_header(msgToSend)=b'123  atmosphere               {"pressure": 53.89082351571921, "temperature": -17.610907161517083, "density": 0.7352108501095093}'
DEBUG      2022-06-19 23:46:07,130: Timestep:   nan-{'pressure': 53.89082351571921, 'temperature': -17.610907161517083, 'density': 0.7352108501095093}
INFO       2022-06-19 23:46:07,284: topic='atmosphere' sending data='{"pressure": 52.18330273966945, "temperature": -19.17121939693986, "density": 0.7162903284487281}' as format_msg_with_header(msgToSend)=b'122  atmosphere               {"pressure": 52.18330273966945, "temperature": -19.17121939693986, "density": 0.7162903284487281}'
DEBUG      2022-06-19 23:46:07,284: Timestep:   nan-{'pressure': 52.18330273966945, 'temperature': -19.17121939693986, 'density': 0.7162903284487281}
INFO       2022-06-19 23:46:07,429: topic='atmosphere' sending data='{"pressure": 50.483314144931086, "temperature": -20.7662735218476, "density": 0.6973358746757106}' as format_msg_with_header(msgToSend)=b'122  atmosphere               {"pressure": 50.483314144931086, "temperature": -20.7662735218476, "density": 0.6973358746757106}'
DEBUG      2022-06-19 23:46:07,429: Timestep:   nan-{'pressure': 50.483314144931086, 'temperature': -20.7662735218476, 'density': 0.6973358746757106}
INFO       2022-06-19 23:46:07,589: topic='atmosphere' sending data='{"pressure": 48.79282098268803, "temperature": -22.396147745539544, "density": 0.6783664678469452}' as format_msg_with_header(msgToSend)=b'123  atmosphere               {"pressure": 48.79282098268803, "temperature": -22.396147745539544, "density": 0.6783664678469452}'
DEBUG      2022-06-19 23:46:07,589: Timestep:   nan-{'pressure': 48.79282098268803, 'temperature': -22.396147745539544, 'density': 0.6783664678469452}
INFO       2022-06-19 23:46:07,729: topic='atmosphere' sending data='{"pressure": 47.113719195734966, "temperature": -24.060950744920042, "density": 0.659400680832774}' as format_msg_with_header(msgToSend)=b'123  atmosphere               {"pressure": 47.113719195734966, "temperature": -24.060950744920042, "density": 0.659400680832774}'
DEBUG      2022-06-19 23:46:07,729: Timestep:   nan-{'pressure': 47.113719195734966, 'temperature': -24.060950744920042, 'density': 0.659400680832774}
INFO       2022-06-19 23:46:07,864: topic='atmosphere' sending data='{"pressure": 45.447837239982505, "temperature": -25.760822438485185, "density": 0.6404566809127926}' as format_msg_with_header(msgToSend)=b'124  atmosphere               {"pressure": 45.447837239982505, "temperature": -25.760822438485185, "density": 0.6404566809127926}'
DEBUG      2022-06-19 23:46:07,864: Timestep:   nan-{'pressure': 45.447837239982505, 'temperature': -25.760822438485185, 'density': 0.6404566809127926}
INFO       2022-06-19 23:46:08,032: topic='atmosphere' sending data='{"pressure": 43.796936136119584, "temperature": -27.495934704581956, "density": 0.621552232489172}' as format_msg_with_header(msgToSend)=b'123  atmosphere               {"pressure": 43.796936136119584, "temperature": -27.495934704581956, "density": 0.621552232489172}'
DEBUG      2022-06-19 23:46:08,032: Timestep:   nan-{'pressure': 43.796936136119584, 'temperature': -27.495934704581956, 'density': 0.621552232489172}
INFO       2022-06-19 23:46:08,191: topic='atmosphere' sending data='{"pressure": 42.16270971342952, "temperature": -29.266492050930147, "density": 0.6027047016066841}' as format_msg_with_header(msgToSend)=b'123  atmosphere               {"pressure": 42.16270971342952, "temperature": -29.266492050930147, "density": 0.6027047016066841}'
DEBUG      2022-06-19 23:46:08,191: Timestep:   nan-{'pressure': 42.16270971342952, 'temperature': -29.266492050930147, 'density': 0.6027047016066841}
INFO       2022-06-19 23:46:08,324: topic='atmosphere' sending data='{"pressure": 40.54678500956126, "temperature": -31.072732242099008, "density": 0.5839310619783212}' as format_msg_with_header(msgToSend)=b'123  atmosphere               {"pressure": 40.54678500956126, "temperature": -31.072732242099008, "density": 0.5839310619783212}'
DEBUG      2022-06-19 23:46:08,324: Timestep:   nan-{'pressure': 40.54678500956126, 'temperature': -31.072732242099008, 'density': 0.5839310619783212}
INFO       2022-06-19 23:46:08,489: topic='atmosphere' sending data='{"pressure": 38.95072279201994, "temperature": -32.91492689125998, "density": 0.5652479022266845}' as format_msg_with_header(msgToSend)=b'122  atmosphere               {"pressure": 38.95072279201994, "temperature": -32.91492689125998, "density": 0.5652479022266845}'
DEBUG      2022-06-19 23:46:08,489: Timestep:   nan-{'pressure': 38.95072279201994, 'temperature': -32.91492689125998, 'density': 0.5652479022266845}
INFO       2022-06-19 23:46:08,644: topic='atmosphere' sending data='{"pressure": 37.37601816920981, "temperature": -34.79338202210304, "density": 0.5466714340633245}' as format_msg_with_header(msgToSend)=b'122  atmosphere               {"pressure": 37.37601816920981, "temperature": -34.79338202210304, "density": 0.5466714340633245}'
DEBUG      2022-06-19 23:46:08,644: Timestep:   nan-{'pressure': 37.37601816920981, 'temperature': -34.79338202210304, 'density': 0.5466714340633245}
INFO       2022-06-19 23:46:08,780: topic='atmosphere' sending data='{"pressure": 35.82410126098543, "temperature": -36.708438606316236, "density": 0.5282175011404936}' as format_msg_with_header(msgToSend)=b'123  atmosphere               {"pressure": 35.82410126098543, "temperature": -36.708438606316236, "density": 0.5282175011404936}'
DEBUG      2022-06-19 23:46:08,780: Timestep:   nan-{'pressure': 35.82410126098543, 'temperature': -36.708438606316236, 'density': 0.5282175011404936}
INFO       2022-06-19 23:46:08,931: topic='atmosphere' sending data='{"pressure": 34.29633790080926, "temperature": -38.6604730814936, "density": 0.5099015883219649}' as format_msg_with_header(msgToSend)=b'121  atmosphere               {"pressure": 34.29633790080926, "temperature": -38.6604730814936, "density": 0.5099015883219649}'
DEBUG      2022-06-19 23:46:08,931: Timestep:   nan-{'pressure': 34.29633790080926, 'temperature': -38.6604730814936, 'density': 0.5099015883219649}
INFO       2022-06-19 23:46:09,083: topic='atmosphere' sending data='{"pressure": 32.79403034374054, "temperature": -40.649897853761026, "density": 0.4917388311313737}' as format_msg_with_header(msgToSend)=b'123  atmosphere               {"pressure": 32.79403034374054, "temperature": -40.649897853761026, "density": 0.4917388311313737}'
DEBUG      2022-06-19 23:46:09,083: Timestep:   nan-{'pressure': 32.79403034374054, 'temperature': -40.649897853761026, 'density': 0.4917388311313737}
INFO       2022-06-19 23:46:09,239: topic='atmosphere' sending data='{"pressure": 31.318417956571142, "temperature": -42.67716178879824, "density": 0.47374402514768904}' as format_msg_with_header(msgToSend)=b'124  atmosphere               {"pressure": 31.318417956571142, "temperature": -42.67716178879824, "density": 0.47374402514768904}'
DEBUG      2022-06-19 23:46:09,239: Timestep:   nan-{'pressure': 31.318417956571142, 'temperature': -42.67716178879824, 'density': 0.47374402514768904}
INFO       2022-06-19 23:46:09,386: topic='atmosphere' sending data='{"pressure": 29.87067786845963, "temperature": -44.74275069429033, "density": 0.45593163512772356}' as format_msg_with_header(msgToSend)=b'123  atmosphere               {"pressure": 29.87067786845963, "temperature": -44.74275069429033, "density": 0.45593163512772356}'
DEBUG      2022-06-19 23:46:09,386: Timestep:   nan-{'pressure': 29.87067786845963, 'temperature': -44.74275069429033, 'density': 0.45593163512772356}
INFO       2022-06-19 23:46:09,546: topic='atmosphere' sending data='{"pressure": 28.45192556238551, "temperature": -46.84718779616688, "density": 0.4383158036448743}' as format_msg_with_header(msgToSend)=b'122  atmosphere               {"pressure": 28.45192556238551, "temperature": -46.84718779616688, "density": 0.4383158036448743}'
DEBUG      2022-06-19 23:46:09,546: Timestep:   nan-{'pressure': 28.45192556238551, 'temperature': -46.84718779616688, 'density': 0.4383158036448743}
INFO       2022-06-19 23:46:09,673: topic='atmosphere' sending data='{"pressure": 27.06321538964847, "temperature": -48.99103421028142, "density": 0.4209103590414637}' as format_msg_with_header(msgToSend)=b'122  atmosphere               {"pressure": 27.06321538964847, "temperature": -48.99103421028142, "density": 0.4209103590414637}'
DEBUG      2022-06-19 23:46:09,673: Timestep:   nan-{'pressure': 27.06321538964847, 'temperature': -48.99103421028142, 'density': 0.4209103590414637}
INFO       2022-06-19 23:46:09,854: topic='atmosphere' sending data='{"pressure": 25.70554099147088, "temperature": -51.17488941044845, "density": 0.40372882249902586}' as format_msg_with_header(msgToSend)=b'123  atmosphere               {"pressure": 25.70554099147088, "temperature": -51.17488941044845, "density": 0.40372882249902586}'
DEBUG      2022-06-19 23:46:09,854: Timestep:   nan-{'pressure': 25.70554099147088, 'temperature': -51.17488941044845, 'density': 0.40372882249902586}
INFO       2022-06-19 23:46:10,013: topic='atmosphere' sending data='{"pressure": 24.379835613533995, "temperature": -53.39939169298916, "density": 0.3867844140366455}' as format_msg_with_header(msgToSend)=b'123  atmosphere               {"pressure": 24.379835613533995, "temperature": -53.39939169298916, "density": 0.3867844140366455}'
DEBUG      2022-06-19 23:46:10,013: Timestep:   nan-{'pressure': 24.379835613533995, 'temperature': -53.39939169298916, 'density': 0.3867844140366455}
INFO       2022-06-19 23:46:10,171: topic='atmosphere' sending data='{"pressure": 23.08697230099859, "temperature": -55.665218637138274, "density": 0.37009005725201083}' as format_msg_with_header(msgToSend)=b'124  atmosphere               {"pressure": 23.08697230099859, "temperature": -55.665218637138274, "density": 0.37009005725201083}'
DEBUG      2022-06-19 23:46:10,171: Timestep:   nan-{'pressure': 23.08697230099859, 'temperature': -55.665218637138274, 'density': 0.37009005725201083}
INFO       2022-06-19 23:46:10,352: topic='atmosphere' sending data='{"pressure": 21.843330577769635, "temperature": -56.46, "density": 0.351438764275017}' as format_msg_with_header(msgToSend)=b'110  atmosphere               {"pressure": 21.843330577769635, "temperature": -56.46, "density": 0.351438764275017}'
DEBUG      2022-06-19 23:46:10,352: Timestep:   nan-{'pressure': 21.843330577769635, 'temperature': -56.46, 'density': 0.351438764275017}
INFO       2022-06-19 23:46:10,508: topic='atmosphere' sending data='{"pressure": 20.635782404060972, "temperature": -56.46, "density": 0.3320104432843241}' as format_msg_with_header(msgToSend)=b'111  atmosphere               {"pressure": 20.635782404060972, "temperature": -56.46, "density": 0.3320104432843241}'
DEBUG      2022-06-19 23:46:10,508: Timestep:   nan-{'pressure': 20.635782404060972, 'temperature': -56.46, 'density': 0.3320104432843241}
INFO       2022-06-19 23:46:10,663: topic='atmosphere' sending data='{"pressure": 19.474246324638063, "temperature": -56.46, "density": 0.3133224138668379}' as format_msg_with_header(msgToSend)=b'111  atmosphere               {"pressure": 19.474246324638063, "temperature": -56.46, "density": 0.3133224138668379}'
DEBUG      2022-06-19 23:46:10,663: Timestep:   nan-{'pressure': 19.474246324638063, 'temperature': -56.46, 'density': 0.3133224138668379}
INFO       2022-06-19 23:46:10,811: topic='atmosphere' sending data='{"pressure": 18.35805928822421, "temperature": -56.46, "density": 0.2953640081475059}' as format_msg_with_header(msgToSend)=b'110  atmosphere               {"pressure": 18.35805928822421, "temperature": -56.46, "density": 0.2953640081475059}'
DEBUG      2022-06-19 23:46:10,811: Timestep:   nan-{'pressure': 18.35805928822421, 'temperature': -56.46, 'density': 0.2953640081475059}
INFO       2022-06-19 23:46:10,968: topic='atmosphere' sending data='{"pressure": 17.286528637057017, "temperature": -56.46, "density": 0.27812408191060445}' as format_msg_with_header(msgToSend)=b'112  atmosphere               {"pressure": 17.286528637057017, "temperature": -56.46, "density": 0.27812408191060445}'
DEBUG      2022-06-19 23:46:10,968: Timestep:   nan-{'pressure': 17.286528637057017, 'temperature': -56.46, 'density': 0.27812408191060445}
INFO       2022-06-19 23:46:11,113: topic='atmosphere' sending data='{"pressure": 16.258932159062063, "temperature": -56.46, "density": 0.2615910154391643}' as format_msg_with_header(msgToSend)=b'111  atmosphere               {"pressure": 16.258932159062063, "temperature": -56.46, "density": 0.2615910154391643}'
DEBUG      2022-06-19 23:46:11,113: Timestep:   nan-{'pressure': 16.258932159062063, 'temperature': -56.46, 'density': 0.2615910154391643}
INFO       2022-06-19 23:46:11,294: topic='atmosphere' sending data='{"pressure": 15.2745182646584, "temperature": -56.46, "density": 0.2457527163596058}' as format_msg_with_header(msgToSend)=b'109  atmosphere               {"pressure": 15.2745182646584, "temperature": -56.46, "density": 0.2457527163596058}'
DEBUG      2022-06-19 23:46:11,294: Timestep:   nan-{'pressure': 15.2745182646584, 'temperature': -56.46, 'density': 0.2457527163596058}
INFO       2022-06-19 23:46:11,410: topic='atmosphere' sending data='{"pressure": 14.332506293032207, "temperature": -56.46, "density": 0.2305966245693956}' as format_msg_with_header(msgToSend)=b'111  atmosphere               {"pressure": 14.332506293032207, "temperature": -56.46, "density": 0.2305966245693956}'
DEBUG      2022-06-19 23:46:11,410: Timestep:   nan-{'pressure': 14.332506293032207, 'temperature': -56.46, 'density': 0.2305966245693956}
INFO       2022-06-19 23:46:11,563: topic='atmosphere' sending data='{"pressure": 13.43208695250036, "temperature": -56.46, "density": 0.21610971932208467}' as format_msg_with_header(msgToSend)=b'111  atmosphere               {"pressure": 13.43208695250036, "temperature": -56.46, "density": 0.21610971932208467}'
DEBUG      2022-06-19 23:46:11,563: Timestep:   nan-{'pressure': 13.43208695250036, 'temperature': -56.46, 'density': 0.21610971932208467}
INFO       2022-06-19 23:46:11,744: topic='atmosphere' sending data='{"pressure": 12.572422899250352, "temperature": -56.46, "density": 0.20227852853869252}' as format_msg_with_header(msgToSend)=b'112  atmosphere               {"pressure": 12.572422899250352, "temperature": -56.46, "density": 0.20227852853869252}'
DEBUG      2022-06-19 23:46:11,744: Timestep:   nan-{'pressure': 12.572422899250352, 'temperature': -56.46, 'density': 0.20227852853869252}
INFO       2022-06-19 23:46:11,898: topic='atmosphere' sending data='{"pressure": 11.752649458281672, "temperature": -56.46, "density": 0.18908914040697986}' as format_msg_with_header(msgToSend)=b'112  atmosphere               {"pressure": 11.752649458281672, "temperature": -56.46, "density": 0.18908914040697986}'
DEBUG      2022-06-19 23:46:11,898: Timestep:   nan-{'pressure': 11.752649458281672, 'temperature': -56.46, 'density': 0.18908914040697986}
INFO       2022-06-19 23:46:12,047: topic='atmosphere' sending data='{"pressure": 10.971875489780647, "temperature": -56.46, "density": 0.1765272173206096}' as format_msg_with_header(msgToSend)=b'111  atmosphere               {"pressure": 10.971875489780647, "temperature": -56.46, "density": 0.1765272173206096}'
DEBUG      2022-06-19 23:46:12,047: Timestep:   nan-{'pressure': 10.971875489780647, 'temperature': -56.46, 'density': 0.1765272173206096}
INFO       2022-06-19 23:46:12,210: topic='atmosphere' sending data='{"pressure": 10.229184403432464, "temperature": -56.46, "density": 0.1645780121984791}' as format_msg_with_header(msgToSend)=b'111  atmosphere               {"pressure": 10.229184403432464, "temperature": -56.46, "density": 0.1645780121984791}'
DEBUG      2022-06-19 23:46:12,210: Timestep:   nan-{'pressure': 10.229184403432464, 'temperature': -56.46, 'density': 0.1645780121984791}
INFO       2022-06-19 23:46:12,388: topic='atmosphere' sending data='{"pressure": 9.523635322309095, "temperature": -56.46, "density": 0.15322638721058823}' as format_msg_with_header(msgToSend)=b'111  atmosphere               {"pressure": 9.523635322309095, "temperature": -56.46, "density": 0.15322638721058823}'
DEBUG      2022-06-19 23:46:12,388: Timestep:   nan-{'pressure': 9.523635322309095, 'temperature': -56.46, 'density': 0.15322638721058823}
INFO       2022-06-19 23:46:12,517: topic='atmosphere' sending data='{"pressure": 8.854264396970557, "temperature": -56.46, "density": 0.14245683492070016}' as format_msg_with_header(msgToSend)=b'111  atmosphere               {"pressure": 8.854264396970557, "temperature": -56.46, "density": 0.14245683492070016}'
DEBUG      2022-06-19 23:46:12,517: Timestep:   nan-{'pressure': 8.854264396970557, 'temperature': -56.46, 'density': 0.14245683492070016}
INFO       2022-06-19 23:46:12,634: topic='atmosphere' sending data='{"pressure": 8.220086269282213, "temperature": -56.46, "density": 0.13225350183779297}' as format_msg_with_header(msgToSend)=b'111  atmosphere               {"pressure": 8.220086269282213, "temperature": -56.46, "density": 0.13225350183779297}'
DEBUG      2022-06-19 23:46:12,634: Timestep:   nan-{'pressure': 8.220086269282213, 'temperature': -56.46, 'density': 0.13225350183779297}
INFO       2022-06-19 23:46:12,799: topic='atmosphere' sending data='{"pressure": 7.620095684189208, "temperature": -56.46, "density": 0.122600214348003}' as format_msg_with_header(msgToSend)=b'109  atmosphere               {"pressure": 7.620095684189208, "temperature": -56.46, "density": 0.122600214348003}'
DEBUG      2022-06-19 23:46:12,799: Timestep:   nan-{'pressure': 7.620095684189208, 'temperature': -56.46, 'density': 0.122600214348003}
INFO       2022-06-19 23:46:12,955: topic='atmosphere' sending data='{"pressure": 7.053269246309342, "temperature": -56.46, "density": 0.11348050697656194}' as format_msg_with_header(msgToSend)=b'111  atmosphere               {"pressure": 7.053269246309342, "temperature": -56.46, "density": 0.11348050697656194}'
DEBUG      2022-06-19 23:46:12,955: Timestep:   nan-{'pressure': 7.053269246309342, 'temperature': -56.46, 'density': 0.11348050697656194}
INFO       2022-06-19 23:46:13,079: topic='atmosphere' sending data='{"pressure": 6.518567316721174, "temperature": -56.46, "density": 0.10487765290534362}' as format_msg_with_header(msgToSend)=b'111  atmosphere               {"pressure": 6.518567316721174, "temperature": -56.46, "density": 0.10487765290534362}'
DEBUG      2022-06-19 23:46:13,079: Timestep:   nan-{'pressure': 6.518567316721174, 'temperature': -56.46, 'density': 0.10487765290534362}
INFO       2022-06-19 23:46:13,231: topic='atmosphere' sending data='{"pressure": 6.014936043750765, "temperature": -56.46, "density": 0.09677469664632396}' as format_msg_with_header(msgToSend)=b'111  atmosphere               {"pressure": 6.014936043750765, "temperature": -56.46, "density": 0.09677469664632396}'
DEBUG      2022-06-19 23:46:13,231: Timestep:   nan-{'pressure': 6.014936043750765, 'temperature': -56.46, 'density': 0.09677469664632396}
INFO       2022-06-19 23:46:13,385: topic='atmosphere' sending data='{"pressure": 5.541309519919328, "temperature": -56.46, "density": 0.08915448874485163}' as format_msg_with_header(msgToSend)=b'111  atmosphere               {"pressure": 5.541309519919328, "temperature": -56.46, "density": 0.08915448874485163}'
DEBUG      2022-06-19 23:46:13,385: Timestep:   nan-{'pressure': 5.541309519919328, 'temperature': -56.46, 'density': 0.08915448874485163}
INFO       2022-06-19 23:46:13,555: topic='atmosphere' sending data='{"pressure": 5.09661205552821, "temperature": -56.46, "density": 0.08199972235950466}' as format_msg_with_header(msgToSend)=b'110  atmosphere               {"pressure": 5.09661205552821, "temperature": -56.46, "density": 0.08199972235950466}'
DEBUG      2022-06-19 23:46:13,555: Timestep:   nan-{'pressure': 5.09661205552821, 'temperature': -56.46, 'density': 0.08199972235950466}
INFO       2022-06-19 23:46:13,672: topic='atmosphere' sending data='{"pressure": 4.679760557655778, "temperature": -56.46, "density": 0.0752929715379257}' as format_msg_with_header(msgToSend)=b'110  atmosphere               {"pressure": 4.679760557655778, "temperature": -56.46, "density": 0.0752929715379257}'
DEBUG      2022-06-19 23:46:13,672: Timestep:   nan-{'pressure': 4.679760557655778, 'temperature': -56.46, 'density': 0.0752929715379257}
INFO       2022-06-19 23:46:13,848: topic='atmosphere' sending data='{"pressure": 4.289667001653022, "temperature": -56.46, "density": 0.06901673098087535}' as format_msg_with_header(msgToSend)=b'111  atmosphere               {"pressure": 4.289667001653022, "temperature": -56.46, "density": 0.06901673098087535}'
DEBUG      2022-06-19 23:46:13,848: Timestep:   nan-{'pressure': 4.289667001653022, 'temperature': -56.46, 'density': 0.06901673098087535}
INFO       2022-06-19 23:46:13,992: topic='atmosphere' sending data='{"pressure": 3.925240980585209, "temperature": -56.46, "density": 0.06315345706036452}' as format_msg_with_header(msgToSend)=b'111  atmosphere               {"pressure": 3.925240980585209, "temperature": -56.46, "density": 0.06315345706036452}'
DEBUG      2022-06-19 23:46:13,992: Timestep:   nan-{'pressure': 3.925240980585209, 'temperature': -56.46, 'density': 0.06315345706036452}
INFO       2022-06-19 23:46:14,132: topic='atmosphere' sending data='{"pressure": 3.585392316511465, "temperature": -56.46, "density": 0.057685609832701164}' as format_msg_with_header(msgToSend)=b'112  atmosphere               {"pressure": 3.585392316511465, "temperature": -56.46, "density": 0.057685609832701164}'
DEBUG      2022-06-19 23:46:14,132: Timestep:   nan-{'pressure': 3.585392316511465, 'temperature': -56.46, 'density': 0.057685609832701164}
INFO       2022-06-19 23:46:14,291: topic='atmosphere' sending data='{"pressure": 3.2690337160602665, "temperature": -56.46, "density": 0.052595695764216854}' as format_msg_with_header(msgToSend)=b'113  atmosphere               {"pressure": 3.2690337160602665, "temperature": -56.46, "density": 0.052595695764216854}'
DEBUG      2022-06-19 23:46:14,291: Timestep:   nan-{'pressure': 3.2690337160602665, 'temperature': -56.46, 'density': 0.052595695764216854}
INFO       2022-06-19 23:46:14,458: topic='atmosphere' sending data='{"pressure": 2.9750834514841227, "temperature": -56.46, "density": 0.047866310866929704}' as format_msg_with_header(msgToSend)=b'113  atmosphere               {"pressure": 2.9750834514841227, "temperature": -56.46, "density": 0.047866310866929704}'
DEBUG      2022-06-19 23:46:14,458: Timestep:   nan-{'pressure': 2.9750834514841227, 'temperature': -56.46, 'density': 0.047866310866929704}
INFO       2022-06-19 23:46:14,598: topic='atmosphere' sending data='{"pressure": 2.7024680472986624, "temperature": -56.46, "density": 0.04348018392405508}' as format_msg_with_header(msgToSend)=b'112  atmosphere               {"pressure": 2.7024680472986624, "temperature": -56.46, "density": 0.04348018392405508}'
DEBUG      2022-06-19 23:46:14,598: Timestep:   nan-{'pressure': 2.7024680472986624, 'temperature': -56.46, 'density': 0.04348018392405508}
INFO       2022-06-19 23:46:14,738: topic='atmosphere' sending data='{"pressure": 2.4117686907060487, "temperature": -55.90731034664077, "density": 0.03870436094433106}' as format_msg_with_header(msgToSend)=b'124  atmosphere               {"pressure": 2.4117686907060487, "temperature": -55.90731034664077, "density": 0.03870436094433106}'
DEBUG      2022-06-19 23:46:14,738: Timestep:   nan-{'pressure': 2.4117686907060487, 'temperature': -55.90731034664077, 'density': 0.03870436094433106}
INFO       2022-06-19 23:46:14,882: topic='atmosphere' sending data='{"pressure": 2.1835528083846047, "temperature": -54.00311274904848, "density": 0.034737370750263834}' as format_msg_with_header(msgToSend)=b'125  atmosphere               {"pressure": 2.1835528083846047, "temperature": -54.00311274904848, "density": 0.034737370750263834}'
DEBUG      2022-06-19 23:46:14,882: Timestep:   nan-{'pressure': 2.1835528083846047, 'temperature': -54.00311274904848, 'density': 0.034737370750263834}
INFO       2022-06-19 23:46:15,033: topic='atmosphere' sending data='{"pressure": 1.974759723236075, "temperature": -52.06088131957965, "density": 0.031139710615601807}' as format_msg_with_header(msgToSend)=b'124  atmosphere               {"pressure": 1.974759723236075, "temperature": -52.06088131957965, "density": 0.031139710615601807}'
DEBUG      2022-06-19 23:46:15,033: Timestep:   nan-{'pressure': 1.974759723236075, 'temperature': -52.06088131957965, 'density': 0.031139710615601807}
INFO       2022-06-19 23:46:15,214: topic='atmosphere' sending data='{"pressure": 1.7839702416280332, "temperature": -50.07991432634631, "density": 0.027881303830658996}' as format_msg_with_header(msgToSend)=b'125  atmosphere               {"pressure": 1.7839702416280332, "temperature": -50.07991432634631, "density": 0.027881303830658996}'
DEBUG      2022-06-19 23:46:15,214: Timestep:   nan-{'pressure': 1.7839702416280332, 'temperature': -50.07991432634631, 'density': 0.027881303830658996}
INFO       2022-06-19 23:46:15,370: topic='atmosphere' sending data='{"pressure": 1.609846736591099, "temperature": -48.05951689022859, "density": 0.024934079038490212}' as format_msg_with_header(msgToSend)=b'124  atmosphere               {"pressure": 1.609846736591099, "temperature": -48.05951689022859, "density": 0.024934079038490212}'
DEBUG      2022-06-19 23:46:15,370: Timestep:   nan-{'pressure': 1.609846736591099, 'temperature': -48.05951689022859, 'density': 0.024934079038490212}
INFO       2022-06-19 23:46:15,538: topic='atmosphere' sending data='{"pressure": 1.4511300758840566, "temperature": -45.99900068447414, "density": 0.022271873427610434}' as format_msg_with_header(msgToSend)=b'125  atmosphere               {"pressure": 1.4511300758840566, "temperature": -45.99900068447414, "density": 0.022271873427610434}'
DEBUG      2022-06-19 23:46:15,538: Timestep:   nan-{'pressure': 1.4511300758840566, 'temperature': -45.99900068447414, 'density': 0.022271873427610434}
INFO       2022-06-19 23:46:15,682: topic='atmosphere' sending data='{"pressure": 1.3066366370147684, "temperature": -43.89768362389263, "density": 0.019870339189049364}' as format_msg_with_header(msgToSend)=b'125  atmosphere               {"pressure": 1.3066366370147684, "temperature": -43.89768362389263, "density": 0.019870339189049364}'
DEBUG      2022-06-19 23:46:15,682: Timestep:   nan-{'pressure': 1.3066366370147684, 'temperature': -43.89768362389263, 'density': 0.019870339189049364}
INFO       2022-06-19 23:46:15,834: topic='atmosphere' sending data='{"pressure": 1.1752553843729319, "temperature": -41.75488954108775, "density": 0.017706852774470844}' as format_msg_with_header(msgToSend)=b'125  atmosphere               {"pressure": 1.1752553843729319, "temperature": -41.75488954108775, "density": 0.017706852774470844}'
DEBUG      2022-06-19 23:46:15,834: Timestep:   nan-{'pressure': 1.1752553843729319, 'temperature': -41.75488954108775, 'density': 0.017706852774470844}
INFO       2022-06-19 23:46:15,957: topic='atmosphere' sending data='{"pressure": 1.055944990159661, "temperature": -39.56994784788975, "density": 0.01576042662878936}' as format_msg_with_header(msgToSend)=b'123  atmosphere               {"pressure": 1.055944990159661, "temperature": -39.56994784788975, "density": 0.01576042662878936}'
DEBUG      2022-06-19 23:46:15,957: Timestep:   nan-{'pressure': 1.055944990159661, 'temperature': -39.56994784788975, 'density': 0.01576042662878936}
INFO       2022-06-19 23:46:16,117: topic='atmosphere' sending data='{"pressure": 0.9477309864006713, "temperature": -37.34219318079687, "density": 0.0140116231836844}' as format_msg_with_header(msgToSend)=b'123  atmosphere               {"pressure": 0.9477309864006713, "temperature": -37.34219318079687, "density": 0.0140116231836844}'
DEBUG      2022-06-19 23:46:16,117: Timestep:   nan-{'pressure': 0.9477309864006713, 'temperature': -37.34219318079687, 'density': 0.0140116231836844}
INFO       2022-06-19 23:46:16,281: topic='atmosphere' sending data='{"pressure": 0.8497029400845528, "temperature": -35.0709650298095, "density": 0.012442470990199598}' as format_msg_with_header(msgToSend)=b'124  atmosphere               {"pressure": 0.8497029400845528, "temperature": -35.0709650298095, "density": 0.012442470990199598}'
DEBUG      2022-06-19 23:46:16,281: Timestep:   nan-{'pressure': 0.8497029400845528, 'temperature': -35.0709650298095, 'density': 0.012442470990199598}
INFO       2022-06-19 23:46:16,436: topic='atmosphere' sending data='{"pressure": 0.7610116474469091, "temperature": -32.755607350544494, "density": 0.011036382941536456}' as format_msg_with_header(msgToSend)=b'126  atmosphere               {"pressure": 0.7610116474469091, "temperature": -32.755607350544494, "density": 0.011036382941536456}'
DEBUG      2022-06-19 23:46:16,436: Timestep:   nan-{'pressure': 0.7610116474469091, 'temperature': -32.755607350544494, 'density': 0.011036382941536456}
INFO       2022-06-19 23:46:16,597: topic='atmosphere' sending data='{"pressure": 0.6808663466919908, "temperature": -30.395468159954277, "density": 0.009778076593366509}' as format_msg_with_header(msgToSend)=b'126  atmosphere               {"pressure": 0.6808663466919908, "temperature": -30.395468159954277, "density": 0.009778076593366509}'
DEBUG      2022-06-19 23:46:16,597: Timestep:   nan-{'pressure': 0.6808663466919908, 'temperature': -30.395468159954277, 'density': 0.009778076593366509}
INFO       2022-06-19 23:46:16,749: topic='atmosphere' sending data='{"pressure": 0.6085319510688431, "temperature": -27.989899116344603, "density": 0.008653496630498032}' as format_msg_with_header(msgToSend)=b'126  atmosphere               {"pressure": 0.6085319510688431, "temperature": -27.989899116344603, "density": 0.008653496630498032}'
DEBUG      2022-06-19 23:46:16,749: Timestep:   nan-{'pressure': 0.6085319510688431, 'temperature': -27.989899116344603, 'density': 0.008653496630498032}
INFO       2022-06-19 23:46:16,893: topic='atmosphere' sending data='{"pressure": 0.5433263062599324, "temperature": -25.538255084692338, "density": 0.007649739557437447}' as format_msg_with_header(msgToSend)=b'126  atmosphere               {"pressure": 0.5433263062599324, "temperature": -25.538255084692338, "density": 0.007649739557437447}'
DEBUG      2022-06-19 23:46:16,893: Timestep:   nan-{'pressure': 0.5433263062599324, 'temperature': -25.538255084692338, 'density': 0.007649739557437447}
INFO       2022-06-19 23:46:17,021: topic='atmosphere' sending data='{"pressure": 0.48461747755617207, "temperature": -23.03989368850945, "density": 0.006754980708067942}' as format_msg_with_header(msgToSend)=b'126  atmosphere               {"pressure": 0.48461747755617207, "temperature": -23.03989368850945, "density": 0.006754980708067942}'
DEBUG      2022-06-19 23:46:17,021: Timestep:   nan-{'pressure': 0.48461747755617207, 'temperature': -23.03989368850945, 'density': 0.006754980708067942}
INFO       2022-06-19 23:46:17,149: topic='atmosphere' sending data='{"pressure": 0.4318210733413338, "temperature": -20.494174849687894, "density": 0.0059584036780099955}' as format_msg_with_header(msgToSend)=b'127  atmosphere               {"pressure": 0.4318210733413338, "temperature": -20.494174849687894, "density": 0.0059584036780099955}'
DEBUG      2022-06-19 23:46:17,149: Timestep:   nan-{'pressure': 0.4318210733413338, 'temperature': -20.494174849687894, 'density': 0.0059584036780099955}
INFO       2022-06-19 23:46:17,304: topic='atmosphere' sending data='{"pressure": 0.3843976120479363, "temperature": -17.900460317894556, "density": 0.005250132283808421}' as format_msg_with_header(msgToSend)=b'126  atmosphere               {"pressure": 0.3843976120479363, "temperature": -17.900460317894556, "density": 0.005250132283808421}'
DEBUG      2022-06-19 23:46:17,304: Timestep:   nan-{'pressure': 0.3843976120479363, 'temperature': -17.900460317894556, 'density': 0.005250132283808421}
INFO       2022-06-19 23:46:17,465: topic='atmosphere' sending data='{"pressure": 0.34184994003118124, "temperature": -15.258113191170011, "density": 0.004621165147375826}' as format_msg_with_header(msgToSend)=b'127  atmosphere               {"pressure": 0.34184994003118124, "temperature": -15.258113191170011, "density": 0.004621165147375826}'
DEBUG      2022-06-19 23:46:17,465: Timestep:   nan-{'pressure': 0.34184994003118124, 'temperature': -15.258113191170011, 'density': 0.004621165147375826}
INFO       2022-06-19 23:46:17,605: topic='atmosphere' sending data='{"pressure": 0.30372070779070925, "temperature": -12.566497429424771, "density": 0.004063312993463742}' as format_msg_with_header(msgToSend)=b'127  atmosphere               {"pressure": 0.30372070779070925, "temperature": -12.566497429424771, "density": 0.004063312993463742}'
DEBUG      2022-06-19 23:46:17,605: Timestep:   nan-{'pressure': 0.30372070779070925, 'temperature': -12.566497429424771, 'density': 0.004063312993463742}
INFO       2022-06-19 23:46:17,748: topic='atmosphere' sending data='{"pressure": 0.26958991170300406, "temperature": -9.824977362526582, "density": 0.003569138733562245}' as format_msg_with_header(msgToSend)=b'126  atmosphere               {"pressure": 0.26958991170300406, "temperature": -9.824977362526582, "density": 0.003569138733562245}'
DEBUG      2022-06-19 23:46:17,748: Timestep:   nan-{'pressure': 0.26958991170300406, 'temperature': -9.824977362526582, 'density': 0.003569138733562245}
INFO       2022-06-19 23:46:17,905: topic='atmosphere' sending data='{"pressure": 0.2390725079582233, "temperature": -7.03291719463563, "density": 0.0031319003926493145}' as format_msg_with_header(msgToSend)=b'125  atmosphere               {"pressure": 0.2390725079582233, "temperature": -7.03291719463563, "density": 0.0031319003926493145}'
DEBUG      2022-06-19 23:46:17,905: Timestep:   nan-{'pressure': 0.2390725079582233, 'temperature': -7.03291719463563, 'density': 0.0031319003926493145}
INFO       2022-06-19 23:46:18,056: topic='atmosphere' sending data='{"pressure": 0.21181610476907167, "temperature": -4.189680506378963, "density": 0.0027454969166003517}' as format_msg_with_header(msgToSend)=b'127  atmosphere               {"pressure": 0.21181610476907167, "temperature": -4.189680506378963, "density": 0.0027454969166003517}'
DEBUG      2022-06-19 23:46:18,056: Timestep:   nan-{'pressure': 0.21181610476907167, 'temperature': -4.189680506378963, 'density': 0.0027454969166003517}
INFO       2022-06-19 23:46:18,212: topic='atmosphere' sending data='{"pressure": 0.1874987381771465, "temperature": -1.2946297563632072, "density": 0.0024044168786713444}' as format_msg_with_header(msgToSend)=b'127  atmosphere               {"pressure": 0.1874987381771465, "temperature": -1.2946297563632072, "density": 0.0024044168786713444}'
DEBUG      2022-06-19 23:46:18,212: Timestep:   nan-{'pressure': 0.1874987381771465, 'temperature': -1.2946297563632072, 'density': 0.0024044168786713444}
INFO       2022-06-19 23:46:18,347: topic='atmosphere' sending data='{"pressure": 0.16582673596125633, "temperature": 1.6528742165879464, "density": 0.002103690084006329}' as format_msg_with_header(msgToSend)=b'126  atmosphere               {"pressure": 0.16582673596125633, "temperature": 1.6528742165879464, "density": 0.002103690084006329}'
DEBUG      2022-06-19 23:46:18,347: Timestep:   nan-{'pressure': 0.16582673596125633, 'temperature': 1.6528742165879464, 'density': 0.002103690084006329}
INFO       2022-06-19 23:46:18,499: topic='atmosphere' sending data='{"pressure": 0.1465326732855667, "temperature": 4.653472689214226, "density": 0.0018388420521864156}' as format_msg_with_header(msgToSend)=b'125  atmosphere               {"pressure": 0.1465326732855667, "temperature": 4.653472689214226, "density": 0.0018388420521864156}'
DEBUG      2022-06-19 23:46:18,499: Timestep:   nan-{'pressure': 0.1465326732855667, 'temperature': 4.653472689214226, 'density': 0.0018388420521864156}
INFO       2022-06-19 23:46:18,623: topic='atmosphere' sending data='{"pressure": 0.12937342284186243, "temperature": 7.707809546499533, "density": 0.0016058513399122263}' as format_msg_with_header(msgToSend)=b'126  atmosphere               {"pressure": 0.12937342284186243, "temperature": 7.707809546499533, "density": 0.0016058513399122263}'
DEBUG      2022-06-19 23:46:18,623: Timestep:   nan-{'pressure': 0.12937342284186243, 'temperature': 7.707809546499533, 'density': 0.0016058513399122263}
INFO       2022-06-19 23:46:18,775: topic='atmosphere' sending data='{"pressure": 0.11412830136423942, "temperature": 10.816531770285934, "density": 0.001401109649362523}' as format_msg_with_header(msgToSend)=b'126  atmosphere               {"pressure": 0.11412830136423942, "temperature": 10.816531770285934, "density": 0.001401109649362523}'
DEBUG      2022-06-19 23:46:18,775: Timestep:   nan-{'pressure': 0.11412830136423942, 'temperature': 10.816531770285934, 'density': 0.001401109649362523}
INFO       2022-06-19 23:46:18,934: topic='atmosphere' sending data='{"pressure": 0.10059731354656894, "temperature": 13.980289923005074, "density": 0.0012213846528683037}' as format_msg_with_header(msgToSend)=b'127  atmosphere               {"pressure": 0.10059731354656894, "temperature": 13.980289923005074, "density": 0.0012213846528683037}'
DEBUG      2022-06-19 23:46:18,934: Timestep:   nan-{'pressure': 0.10059731354656894, 'temperature': 13.980289923005074, 'density': 0.0012213846528683037}
INFO       2022-06-19 23:46:19,076: topic='atmosphere' sending data='{"pressure": 0.0885994935894603, "temperature": 17.199738625866615, "density": 0.0010637854514615273}' as format_msg_with_header(msgToSend)=b'126  atmosphere               {"pressure": 0.0885994935894603, "temperature": 17.199738625866615, "density": 0.0010637854514615273}'
DEBUG      2022-06-19 23:46:19,076: Timestep:   nan-{'pressure': 0.0885994935894603, 'temperature': 17.199738625866615, 'density': 0.0010637854514615273}
INFO       2022-06-19 23:46:19,249: topic='atmosphere' sending data='{"pressure": 0.07797134385689145, "temperature": 20.475537030995753, "density": 0.0009257305737010274}' as format_msg_with_header(msgToSend)=b'127  atmosphere               {"pressure": 0.07797134385689145, "temperature": 20.475537030995753, "density": 0.0009257305737010274}'
DEBUG      2022-06-19 23:46:19,249: Timestep:   nan-{'pressure': 0.07797134385689145, 'temperature': 20.475537030995753, 'density': 0.0009257305737010274}
INFO       2022-06-19 23:46:19,392: topic='atmosphere' sending data='{"pressure": 0.06856536944242188, "temperature": 23.80834928716081, "density": 0.000804918411976823}' as format_msg_with_header(msgToSend)=b'125  atmosphere               {"pressure": 0.06856536944242188, "temperature": 23.80834928716081, "density": 0.000804918411976823}'
DEBUG      2022-06-19 23:46:19,392: Timestep:   nan-{'pressure': 0.06856536944242188, 'temperature': 23.80834928716081, 'density': 0.000804918411976823}
INFO       2022-06-19 23:46:19,536: topic='atmosphere' sending data='{"pressure": 0.06024870683709881, "temperature": 27.198844998874392, "density": 0.0006992999862228096}' as format_msg_with_header(msgToSend)=b'127  atmosphere               {"pressure": 0.06024870683709881, "temperature": 27.198844998874392, "density": 0.0006992999862228096}'
DEBUG      2022-06-19 23:46:19,536: Timestep:   nan-{'pressure': 0.06024870683709881, 'temperature': 27.198844998874392, 'density': 0.0006992999862228096}
INFO       2022-06-19 23:46:19,656: topic='atmosphere' sending data='{"pressure": 0.05290184435927387, "temperature": 30.64769967878823, "density": 0.0006070539195559998}' as format_msg_with_header(msgToSend)=b'126  atmosphere               {"pressure": 0.05290184435927387, "temperature": 30.64769967878823, "density": 0.0006070539195559998}'
DEBUG      2022-06-19 23:46:19,656: Timestep:   nan-{'pressure': 0.05290184435927387, 'temperature': 30.64769967878823, 'density': 0.0006070539195559998}
INFO       2022-06-19 23:46:19,800: topic='atmosphere' sending data='{"pressure": 0.04641743155167095, "temperature": 34.1555951934277, "density": 0.0005265635067013601}' as format_msg_with_header(msgToSend)=b'125  atmosphere               {"pressure": 0.04641743155167095, "temperature": 34.1555951934277, "density": 0.0005265635067013601}'
DEBUG      2022-06-19 23:46:19,801: Timestep:   nan-{'pressure': 0.04641743155167095, 'temperature': 34.1555951934277, 'density': 0.0005265635067013601}
INFO       2022-06-19 23:46:19,938: topic='atmosphere' sending data='{"pressure": 0.04069917437230071, "temperature": 37.72322020243098, "density": 0.0004563957540210956}' as format_msg_with_header(msgToSend)=b'126  atmosphere               {"pressure": 0.04069917437230071, "temperature": 37.72322020243098, "density": 0.0004563957540210956}'
DEBUG      2022-06-19 23:46:19,938: Timestep:   nan-{'pressure': 0.04069917437230071, 'temperature': 37.72322020243098, 'density': 0.0004563957540210956}
INFO       2022-06-19 23:46:20,083: topic='atmosphere' sending data='{"pressure": 0.03566081270072666, "temperature": 41.351270591564514, "density": 0.000395282269394291}' as format_msg_with_header(msgToSend)=b'126  atmosphere               {"pressure": 0.03566081270072666, "temperature": 41.351270591564514, "density": 0.000395282269394291}'
DEBUG      2022-06-19 23:46:20,083: Timestep:   nan-{'pressure': 0.03566081270072666, 'temperature': 41.351270591564514, 'density': 0.000395282269394291}
INFO       2022-06-19 23:46:20,211: topic='atmosphere' sending data='{"pressure": 0.031225176445999925, "temperature": 45.040449899885004, "density": 0.0003421018809241883}' as format_msg_with_header(msgToSend)=b'128  atmosphere               {"pressure": 0.031225176445999925, "temperature": 45.040449899885004, "density": 0.0003421018809241883}'
DEBUG      2022-06-19 23:46:20,211: Timestep:   nan-{'pressure': 0.031225176445999925, 'temperature': 45.040449899885004, 'density': 0.0003421018809241883}
INFO       2022-06-19 23:46:20,379: topic='atmosphere' sending data='{"pressure": 0.02732331637256276, "temperature": 48.791469741505665, "density": 0.0002958648653182053}' as format_msg_with_header(msgToSend)=b'127  atmosphere               {"pressure": 0.02732331637256276, "temperature": 48.791469741505665, "density": 0.0002958648653182053}'
DEBUG      2022-06-19 23:46:20,379: Timestep:   nan-{'pressure': 0.02732331637256276, 'temperature': 48.791469741505665, 'density': 0.0002958648653182053}
INFO       2022-06-19 23:46:20,519: topic='atmosphere' sending data='{"pressure": 0.023893705650187568, "temperature": 52.60505022250206, "density": 0.00025569866962281667}' as format_msg_with_header(msgToSend)=b'128  atmosphere               {"pressure": 0.023893705650187568, "temperature": 52.60505022250206, "density": 0.00025569866962281667}'
DEBUG      2022-06-19 23:46:20,519: Timestep:   nan-{'pressure': 0.023893705650187568, 'temperature': 52.60505022250206, 'density': 0.00025569866962281667}
INFO       2022-06-19 23:46:20,659: topic='atmosphere' sending data='{"pressure": 0.0208815080777336, "temperature": 56.48192035356095, "density": 0.00022083501363880028}' as format_msg_with_header(msgToSend)=b'126  atmosphere               {"pressure": 0.0208815080777336, "temperature": 56.48192035356095, "density": 0.00022083501363880028}'
DEBUG      2022-06-19 23:46:20,659: Timestep:   nan-{'pressure': 0.0208815080777336, 'temperature': 56.48192035356095, 'density': 0.00022083501363880028}
INFO       2022-06-19 23:46:20,822: topic='atmosphere' sending data='{"pressure": 0.018237908922126612, "temperature": 60.42281845903568, "density": 0.0001905982646372596}' as format_msg_with_header(msgToSend)=b'127  atmosphere               {"pressure": 0.018237908922126612, "temperature": 60.42281845903568, "density": 0.0001905982646372596}'
DEBUG      2022-06-19 23:46:20,822: Timestep:   nan-{'pressure': 0.018237908922126612, 'temperature': 60.42281845903568, 'density': 0.0001905982646372596}
INFO       2022-06-19 23:46:20,982: topic='atmosphere' sending data='{"pressure": 0.01591950434741871, "temperature": 64.42849258312162, "density": 0.00016439498079873422}' as format_msg_with_header(msgToSend)=b'127  atmosphere               {"pressure": 0.01591950434741871, "temperature": 64.42849258312162, "density": 0.00016439498079873422}'
DEBUG      2022-06-19 23:46:20,982: Timestep:   nan-{'pressure': 0.01591950434741871, 'temperature': 64.42849258312162, 'density': 0.00016439498079873422}
INFO       2022-06-19 23:46:21,134: topic='atmosphere' sending data='{"pressure": 0.013887745478099902, "temperature": 68.49970089390871, "density": 0.0001417045249740879}' as format_msg_with_header(msgToSend)=b'127  atmosphere               {"pressure": 0.013887745478099902, "temperature": 68.49970089390871, "density": 0.0001417045249740879}'
DEBUG      2022-06-19 23:46:21,134: Timestep:   nan-{'pressure': 0.013887745478099902, 'temperature': 68.49970089390871, 'density': 0.0001417045249740879}
INFO       2022-06-19 23:46:21,294: topic='atmosphere' sending data='{"pressure": 0.012108433240279196, "temperature": 72.63721208610477, "density": 0.00012207065579733666}' as format_msg_with_header(msgToSend)=b'128  atmosphere               {"pressure": 0.012108433240279196, "temperature": 72.63721208610477, "density": 0.00012207065579733666}'
DEBUG      2022-06-19 23:46:21,294: Timestep:   nan-{'pressure': 0.012108433240279196, 'temperature': 72.63721208610477, 'density': 0.00012207065579733666}
INFO       2022-06-19 23:46:21,438: topic='atmosphere' sending data='{"pressure": 0.010551260248515916, "temperature": 76.84180578325294, "density": 0.00010509400876125224}' as format_msg_with_header(msgToSend)=b'128  atmosphere               {"pressure": 0.010551260248515916, "temperature": 76.84180578325294, "density": 0.00010509400876125224}'
DEBUG      2022-06-19 23:46:21,438: Timestep:   nan-{'pressure': 0.010551260248515916, 'temperature': 76.84180578325294, 'density': 0.00010509400876125224}
INFO       2022-06-19 23:46:21,606: topic='atmosphere' sending data='{"pressure": 0.00918939614993742, "temperature": 81.11427294029141, "density": 9.042538550423116e-05}' as format_msg_with_header(msgToSend)=b'126  atmosphere               {"pressure": 0.00918939614993742, "temperature": 81.11427294029141, "density": 9.042538550423116e-05}'
DEBUG      2022-06-19 23:46:21,606: Timestep:   nan-{'pressure': 0.00918939614993742, 'temperature': 81.11427294029141, 'density': 9.042538550423116e-05}
INFO       2022-06-19 23:46:21,753: topic='atmosphere' sending data='{"pressure": 0.007999112996228635, "temperature": 85.45541624732459, "density": 7.775977517257186e-05}' as format_msg_with_header(msgToSend)=b'127  atmosphere               {"pressure": 0.007999112996228635, "temperature": 85.45541624732459, "density": 7.775977517257186e-05}'
DEBUG      2022-06-19 23:46:21,753: Timestep:   nan-{'pressure': 0.007999112996228635, 'temperature': 85.45541624732459, 'density': 7.775977517257186e-05}
INFO       2022-06-19 23:46:21,917: topic='atmosphere' sending data='{"pressure": 0.006959447383977101, "temperature": 89.86605053548945, "density": 6.683103724965789e-05}' as format_msg_with_header(msgToSend)=b'127  atmosphere               {"pressure": 0.006959447383977101, "temperature": 89.86605053548945, "density": 6.683103724965789e-05}'
DEBUG      2022-06-19 23:46:21,917: Timestep:   nan-{'pressure': 0.006959447383977101, 'temperature': 89.86605053548945, 'density': 6.683103724965789e-05}
INFO       2022-06-19 23:46:22,071: topic='atmosphere' sending data='{"pressure": 0.006051896281022053, "temperature": 94.34700318581648, "density": 5.7407180628181155e-05}' as format_msg_with_header(msgToSend)=b'128  atmosphere               {"pressure": 0.006051896281022053, "temperature": 94.34700318581648, "density": 5.7407180628181155e-05}'
DEBUG      2022-06-19 23:46:22,071: Timestep:   nan-{'pressure': 0.006051896281022053, 'temperature': 94.34700318581648, 'density': 5.7407180628181155e-05}
INFO       2022-06-19 23:46:22,218: topic='atmosphere' sending data='{"pressure": 0.005260143637660274, "temperature": 98.89911454199336, "density": 4.9286178899936696e-05}' as format_msg_with_header(msgToSend)=b'128  atmosphere               {"pressure": 0.005260143637660274, "temperature": 98.89911454199336, "density": 4.9286178899936696e-05}'
DEBUG      2022-06-19 23:46:22,218: Timestep:   nan-{'pressure': 0.005260143637660274, 'temperature': 98.89911454199336, 'density': 4.9286178899936696e-05}
INFO       2022-06-19 23:46:22,357: topic='atmosphere' sending data='{"pressure": 0.004569815064021312, "temperature": 103.52323832795085, "density": 4.229226681624427e-05}' as format_msg_with_header(msgToSend)=b'128  atmosphere               {"pressure": 0.004569815064021312, "temperature": 103.52323832795085, "density": 4.229226681624427e-05}'
DEBUG      2022-06-19 23:46:22,357: Timestep:   nan-{'pressure': 0.004569815064021312, 'temperature': 103.52323832795085, 'density': 4.229226681624427e-05}
INFO       2022-06-19 23:46:22,480: topic='atmosphere' sending data='{"pressure": 0.003968258036278427, "temperature": 108.22024207119642, "density": 3.6272667605893874e-05}' as format_msg_with_header(msgToSend)=b'129  atmosphere               {"pressure": 0.003968258036278427, "temperature": 108.22024207119642, "density": 3.6272667605893874e-05}'
DEBUG      2022-06-19 23:46:22,480: Timestep:   nan-{'pressure': 0.003968258036278427, 'temperature': 108.22024207119642, 'density': 3.6272667605893874e-05}
INFO       2022-06-19 23:46:22,629: topic='atmosphere' sending data='{"pressure": 0.003444345272637809, "temperature": 112.99100753283136, "density": 3.109470530957271e-05}' as format_msg_with_header(msgToSend)=b'128  atmosphere               {"pressure": 0.003444345272637809, "temperature": 112.99100753283136, "density": 3.109470530957271e-05}'
DEBUG      2022-06-19 23:46:22,629: Timestep:   nan-{'pressure': 0.003444345272637809, 'temperature': 112.99100753283136, 'density': 3.109470530957271e-05}
INFO       2022-06-19 23:46:22,756: topic='atmosphere' sending data='{"pressure": 0.002988299093640101, "temperature": 117.83643114519245, "density": 2.6643260489624027e-05}' as format_msg_with_header(msgToSend)=b'129  atmosphere               {"pressure": 0.002988299093640101, "temperature": 117.83643114519245, "density": 2.6643260489624027e-05}'
DEBUG      2022-06-19 23:46:22,756: Timestep:   nan-{'pressure': 0.002988299093640101, 'temperature': 117.83643114519245, 'density': 2.6643260489624027e-05}
INFO       2022-06-19 23:46:22,905: topic='atmosphere' sending data='{"pressure": 0.0025915347489357905, "temperature": 122.75742445807037, "density": 2.2818531597019995e-05}' as format_msg_with_header(msgToSend)=b'130  atmosphere               {"pressure": 0.0025915347489357905, "temperature": 122.75742445807037, "density": 2.2818531597019995e-05}'
DEBUG      2022-06-19 23:46:22,905: Timestep:   nan-{'pressure': 0.0025915347489357905, 'temperature': 122.75742445807037, 'density': 2.2818531597019995e-05}
INFO       2022-06-19 23:46:23,023: topic='atmosphere' sending data='{"pressure": 0.0022465208533730026, "temperature": 127.75491459446422, "density": 1.953406792365515e-05}' as format_msg_with_header(msgToSend)=b'129  atmosphere               {"pressure": 0.0022465208533730026, "temperature": 127.75491459446422, "density": 1.953406792365515e-05}'
DEBUG      2022-06-19 23:46:23,023: Timestep:   nan-{'pressure': 0.0022465208533730026, 'temperature': 127.75491459446422, 'density': 1.953406792365515e-05}
INFO       2022-06-19 23:46:23,191: topic='atmosphere' sending data='{"pressure": 0.0019466552282389063, "temperature": 132.82984471684418, "density": 1.6715043441475228e-05}' as format_msg_with_header(msgToSend)=b'130  atmosphere               {"pressure": 0.0019466552282389063, "temperature": 132.82984471684418, "density": 1.6715043441475228e-05}'
DEBUG      2022-06-19 23:46:23,191: Timestep:   nan-{'pressure': 0.0019466552282389063, 'temperature': 132.82984471684418, 'density': 1.6715043441475228e-05}
INFO       2022-06-19 23:46:23,344: topic='atmosphere' sending data='{"pressure": 0.0016861545883245649, "temperature": 137.98317450490643, "density": 1.4296743937646856e-05}' as format_msg_with_header(msgToSend)=b'130  atmosphere               {"pressure": 0.0016861545883245649, "temperature": 137.98317450490643, "density": 1.4296743937646856e-05}'
DEBUG      2022-06-19 23:46:23,344: Timestep:   nan-{'pressure': 0.0016861545883245649, 'temperature': 137.98317450490643, 'density': 1.4296743937646856e-05}
INFO       2022-06-19 23:46:23,504: topic='atmosphere' sending data='{"pressure": 0.0014599566518360796, "temperature": 143.2158806458199, "density": 1.2223242706518094e-05}' as format_msg_with_header(msgToSend)=b'129  atmosphere               {"pressure": 0.0014599566518360796, "temperature": 143.2158806458199, "density": 1.2223242706518094e-05}'
DEBUG      2022-06-19 23:46:23,504: Timestep:   nan-{'pressure': 0.0014599566518360796, 'temperature': 143.2158806458199, 'density': 1.2223242706518094e-05}
INFO       2022-06-19 23:46:23,612: topic='atmosphere' sending data='{"pressure": 0.0012636333779143319, "temperature": 148.52895733798275, "density": 1.0446242665908041e-05}' as format_msg_with_header(msgToSend)=b'130  atmosphere               {"pressure": 0.0012636333779143319, "temperature": 148.52895733798275, "density": 1.0446242665908041e-05}'
DEBUG      2022-06-19 23:46:23,612: Timestep:   nan-{'pressure': 0.0012636333779143319, 'temperature': 148.52895733798275, 'density': 1.0446242665908041e-05}
INFO       2022-06-19 23:46:23,752: topic='atmosphere' sending data='{"pressure": 0.0010933141556542867, "temperature": 153.92341680932546, "density": 8.92406514001954e-06}' as format_msg_with_header(msgToSend)=b'128  atmosphere               {"pressure": 0.0010933141556542867, "temperature": 153.92341680932546, "density": 8.92406514001954e-06}'
DEBUG      2022-06-19 23:46:23,752: Timestep:   nan-{'pressure': 0.0010933141556542867, 'temperature': 153.92341680932546, 'density': 8.92406514001954e-06}
INFO       2022-06-19 23:46:23,908: topic='atmosphere' sending data='{"pressure": 0.0009456178791474101, "temperature": 159.40028985122441, "density": 7.620767707563197e-06}' as format_msg_with_header(msgToSend)=b'129  atmosphere               {"pressure": 0.0009456178791474101, "temperature": 159.40028985122441, "density": 7.620767707563197e-06}'
DEBUG      2022-06-19 23:46:23,908: Timestep:   nan-{'pressure': 0.0009456178791474101, 'temperature': 159.40028985122441, 'density': 7.620767707563197e-06}
INFO       2022-06-19 23:46:24,068: topic='atmosphere' sending data='{"pressure": 0.0008175929454157674, "temperature": 164.96062636911304, "density": 6.505375465589991e-06}' as format_msg_with_header(msgToSend)=b'129  atmosphere               {"pressure": 0.0008175929454157674, "temperature": 164.96062636911304, "density": 6.505375465589991e-06}'
DEBUG      2022-06-19 23:46:24,068: Timestep:   nan-{'pressure': 0.0008175929454157674, 'temperature': 164.96062636911304, 'density': 6.505375465589991e-06}
INFO       2022-06-19 23:46:24,220: topic='atmosphere' sending data='{"pressure": 0.0007066643064418624, "temperature": 170.60549595091382, "density": 5.551211821281344e-06}' as format_msg_with_header(msgToSend)=b'129  atmosphere               {"pressure": 0.0007066643064418624, "temperature": 170.60549595091382, "density": 5.551211821281344e-06}'
DEBUG      2022-06-19 23:46:24,220: Timestep:   nan-{'pressure': 0.0007066643064418624, 'temperature': 170.60549595091382, 'density': 5.551211821281344e-06}
INFO       2022-06-19 23:46:24,355: topic='atmosphere' sending data='{"pressure": 0.0006105867931594933, "temperature": 176.3359884544452, "density": 4.735316509707532e-06}' as format_msg_with_header(msgToSend)=b'128  atmosphere               {"pressure": 0.0006105867931594933, "temperature": 176.3359884544452, "density": 4.735316509707532e-06}'
DEBUG      2022-06-19 23:46:24,355: Timestep:   nan-{'pressure': 0.0006105867931594933, 'temperature': 176.3359884544452, 'density': 4.735316509707532e-06}
INFO       2022-06-19 23:46:24,481: topic='atmosphere' sending data='{"pressure": 0.0005274040086301284, "temperature": 182.15321461499988, "density": 4.0379399591953365e-06}' as format_msg_with_header(msgToSend)=b'130  atmosphere               {"pressure": 0.0005274040086301284, "temperature": 182.15321461499988, "density": 4.0379399591953365e-06}'
DEBUG      2022-06-19 23:46:24,481: Timestep:   nan-{'pressure': 0.0005274040086301284, 'temperature': 182.15321461499988, 'density': 4.0379399591953365e-06}
INFO       2022-06-19 23:46:24,629: topic='atmosphere' sending data='{"pressure": 0.000455412160087542, "temperature": 188.05830667433563, "density": 3.4421044008738177e-06}' as format_msg_with_header(msgToSend)=b'129  atmosphere               {"pressure": 0.000455412160087542, "temperature": 188.05830667433563, "density": 3.4421044008738177e-06}'
DEBUG      2022-06-19 23:46:24,629: Timestep:   nan-{'pressure': 0.000455412160087542, 'temperature': 188.05830667433563, 'density': 3.4421044008738177e-06}
INFO       2022-06-19 23:46:24,802: topic='atmosphere' sending data='{"pressure": 0.00039312826550663287, "temperature": 194.05241903236586, "density": 2.93322325804965e-06}' as format_msg_with_header(msgToSend)=b'129  atmosphere               {"pressure": 0.00039312826550663287, "temperature": 194.05241903236586, "density": 2.93322325804965e-06}'
DEBUG      2022-06-19 23:46:24,802: Timestep:   nan-{'pressure': 0.00039312826550663287, 'temperature': 194.05241903236586, 'density': 2.93322325804965e-06}
INFO       2022-06-19 23:46:24,946: topic='atmosphere' sending data='{"pressure": 0.00033926223026316076, "temperature": 200.1367289228966, "density": 2.4987713665063137e-06}' as format_msg_with_header(msgToSend)=b'130  atmosphere               {"pressure": 0.00033926223026316076, "temperature": 200.1367289228966, "density": 2.4987713665063137e-06}'
DEBUG      2022-06-19 23:46:24,946: Timestep:   nan-{'pressure': 0.00033926223026316076, 'temperature': 200.1367289228966, 'density': 2.4987713665063137e-06}
INFO       2022-06-19 23:46:25,094: topic='atmosphere' sending data='{"pressure": 0.00029269234372243387, "temperature": 206.31243711481235, "density": 2.1279994801300136e-06}' as format_msg_with_header(msgToSend)=b'131  atmosphere               {"pressure": 0.00029269234372243387, "temperature": 206.31243711481235, "density": 2.1279994801300136e-06}'
DEBUG      2022-06-19 23:46:25,094: Timestep:   nan-{'pressure': 0.00029269234372243387, 'temperature': 206.31243711481235, 'density': 2.1279994801300136e-06}
INFO       2022-06-19 23:46:25,246: topic='atmosphere' sending data='{"pressure": 0.0002524437946421586, "temperature": 212.5807686401823, "density": 1.8116873181962403e-06}' as format_msg_with_header(msgToSend)=b'129  atmosphere               {"pressure": 0.0002524437946421586, "temperature": 212.5807686401823, "density": 1.8116873181962403e-06}'
DEBUG      2022-06-19 23:46:25,246: Timestep:   nan-{'pressure': 0.0002524437946421586, 'temperature': 212.5807686401823, 'density': 1.8116873181962403e-06}
INFO       2022-06-19 23:46:25,408: topic='atmosphere' sending data='{"pressure": 0.00021766984850257322, "temperature": 218.9429735508298, "density": 1.541930121213194e-06}' as format_msg_with_header(msgToSend)=b'129  atmosphere               {"pressure": 0.00021766984850257322, "temperature": 218.9429735508298, "density": 1.541930121213194e-06}'
DEBUG      2022-06-19 23:46:25,408: Timestep:   nan-{'pressure': 0.00021766984850257322, 'temperature': 218.9429735508298, 'density': 1.541930121213194e-06}
INFO       2022-06-19 23:46:25,573: topic='atmosphere' sending data='{"pressure": 0.00018763536967513348, "temperature": 225.40032770498757, "density": 1.311954310663445e-06}' as format_msg_with_header(msgToSend)=b'130  atmosphere               {"pressure": 0.00018763536967513348, "temperature": 225.40032770498757, "density": 1.311954310663445e-06}'
DEBUG      2022-06-19 23:46:25,573: Timestep:   nan-{'pressure': 0.00018763536967513348, 'temperature': 225.40032770498757, 'density': 1.311954310663445e-06}
INFO       2022-06-19 23:46:25,747: topic='atmosphere' sending data='{"pressure": 0.00016170240708164062, "temperature": 231.95413358574817, "density": 1.1159584028280796e-06}' as format_msg_with_header(msgToSend)=b'131  atmosphere               {"pressure": 0.00016170240708164062, "temperature": 231.95413358574817, "density": 1.1159584028280796e-06}'
DEBUG      2022-06-19 23:46:25,747: Timestep:   nan-{'pressure': 0.00016170240708164062, 'temperature': 231.95413358574817, 'density': 1.1159584028280796e-06}
INFO       2022-06-19 23:46:25,887: topic='atmosphere' sending data='{"pressure": 0.0001393175940314814, "temperature": 238.6057211531129, "density": 9.489758159158593e-07}' as format_msg_with_header(msgToSend)=b'128  atmosphere               {"pressure": 0.0001393175940314814, "temperature": 238.6057211531129, "density": 9.489758159158593e-07}'
DEBUG      2022-06-19 23:46:25,887: Timestep:   nan-{'pressure': 0.0001393175940314814, 'temperature': 238.6057211531129, 'density': 9.489758159158593e-07}
INFO       2022-06-19 23:46:26,059: topic='atmosphere' sending data='{"pressure": 0.00012000114158773243, "temperature": 245.35644873154646, "density": 8.067566400661228e-07}' as format_msg_with_header(msgToSend)=b'130  atmosphere               {"pressure": 0.00012000114158773243, "temperature": 245.35644873154646, "density": 8.067566400661228e-07}'
DEBUG      2022-06-19 23:46:26,059: Timestep:   nan-{'pressure': 0.00012000114158773243, 'temperature': 245.35644873154646, 'density': 8.067566400661228e-07}
INFO       2022-06-19 23:46:26,195: topic='atmosphere' sending data='{"pressure": 0.00010333723041419337, "temperature": 252.20770393505475, "density": 6.856658179104933e-07}' as format_msg_with_header(msgToSend)=b'130  atmosphere               {"pressure": 0.00010333723041419337, "temperature": 252.20770393505475, "density": 6.856658179104933e-07}'
DEBUG      2022-06-19 23:46:26,195: Timestep:   nan-{'pressure': 0.00010333723041419337, 'temperature': 252.20770393505475, 'density': 6.856658179104933e-07}
INFO       2022-06-19 23:46:26,315: topic='atmosphere' sending data='{"pressure": 8.896562888442869e-05, "temperature": 259.1609046319263, "density": 5.825955151147428e-07}' as format_msg_with_header(msgToSend)=b'128  atmosphere               {"pressure": 8.896562888442869e-05, "temperature": 259.1609046319263, "density": 5.825955151147428e-07}'
DEBUG      2022-06-19 23:46:26,315: Timestep:   nan-{'pressure': 8.896562888442869e-05, 'temperature': 259.1609046319263, 'density': 5.825955151147428e-07}
INFO       2022-06-19 23:46:26,475: topic='atmosphere' sending data='{"pressure": 7.657438555896911e-05, "temperature": 266.2174999514082, "density": 4.948897509574638e-07}' as format_msg_with_header(msgToSend)=b'128  atmosphere               {"pressure": 7.657438555896911e-05, "temperature": 266.2174999514082, "density": 4.948897509574638e-07}'
DEBUG      2022-06-19 23:46:26,475: Timestep:   nan-{'pressure': 7.657438555896911e-05, 'temperature': 266.2174999514082, 'density': 4.948897509574638e-07}
INFO       2022-06-19 23:46:26,635: topic='atmosphere' sending data='{"pressure": 6.58934622054295e-05, "temperature": 273.37897133473257, "density": 4.202796132840566e-07}' as format_msg_with_header(msgToSend)=b'128  atmosphere               {"pressure": 6.58934622054295e-05, "temperature": 273.37897133473257, "density": 4.202796132840566e-07}'
DEBUG      2022-06-19 23:46:26,635: Timestep:   nan-{'pressure': 6.58934622054295e-05, 'temperature': 273.37897133473257, 'density': 4.202796132840566e-07}
